2025-11-09 18:16:48,641 [INFO] Running in GitHub Actions or local environment
2025-11-09 18:16:48,642 [INFO] GitHub Actions detected. Working in: /home/runner/work/forex-ai-models/forex-ai-models
2025-11-09 18:16:48,642 [INFO] ROOT_PATH: /home/runner/work/forex-ai-models/forex-ai-models
2025-11-09 18:16:48,642 [INFO] PICKLE_FOLDER: /home/runner/work/forex-ai-models/forex-ai-models
2025-11-09 18:16:48,642 [INFO] REPO_FOLDER: /home/runner/work/forex-ai-models/forex-ai-models
2025-11-09 18:16:48,642 [INFO] Changed directory to: /home/runner/work/forex-ai-models/forex-ai-models
2025-11-09 18:16:48,646 [INFO] Memory system initialized
2025-11-09 18:16:48,651 [INFO] ======================================================================
2025-11-09 18:16:48,651 [INFO] 🚀 FOREX PIPELINE v8.5.2 - GITHUB ACTIONS COMPATIBLE
2025-11-09 18:16:48,652 [INFO] ======================================================================
2025-11-09 18:16:48,652 [INFO] 
📊 Iteration #11 | Mode: WEEKEND_REPLAY
2025-11-09 18:16:48,652 [INFO] Total Runs: 10 | Days: 1 | Avg/Day: 10.0
2025-11-09 18:16:48,652 [INFO] 
📦 Loading data...
2025-11-09 18:16:48,652 [INFO] Looking for pickle files in: /home/runner/work/forex-ai-models/forex-ai-models
2025-11-09 18:16:48,652 [INFO]   EUR/USD: Found 22 files
2025-11-09 18:16:48,656 [INFO]     ✅ Loaded EUR_USD_15m_60d_indicators.pkl (1303 rows)
2025-11-09 18:16:49,532 [WARNING]     Skipping EUR_USD_15m_60d_rf.pkl: Invalid data
2025-11-09 18:16:49,533 [WARNING]     Skipping EUR_USD_15m_60d_rf_hist.pkl: Invalid data
2025-11-09 18:16:49,533 [WARNING]     Skipping EUR_USD_15m_60d_sgd.pkl: Invalid data
2025-11-09 18:16:49,537 [INFO]     ✅ Loaded EUR_USD_1d_5y_indicators.pkl (1303 rows)
2025-11-09 18:16:49,538 [WARNING]     Skipping EUR_USD_1d_5y_rf.pkl: Invalid data
2025-11-09 18:16:49,539 [WARNING]     Skipping EUR_USD_1d_5y_rf_hist.pkl: Invalid data
2025-11-09 18:16:49,539 [WARNING]     Skipping EUR_USD_1d_5y_sgd.pkl: Invalid data
2025-11-09 18:16:49,541 [INFO]     ✅ Loaded EUR_USD_1h_2y_indicators.pkl (1303 rows)
2025-11-09 18:16:49,543 [WARNING]     Skipping EUR_USD_1h_2y_rf.pkl: Invalid data
2025-11-09 18:16:49,544 [WARNING]     Skipping EUR_USD_1h_2y_rf_hist.pkl: Invalid data
2025-11-09 18:16:49,544 [WARNING]     Skipping EUR_USD_1h_2y_sgd.pkl: Invalid data
2025-11-09 18:16:49,547 [INFO]     ✅ Loaded EUR_USD_1m_7d_indicators.pkl (1303 rows)
2025-11-09 18:16:49,549 [WARNING]     Skipping EUR_USD_1m_7d_rf.pkl: Invalid data
2025-11-09 18:16:49,549 [WARNING]     Skipping EUR_USD_1m_7d_rf_hist.pkl: Invalid data
2025-11-09 18:16:49,550 [WARNING]     Skipping EUR_USD_1m_7d_sgd.pkl: Invalid data
2025-11-09 18:16:49,554 [INFO]     ✅ Loaded EUR_USD_2244.pkl (5000 rows)
2025-11-09 18:16:49,557 [INFO]     ✅ Loaded EUR_USD_5m_1mo_indicators.pkl (1303 rows)
2025-11-09 18:16:49,559 [WARNING]     Skipping EUR_USD_5m_1mo_rf.pkl: Invalid data
2025-11-09 18:16:49,560 [WARNING]     Skipping EUR_USD_5m_1mo_rf_hist.pkl: Invalid data
2025-11-09 18:16:49,560 [WARNING]     Skipping EUR_USD_5m_1mo_sgd.pkl: Invalid data
2025-11-09 18:16:49,565 [INFO]     ✅ Loaded EUR_USD_indicators.pkl (5000 rows)
2025-11-09 18:16:49,565 [INFO]   GBP/USD: Found 22 files
2025-11-09 18:16:49,568 [INFO]     ✅ Loaded GBP_USD_15m_60d_indicators.pkl (1303 rows)
2025-11-09 18:16:49,570 [WARNING]     Skipping GBP_USD_15m_60d_rf.pkl: Invalid data
2025-11-09 18:16:49,570 [WARNING]     Skipping GBP_USD_15m_60d_rf_hist.pkl: Invalid data
2025-11-09 18:16:49,571 [WARNING]     Skipping GBP_USD_15m_60d_sgd.pkl: Invalid data
2025-11-09 18:16:49,573 [INFO]     ✅ Loaded GBP_USD_1d_5y_indicators.pkl (1303 rows)
2025-11-09 18:16:49,574 [WARNING]     Skipping GBP_USD_1d_5y_rf.pkl: Invalid data
2025-11-09 18:16:49,575 [WARNING]     Skipping GBP_USD_1d_5y_rf_hist.pkl: Invalid data
2025-11-09 18:16:49,575 [WARNING]     Skipping GBP_USD_1d_5y_sgd.pkl: Invalid data
2025-11-09 18:16:49,577 [INFO]     ✅ Loaded GBP_USD_1h_2y_indicators.pkl (1303 rows)
2025-11-09 18:16:49,579 [WARNING]     Skipping GBP_USD_1h_2y_rf.pkl: Invalid data
2025-11-09 18:16:49,579 [WARNING]     Skipping GBP_USD_1h_2y_rf_hist.pkl: Invalid data
2025-11-09 18:16:49,579 [WARNING]     Skipping GBP_USD_1h_2y_sgd.pkl: Invalid data
2025-11-09 18:16:49,585 [INFO]     ✅ Loaded GBP_USD_1m_7d_indicators.pkl (5571 rows)
2025-11-09 18:16:49,586 [WARNING]     Skipping GBP_USD_1m_7d_rf.pkl: Invalid data
2025-11-09 18:16:49,587 [WARNING]     Skipping GBP_USD_1m_7d_rf_hist.pkl: Invalid data
2025-11-09 18:16:49,587 [WARNING]     Skipping GBP_USD_1m_7d_sgd.pkl: Invalid data
2025-11-09 18:16:49,591 [INFO]     ✅ Loaded GBP_USD_2244.pkl (5000 rows)
2025-11-09 18:16:49,597 [INFO]     ✅ Loaded GBP_USD_5m_1mo_indicators.pkl (5571 rows)
2025-11-09 18:16:49,598 [WARNING]     Skipping GBP_USD_5m_1mo_rf.pkl: Invalid data
2025-11-09 18:16:49,599 [WARNING]     Skipping GBP_USD_5m_1mo_rf_hist.pkl: Invalid data
2025-11-09 18:16:49,599 [WARNING]     Skipping GBP_USD_5m_1mo_sgd.pkl: Invalid data
2025-11-09 18:16:49,604 [INFO]     ✅ Loaded GBP_USD_indicators.pkl (5000 rows)
2025-11-09 18:16:49,604 [INFO]   USD/JPY: Found 22 files
2025-11-09 18:16:49,604 [WARNING]     Skipping USD_JPY_15m_60d_indicators.pkl: Invalid data
2025-11-09 18:16:49,606 [WARNING]     Skipping USD_JPY_15m_60d_rf.pkl: Invalid data
2025-11-09 18:16:49,607 [WARNING]     Skipping USD_JPY_15m_60d_rf_hist.pkl: Invalid data
2025-11-09 18:16:49,607 [WARNING]     Skipping USD_JPY_15m_60d_sgd.pkl: Invalid data
2025-11-09 18:16:49,612 [INFO]     ✅ Loaded USD_JPY_1d_5y_indicators.pkl (5571 rows)
2025-11-09 18:16:49,614 [WARNING]     Skipping USD_JPY_1d_5y_rf.pkl: Invalid data
2025-11-09 18:16:49,614 [WARNING]     Skipping USD_JPY_1d_5y_rf_hist.pkl: Invalid data
2025-11-09 18:16:49,614 [WARNING]     Skipping USD_JPY_1d_5y_sgd.pkl: Invalid data
2025-11-09 18:16:49,620 [INFO]     ✅ Loaded USD_JPY_1h_2y_indicators.pkl (5571 rows)
2025-11-09 18:16:49,622 [WARNING]     Skipping USD_JPY_1h_2y_rf.pkl: Invalid data
2025-11-09 18:16:49,623 [WARNING]     Skipping USD_JPY_1h_2y_rf_hist.pkl: Invalid data
2025-11-09 18:16:49,623 [WARNING]     Skipping USD_JPY_1h_2y_sgd.pkl: Invalid data
2025-11-09 18:16:49,628 [INFO]     ✅ Loaded USD_JPY_1m_7d_indicators.pkl (5571 rows)
2025-11-09 18:16:49,631 [WARNING]     Skipping USD_JPY_1m_7d_rf.pkl: Invalid data
2025-11-09 18:16:49,631 [WARNING]     Skipping USD_JPY_1m_7d_rf_hist.pkl: Invalid data
2025-11-09 18:16:49,631 [WARNING]     Skipping USD_JPY_1m_7d_sgd.pkl: Invalid data
2025-11-09 18:16:49,636 [INFO]     ✅ Loaded USD_JPY_2244.pkl (5000 rows)
2025-11-09 18:16:49,641 [INFO]     ✅ Loaded USD_JPY_5m_1mo_indicators.pkl (5571 rows)
2025-11-09 18:16:49,643 [WARNING]     Skipping USD_JPY_5m_1mo_rf.pkl: Invalid data
2025-11-09 18:16:49,644 [WARNING]     Skipping USD_JPY_5m_1mo_rf_hist.pkl: Invalid data
2025-11-09 18:16:49,644 [WARNING]     Skipping USD_JPY_5m_1mo_sgd.pkl: Invalid data
2025-11-09 18:16:49,648 [INFO]     ✅ Loaded USD_JPY_indicators.pkl (5000 rows)
2025-11-09 18:16:49,649 [INFO]   AUD/USD: Found 22 files
2025-11-09 18:16:49,710 [INFO]     ✅ Loaded AUD_USD_15m_60d_indicators.pkl (9823 rows)
2025-11-09 18:16:49,712 [WARNING]     Skipping AUD_USD_15m_60d_rf.pkl: Invalid data
2025-11-09 18:16:49,713 [WARNING]     Skipping AUD_USD_15m_60d_rf_hist.pkl: Invalid data
2025-11-09 18:16:49,713 [WARNING]     Skipping AUD_USD_15m_60d_sgd.pkl: Invalid data
2025-11-09 18:16:49,718 [INFO]     ✅ Loaded AUD_USD_1d_5y_indicators.pkl (5571 rows)
2025-11-09 18:16:49,719 [WARNING]     Skipping AUD_USD_1d_5y_rf.pkl: Invalid data
2025-11-09 18:16:49,720 [WARNING]     Skipping AUD_USD_1d_5y_rf_hist.pkl: Invalid data
2025-11-09 18:16:49,720 [WARNING]     Skipping AUD_USD_1d_5y_sgd.pkl: Invalid data
2025-11-09 18:16:49,728 [INFO]     ✅ Loaded AUD_USD_1h_2y_indicators.pkl (9823 rows)
2025-11-09 18:16:49,730 [WARNING]     Skipping AUD_USD_1h_2y_rf.pkl: Invalid data
2025-11-09 18:16:49,731 [WARNING]     Skipping AUD_USD_1h_2y_rf_hist.pkl: Invalid data
2025-11-09 18:16:49,731 [WARNING]     Skipping AUD_USD_1h_2y_sgd.pkl: Invalid data
2025-11-09 18:16:49,740 [INFO]     ✅ Loaded AUD_USD_1m_7d_indicators.pkl (9823 rows)
2025-11-09 18:16:49,741 [WARNING]     Skipping AUD_USD_1m_7d_rf.pkl: Invalid data
2025-11-09 18:16:49,742 [WARNING]     Skipping AUD_USD_1m_7d_rf_hist.pkl: Invalid data
2025-11-09 18:16:49,742 [WARNING]     Skipping AUD_USD_1m_7d_sgd.pkl: Invalid data
2025-11-09 18:16:49,746 [INFO]     ✅ Loaded AUD_USD_2244.pkl (5000 rows)
2025-11-09 18:16:49,755 [INFO]     ✅ Loaded AUD_USD_5m_1mo_indicators.pkl (9823 rows)
2025-11-09 18:16:49,757 [WARNING]     Skipping AUD_USD_5m_1mo_rf.pkl: Invalid data
2025-11-09 18:16:49,757 [WARNING]     Skipping AUD_USD_5m_1mo_rf_hist.pkl: Invalid data
2025-11-09 18:16:49,757 [WARNING]     Skipping AUD_USD_5m_1mo_sgd.pkl: Invalid data
2025-11-09 18:16:49,762 [INFO]     ✅ Loaded AUD_USD_indicators.pkl (5000 rows)
2025-11-09 18:16:49,762 [INFO] Successfully loaded 4/4 pairs
2025-11-09 18:16:49,762 [INFO] ✅ Loaded 4 pairs
2025-11-09 18:16:49,763 [INFO] ✅ Total timeframes: 27
2025-11-09 18:16:49,763 [INFO] 
🏆 Running Competition...
2025-11-09 18:16:49,763 [INFO] 🔴 Training Alpha Momentum...
