ℹ️ ======================================================================
✅ 🚀 FOREX PIPELINE v8.5.1 - DETAILED MODE
ℹ️ ======================================================================
ℹ️ 
📊 ITERATION TRACKING
ℹ️ ----------------------------------------------------------------------
ℹ️ Current Iteration: #9
ℹ️ Total Iterations:  9
ℹ️ Days Running:      1
ℹ️ Avg Per Day:       9.00
ℹ️ Timestamp:         2025-11-09 14:59:52 UTC
ℹ️ ----------------------------------------------------------------------

ℹ️ 📦 LOADING DATA
ℹ️ ----------------------------------------------------------------------
ℹ️ Looking for pickle files in: .
ℹ️ Expected pairs: EUR/USD, GBP/USD, USD/JPY, AUD/USD

✅ ✅ Loaded EUR/USD: 5000 rows
✅ ✅ Loaded GBP/USD: 5000 rows
✅ ✅ Loaded USD/JPY: 5000 rows
✅ ✅ Loaded AUD/USD: 5000 rows
✅ 
✅ Successfully loaded 4 currency pairs
ℹ️ 
📈 DATA SUMMARY
ℹ️ ----------------------------------------------------------------------
ℹ️ EUR/USD:
ℹ️   Rows:           5000
ℹ️   Date Range:     2006-09-08 00:00:00 to 2025-11-07 00:00:00
ℹ️   Last Close:     1.15650
ℹ️   Last ATR:       0.00539
ℹ️   Hybrid Signal:  -0.01075
ℹ️ GBP/USD:
ℹ️   Rows:           5000
ℹ️   Date Range:     2006-09-08 00:00:00 to 2025-11-07 00:00:00
ℹ️   Last Close:     1.31570
ℹ️   Last ATR:       0.00854
ℹ️   Hybrid Signal:  -0.02329
ℹ️ USD/JPY:
ℹ️   Rows:           5000
ℹ️   Date Range:     2006-09-08 00:00:00 to 2025-11-07 00:00:00
ℹ️   Last Close:     153.40000
ℹ️   Last ATR:       1.11000
ℹ️   Hybrid Signal:  3.32880
ℹ️ AUD/USD:
ℹ️   Rows:           5000
ℹ️   Date Range:     2006-09-08 00:00:00 to 2025-11-07 00:00:00
ℹ️   Last Close:     0.64910
ℹ️   Last ATR:       0.00481
ℹ️   Hybrid Signal:  -0.00283
ℹ️ ----------------------------------------------------------------------

ℹ️ 🏆 STARTING MODEL COMPETITION
ℹ️ ======================================================================
ℹ️ Number of Models: 3
ℹ️ Models: Alpha Momentum, Beta Conservative, Gamma Adaptive

ℹ️ 
======================================================================
ℹ️ MODEL 1/3: Alpha Momentum 🔴
ℹ️ ======================================================================
ℹ️ 
======================================================================
ℹ️ 🔴 TRAINING: Alpha Momentum
ℹ️ ======================================================================
ℹ️ Population Size: 15
ℹ️ Generations: 20
ℹ️ Mutation Rate: 0.3
ℹ️ ATR SL Range: (1.5, 2.5)
ℹ️ ATR TP Range: (2.0, 3.5)
ℹ️ Risk Range: (0.015, 0.03)
ℹ️ Confidence Range: (0.3, 0.5)
ℹ️ ======================================================================

ℹ️ 🧬 Initializing population with 15 chromosomes...
ℹ️   Created 5/15 chromosomes...
ℹ️   Created 10/15 chromosomes...
ℹ️   Created 15/15 chromosomes...
✅ ✅ Initial population created. Best fitness: 142.1279

ℹ️ 🔄 Starting evolution...
ℹ️ Gen [ 1/20] [█░░░░░░░░░░░░░░░░░░░░░░░░░░░░░]   5.0% | Best Fitness: 142.1279 | Elite: 3 | Offspring: 12
ℹ️ Gen [ 2/20] [███░░░░░░░░░░░░░░░░░░░░░░░░░░░]  10.0% | Best Fitness: 235.7596 ⬆️ +93.6317 | Elite: 3 | Offspring: 12
ℹ️ Gen [ 3/20] [████░░░░░░░░░░░░░░░░░░░░░░░░░░]  15.0% | Best Fitness: 235.7596 ➡️ No change | Elite: 3 | Offspring: 12
ℹ️ Gen [ 4/20] [██████░░░░░░░░░░░░░░░░░░░░░░░░]  20.0% | Best Fitness: 245.1276 ⬆️ +9.3679 | Elite: 3 | Offspring: 12
ℹ️ Gen [ 5/20] [███████░░░░░░░░░░░░░░░░░░░░░░░]  25.0% | Best Fitness: 245.1276 ➡️ No change | Elite: 3 | Offspring: 12
ℹ️ Gen [ 6/20] [█████████░░░░░░░░░░░░░░░░░░░░░]  30.0% | Best Fitness: 245.1276 ➡️ No change | Elite: 3 | Offspring: 12
ℹ️ Gen [ 7/20] [██████████░░░░░░░░░░░░░░░░░░░░]  35.0% | Best Fitness: 245.1276 ➡️ No change | Elite: 3 | Offspring: 12
ℹ️ Gen [ 8/20] [████████████░░░░░░░░░░░░░░░░░░]  40.0% | Best Fitness: 245.1276 ➡️ No change | Elite: 3 | Offspring: 12
ℹ️ Gen [ 9/20] [█████████████░░░░░░░░░░░░░░░░░]  45.0% | Best Fitness: 255.0879 ⬆️ +9.9603 | Elite: 3 | Offspring: 12
ℹ️ Gen [10/20] [███████████████░░░░░░░░░░░░░░░]  50.0% | Best Fitness: 255.0879 ➡️ No change | Elite: 3 | Offspring: 12
ℹ️ Gen [11/20] [████████████████░░░░░░░░░░░░░░]  55.0% | Best Fitness: 262.3470 ⬆️ +7.2591 | Elite: 3 | Offspring: 12
ℹ️ Gen [12/20] [██████████████████░░░░░░░░░░░░]  60.0% | Best Fitness: 262.3470 ➡️ No change | Elite: 3 | Offspring: 12
ℹ️ Gen [13/20] [███████████████████░░░░░░░░░░░]  65.0% | Best Fitness: 284.7108 ⬆️ +22.3637 | Elite: 3 | Offspring: 12
ℹ️ Gen [14/20] [█████████████████████░░░░░░░░░]  70.0% | Best Fitness: 350.4954 ⬆️ +65.7846 | Elite: 3 | Offspring: 12
ℹ️ Gen [15/20] [██████████████████████░░░░░░░░]  75.0% | Best Fitness: 350.4954 ➡️ No change | Elite: 3 | Offspring: 12
ℹ️ Gen [16/20] [████████████████████████░░░░░░]  80.0% | Best Fitness: 350.4954 ➡️ No change | Elite: 3 | Offspring: 12
ℹ️ Gen [17/20] [█████████████████████████░░░░░]  85.0% | Best Fitness: 350.4954 ➡️ No change | Elite: 3 | Offspring: 12
ℹ️ Gen [18/20] [███████████████████████████░░░]  90.0% | Best Fitness: 350.4954 ➡️ No change | Elite: 3 | Offspring: 12
ℹ️ Gen [19/20] [████████████████████████████░░]  95.0% | Best Fitness: 360.5161 ⬆️ +10.0206 | Elite: 3 | Offspring: 12
ℹ️ Gen [20/20] [██████████████████████████████] 100.0% | Best Fitness: 360.5161 ➡️ No change | Elite: 3 | Offspring: 12
✅ 
======================================================================
✅ 🏆 FINAL RESULTS - Alpha Momentum
✅ ======================================================================
✅ Accuracy:        42.12%
✅ Total PnL:       $356.3043
✅ Total Trades:    406
✅ Winning Trades:  171
✅ Losing Trades:   235
✅ Win Rate:        42.12%
✅ 
Best Parameters:
✅   ATR Stop Loss:  1.2107
✅   ATR Take Profit: 2.1684
✅   Risk Per Trade: 0.1651 (16.51%)
✅   Confidence:     0.3954
✅ ======================================================================

ℹ️ 📡 Generated Signals for Alpha Momentum:
ℹ️ ----------------------------------------------------------------------
ℹ️ ⚪ EUR/USD: HOLD | Price: 1.15650 | SL: 1.15650 | TP: 1.15650 | Score: 1/100
ℹ️ ⚪ GBP/USD: HOLD | Price: 1.31570 | SL: 1.31570 | TP: 1.31570 | Score: 2/100
ℹ️ 🟢 USD/JPY: BUY | Price: 153.40000 | SL: 152.05609 | TP: 155.80694 | Score: 332/100
ℹ️ ⚪ AUD/USD: HOLD | Price: 0.64910 | SL: 0.64910 | TP: 0.64910 | Score: 0/100
ℹ️ ----------------------------------------------------------------------

ℹ️ 
======================================================================
ℹ️ MODEL 2/3: Beta Conservative 🔵
ℹ️ ======================================================================
ℹ️ 
======================================================================
ℹ️ 🔵 TRAINING: Beta Conservative
ℹ️ ======================================================================
ℹ️ Population Size: 12
ℹ️ Generations: 15
ℹ️ Mutation Rate: 0.2
ℹ️ ATR SL Range: (1.0, 1.8)
ℹ️ ATR TP Range: (1.5, 2.5)
ℹ️ Risk Range: (0.005, 0.015)
ℹ️ Confidence Range: (0.5, 0.7)
ℹ️ ======================================================================

ℹ️ 🧬 Initializing population with 12 chromosomes...
ℹ️   Created 5/12 chromosomes...
ℹ️   Created 10/12 chromosomes...
ℹ️   Created 12/12 chromosomes...
✅ ✅ Initial population created. Best fitness: 135.2419

ℹ️ 🔄 Starting evolution...
ℹ️ Gen [ 1/15] [██░░░░░░░░░░░░░░░░░░░░░░░░░░░░]   6.7% | Best Fitness: 210.5473 | Elite: 2 | Offspring: 10
ℹ️ Gen [ 2/15] [████░░░░░░░░░░░░░░░░░░░░░░░░░░]  13.3% | Best Fitness: 210.5473 ➡️ No change | Elite: 2 | Offspring: 10
ℹ️ Gen [ 3/15] [██████░░░░░░░░░░░░░░░░░░░░░░░░]  20.0% | Best Fitness: 307.8895 ⬆️ +97.3422 | Elite: 2 | Offspring: 10
ℹ️ Gen [ 4/15] [████████░░░░░░░░░░░░░░░░░░░░░░]  26.7% | Best Fitness: 376.2091 ⬆️ +68.3196 | Elite: 2 | Offspring: 10
ℹ️ Gen [ 5/15] [██████████░░░░░░░░░░░░░░░░░░░░]  33.3% | Best Fitness: 376.2091 ➡️ No change | Elite: 2 | Offspring: 10
ℹ️ Gen [ 6/15] [████████████░░░░░░░░░░░░░░░░░░]  40.0% | Best Fitness: 376.2091 ➡️ No change | Elite: 2 | Offspring: 10
ℹ️ Gen [ 7/15] [██████████████░░░░░░░░░░░░░░░░]  46.7% | Best Fitness: 405.1836 ⬆️ +28.9745 | Elite: 2 | Offspring: 10
ℹ️ Gen [ 8/15] [████████████████░░░░░░░░░░░░░░]  53.3% | Best Fitness: 418.0909 ⬆️ +12.9073 | Elite: 2 | Offspring: 10
ℹ️ Gen [ 9/15] [██████████████████░░░░░░░░░░░░]  60.0% | Best Fitness: 429.8269 ⬆️ +11.7360 | Elite: 2 | Offspring: 10
ℹ️ Gen [10/15] [████████████████████░░░░░░░░░░]  66.7% | Best Fitness: 429.8269 ➡️ No change | Elite: 2 | Offspring: 10
ℹ️ Gen [11/15] [██████████████████████░░░░░░░░]  73.3% | Best Fitness: 429.8269 ➡️ No change | Elite: 2 | Offspring: 10
ℹ️ Gen [12/15] [████████████████████████░░░░░░]  80.0% | Best Fitness: 429.8269 ➡️ No change | Elite: 2 | Offspring: 10
ℹ️ Gen [13/15] [██████████████████████████░░░░]  86.7% | Best Fitness: 429.8269 ➡️ No change | Elite: 2 | Offspring: 10
ℹ️ Gen [14/15] [████████████████████████████░░]  93.3% | Best Fitness: 429.8269 ➡️ No change | Elite: 2 | Offspring: 10
ℹ️ Gen [15/15] [██████████████████████████████] 100.0% | Best Fitness: 429.8269 ➡️ No change | Elite: 2 | Offspring: 10
✅ 
======================================================================
✅ 🏆 FINAL RESULTS - Beta Conservative
✅ ======================================================================
✅ Accuracy:        39.56%
✅ Total PnL:       $425.8708
✅ Total Trades:    455
✅ Winning Trades:  180
✅ Losing Trades:   275
✅ Win Rate:        39.56%
✅ 
Best Parameters:
✅   ATR Stop Loss:  1.0473
✅   ATR Take Profit: 2.1236
✅   Risk Per Trade: 0.0335 (3.35%)
✅   Confidence:     0.4182
✅ ======================================================================

ℹ️ 📡 Generated Signals for Beta Conservative:
ℹ️ ----------------------------------------------------------------------
ℹ️ ⚪ EUR/USD: HOLD | Price: 1.15650 | SL: 1.15650 | TP: 1.15650 | Score: 1/100
ℹ️ ⚪ GBP/USD: HOLD | Price: 1.31570 | SL: 1.31570 | TP: 1.31570 | Score: 2/100
ℹ️ 🟢 USD/JPY: BUY | Price: 153.40000 | SL: 152.23748 | TP: 155.75724 | Score: 332/100
ℹ️ ⚪ AUD/USD: HOLD | Price: 0.64910 | SL: 0.64910 | TP: 0.64910 | Score: 0/100
ℹ️ ----------------------------------------------------------------------

ℹ️ 
======================================================================
ℹ️ MODEL 3/3: Gamma Adaptive 🟢
ℹ️ ======================================================================
ℹ️ 
======================================================================
ℹ️ 🟢 TRAINING: Gamma Adaptive
ℹ️ ======================================================================
ℹ️ Population Size: 18
ℹ️ Generations: 22
ℹ️ Mutation Rate: 0.25
ℹ️ ATR SL Range: (1.2, 2.2)
ℹ️ ATR TP Range: (1.8, 3.0)
ℹ️ Risk Range: (0.01, 0.025)
ℹ️ Confidence Range: (0.4, 0.6)
ℹ️ ======================================================================

ℹ️ 🧬 Initializing population with 18 chromosomes...
ℹ️   Created 5/18 chromosomes...
ℹ️   Created 10/18 chromosomes...
ℹ️   Created 15/18 chromosomes...
ℹ️   Created 18/18 chromosomes...
✅ ✅ Initial population created. Best fitness: 371.1448

ℹ️ 🔄 Starting evolution...
ℹ️ Gen [ 1/22] [█░░░░░░░░░░░░░░░░░░░░░░░░░░░░░]   4.5% | Best Fitness: 371.1448 | Elite: 3 | Offspring: 15
ℹ️ Gen [ 2/22] [██░░░░░░░░░░░░░░░░░░░░░░░░░░░░]   9.1% | Best Fitness: 371.1448 ➡️ No change | Elite: 3 | Offspring: 15
ℹ️ Gen [ 3/22] [████░░░░░░░░░░░░░░░░░░░░░░░░░░]  13.6% | Best Fitness: 371.1448 ➡️ No change | Elite: 3 | Offspring: 15
ℹ️ Gen [ 4/22] [█████░░░░░░░░░░░░░░░░░░░░░░░░░]  18.2% | Best Fitness: 428.7574 ⬆️ +57.6126 | Elite: 3 | Offspring: 15
ℹ️ Gen [ 5/22] [██████░░░░░░░░░░░░░░░░░░░░░░░░]  22.7% | Best Fitness: 428.7574 ➡️ No change | Elite: 3 | Offspring: 15
ℹ️ Gen [ 6/22] [████████░░░░░░░░░░░░░░░░░░░░░░]  27.3% | Best Fitness: 428.7574 ➡️ No change | Elite: 3 | Offspring: 15
ℹ️ Gen [ 7/22] [█████████░░░░░░░░░░░░░░░░░░░░░]  31.8% | Best Fitness: 437.9687 ⬆️ +9.2113 | Elite: 3 | Offspring: 15
ℹ️ Gen [ 8/22] [██████████░░░░░░░░░░░░░░░░░░░░]  36.4% | Best Fitness: 437.9687 ➡️ No change | Elite: 3 | Offspring: 15
ℹ️ Gen [ 9/22] [████████████░░░░░░░░░░░░░░░░░░]  40.9% | Best Fitness: 501.5678 ⬆️ +63.5991 | Elite: 3 | Offspring: 15
ℹ️ Gen [10/22] [█████████████░░░░░░░░░░░░░░░░░]  45.5% | Best Fitness: 504.3918 ⬆️ +2.8240 | Elite: 3 | Offspring: 15
ℹ️ Gen [11/22] [███████████████░░░░░░░░░░░░░░░]  50.0% | Best Fitness: 504.3918 ➡️ No change | Elite: 3 | Offspring: 15
ℹ️ Gen [12/22] [████████████████░░░░░░░░░░░░░░]  54.5% | Best Fitness: 602.5554 ⬆️ +98.1636 | Elite: 3 | Offspring: 15
ℹ️ Gen [13/22] [█████████████████░░░░░░░░░░░░░]  59.1% | Best Fitness: 602.5554 ➡️ No change | Elite: 3 | Offspring: 15
ℹ️ Gen [14/22] [███████████████████░░░░░░░░░░░]  63.6% | Best Fitness: 602.5554 ➡️ No change | Elite: 3 | Offspring: 15
ℹ️ Gen [15/22] [████████████████████░░░░░░░░░░]  68.2% | Best Fitness: 602.5554 ➡️ No change | Elite: 3 | Offspring: 15
ℹ️ Gen [16/22] [█████████████████████░░░░░░░░░]  72.7% | Best Fitness: 637.2342 ⬆️ +34.6788 | Elite: 3 | Offspring: 15
ℹ️ Gen [17/22] [███████████████████████░░░░░░░]  77.3% | Best Fitness: 637.2342 ➡️ No change | Elite: 3 | Offspring: 15
ℹ️ Gen [18/22] [████████████████████████░░░░░░]  81.8% | Best Fitness: 637.2342 ➡️ No change | Elite: 3 | Offspring: 15
ℹ️ Gen [19/22] [█████████████████████████░░░░░]  86.4% | Best Fitness: 637.2342 ➡️ No change | Elite: 3 | Offspring: 15
ℹ️ Gen [20/22] [███████████████████████████░░░]  90.9% | Best Fitness: 637.2342 ➡️ No change | Elite: 3 | Offspring: 15
ℹ️ Gen [21/22] [████████████████████████████░░]  95.5% | Best Fitness: 646.2842 ⬆️ +9.0500 | Elite: 3 | Offspring: 15
ℹ️ Gen [22/22] [██████████████████████████████] 100.0% | Best Fitness: 646.2842 ➡️ No change | Elite: 3 | Offspring: 15
✅ 
======================================================================
✅ 🏆 FINAL RESULTS - Gamma Adaptive
✅ ======================================================================
✅ Accuracy:        34.20%
✅ Total PnL:       $642.8638
✅ Total Trades:    383
✅ Winning Trades:  131
✅ Losing Trades:   252
✅ Win Rate:        34.20%
✅ 
Best Parameters:
✅   ATR Stop Loss:  1.0000
✅   ATR Take Profit: 2.9051
✅   Risk Per Trade: 0.3212 (32.12%)
✅   Confidence:     0.2581
✅ ======================================================================

ℹ️ 📡 Generated Signals for Gamma Adaptive:
ℹ️ ----------------------------------------------------------------------
ℹ️ ⚪ EUR/USD: HOLD | Price: 1.15650 | SL: 1.15650 | TP: 1.15650 | Score: 1/100
ℹ️ ⚪ GBP/USD: HOLD | Price: 1.31570 | SL: 1.31570 | TP: 1.31570 | Score: 2/100
ℹ️ 🟢 USD/JPY: BUY | Price: 153.40000 | SL: 152.29000 | TP: 156.62470 | Score: 332/100
ℹ️ ⚪ AUD/USD: HOLD | Price: 0.64910 | SL: 0.64910 | TP: 0.64910 | Score: 0/100
ℹ️ ----------------------------------------------------------------------

✅ 
======================================================================
✅ 🏆 COMPETITION RESULTS SUMMARY
✅ ======================================================================
✅ 🥇 Gamma Adaptive: $642.86 PnL | 34.2% accuracy | 383 trades | Win rate: 131/383
✅ 🥈 Beta Conservative: $425.87 PnL | 39.6% accuracy | 455 trades | Win rate: 180/455
✅ 🥉 Alpha Momentum: $356.30 PnL | 42.1% accuracy | 406 trades | Win rate: 171/406
✅ ======================================================================

ℹ️ 💾 SAVING SIGNALS
ℹ️ ----------------------------------------------------------------------
ℹ️ Saving to broker_signals.json...
✅ ✅ Saved broker signals
ℹ️ Saving to ensemble_signals.json...
✅ ✅ Saved ensemble signals
✅ ----------------------------------------------------------------------

✅ ======================================================================
✅ ✅ PIPELINE COMPLETED SUCCESSFULLY
✅ ======================================================================
✅ Execution Time: 2025-11-09 15:02:19 UTC
✅ Files Generated: broker_signals.json, ensemble_signals.json
✅ Next Action: Signals ready for broker execution
✅ ======================================================================

