2025-12-12 04:03:43,415 - INFO - ================================================================================
2025-12-12 04:03:43,415 - INFO - 🎯 TRADE BEACON - 4.5 HOUR CYCLE MODE (FREE TIER OPTIMIZED)
2025-12-12 04:03:43,415 - INFO - ================================================================================
2025-12-12 04:03:43,415 - INFO - 📊 Pairs: EUR/USD, GBP/USD, USD/JPY, AUD/USD, USD/CAD, NZD/USD
2025-12-12 04:03:43,415 - INFO - 🎯 Max signals: 5
2025-12-12 04:03:43,416 - INFO - 📈 Min confidence: 72%
2025-12-12 04:03:43,416 - INFO - ⏰ Run Duration: 4.5 hours
2025-12-12 04:03:43,416 - INFO - 📅 Active: Monday-Friday only
2025-12-12 04:03:43,416 - INFO - ================================================================================
2025-12-12 04:03:43,416 - INFO - 🚀 SYSTEM STARTED by dashboard
2025-12-12 04:03:43,416 - INFO - ✅ System AUTO-STARTED in GitHub Actions
2025-12-12 04:03:43,416 - INFO - ⏰ Will run until: 08:33 UTC
2025-12-12 04:03:43,416 - INFO - 📊 Monthly usage: ~360 hours (well within 2,000 min free tier)
2025-12-12 04:03:43,416 - INFO - 📱 Dashboard: signal_state/dashboard_state.json
2025-12-12 04:03:43,967 - INFO - 📅 Fetched 0 economic events
2025-12-12 04:03:58,982 - INFO - 🔍 [270min left] Scanning EUR/USD... (Cycle #1)
2025-12-12 04:03:59,362 - INFO - 📰 Fetched 3 news articles
2025-12-12 04:03:59,364 - INFO - 📥 Fetching 5y data for EUR/USD (symbol: EURUSD=X)...
2025-12-12 04:04:00,148 - INFO - ✅ Fetched 1302 candles for EUR/USD
2025-12-12 04:04:00,357 - INFO - 🎯 SIGNAL: BUY EUR/USD @ 1.17371
2025-12-12 04:04:00,357 - INFO -    Confidence: 89% | R:R 1:1.50 | Strategy: MEAN_REVERSION
2025-12-12 04:04:00,357 - INFO -    SL: 1.16190 (-118.0 pips) | TP: 1.19142 (+177.1 pips)
2025-12-12 04:04:15,375 - INFO - 🔍 [269min left] Scanning GBP/USD... (Cycle #2)
2025-12-12 04:04:15,376 - INFO - 📥 Fetching 5y data for GBP/USD (symbol: GBPUSD=X)...
2025-12-12 04:04:15,787 - INFO - ✅ Fetched 1302 candles for GBP/USD
2025-12-12 04:04:30,813 - INFO - 🔍 [269min left] Scanning USD/JPY... (Cycle #3)
2025-12-12 04:04:30,813 - INFO - 📥 Fetching 5y data for USD/JPY (symbol: USDJPY=X)...
2025-12-12 04:04:31,218 - INFO - ✅ Fetched 1302 candles for USD/JPY
2025-12-12 04:04:31,476 - INFO - 🎯 SIGNAL: BUY USD/JPY @ 155.72800
2025-12-12 04:04:31,476 - INFO -    Confidence: 95% | R:R 1:1.50 | Strategy: BREAKOUT
2025-12-12 04:04:31,477 - INFO -    SL: 153.57429 (-215.4 pips) | TP: 158.95857 (+323.1 pips)
2025-12-12 04:04:46,496 - INFO - 🔍 [269min left] Scanning AUD/USD... (Cycle #4)
2025-12-12 04:04:46,496 - INFO - 📥 Fetching 5y data for AUD/USD (symbol: AUDUSD=X)...
2025-12-12 04:04:46,947 - INFO - ✅ Fetched 1302 candles for AUD/USD
2025-12-12 04:04:47,115 - INFO - 🎯 SIGNAL: BUY AUD/USD @ 0.66660
2025-12-12 04:04:47,115 - INFO -    Confidence: 89% | R:R 1:1.50 | Strategy: MEAN_REVERSION
2025-12-12 04:04:47,115 - INFO -    SL: 0.65833 (-82.7 pips) | TP: 0.67901 (+124.1 pips)
2025-12-12 04:05:07,062 - INFO - 📰 Fetched 3 news articles
2025-12-12 04:05:07,063 - INFO - 🔍 [269min left] Scanning USD/CAD... (Cycle #5)
2025-12-12 04:05:07,063 - INFO - 📥 Fetching 5y data for USD/CAD (symbol: USDCAD=X)...
2025-12-12 04:05:07,555 - INFO - ✅ Fetched 1302 candles for USD/CAD
2025-12-12 04:05:07,739 - INFO - 🎯 SIGNAL: SELL USD/CAD @ 1.37771
2025-12-12 04:05:07,739 - INFO -    Confidence: 95% | R:R 1:1.50 | Strategy: MEAN_REVERSION
2025-12-12 04:05:07,739 - INFO -    SL: 1.39135 (-136.4 pips) | TP: 1.35726 (+204.5 pips)
2025-12-12 04:05:17,753 - INFO - 🔍 [268min left] Scanning NZD/USD... (Cycle #6)
2025-12-12 04:05:17,753 - INFO - 📥 Fetching 5y data for NZD/USD (symbol: NZDUSD=X)...
2025-12-12 04:05:18,145 - INFO - ✅ Fetched 1302 candles for NZD/USD
2025-12-12 04:05:18,321 - INFO - 🎯 SIGNAL: SELL NZD/USD @ 0.58130
2025-12-12 04:05:18,321 - INFO -    Confidence: 92% | R:R 1:1.50 | Strategy: MEAN_REVERSION
2025-12-12 04:05:18,321 - INFO -    SL: 0.58963 (-83.3 pips) | TP: 0.56880 (+125.0 pips)
2025-12-12 04:10:09,732 - INFO - 📰 Fetched 3 news articles
2025-12-12 04:15:02,102 - INFO - 📰 Fetched 3 news articles
2025-12-12 04:15:07,743 - INFO - 📰 Fetched 3 news articles
2025-12-12 04:20:03,149 - INFO - 📰 Fetched 3 news articles
2025-12-12 04:25:00,892 - INFO - 📰 Fetched 3 news articles
2025-12-12 04:25:09,322 - INFO - 📰 Fetched 3 news articles
2025-12-12 04:30:05,433 - INFO - 📰 Fetched 3 news articles
2025-12-12 04:35:05,324 - INFO - 📰 Fetched 3 news articles
2025-12-12 04:40:06,363 - INFO - 📰 Fetched 3 news articles
2025-12-12 04:45:05,957 - INFO - 📰 Fetched 3 news articles
2025-12-12 04:50:04,302 - INFO - 📰 Fetched 3 news articles
2025-12-12 04:50:09,964 - INFO - 📰 Fetched 3 news articles
2025-12-12 04:55:04,308 - INFO - 📰 Fetched 3 news articles
2025-12-12 04:55:09,630 - INFO - 📰 Fetched 3 news articles
2025-12-12 05:00:11,782 - ERROR - News fetch error: HTTPSConnectionPool(host='api.marketaux.com', port=443): Read timed out. (read timeout=10)
2025-12-12 05:03:46,826 - INFO - ⏰ Running for 1.0hrs | 210min remaining | Signals: 5
2025-12-12 05:03:47,623 - INFO - 📅 Fetched 0 economic events
2025-12-12 05:03:52,631 - INFO - ⏰ Running for 1.0hrs | 210min remaining | Signals: 5
2025-12-12 05:03:57,638 - INFO - ⏰ Running for 1.0hrs | 210min remaining | Signals: 5
2025-12-12 05:04:02,778 - INFO - ⏰ Running for 1.0hrs | 210min remaining | Signals: 5
2025-12-12 05:04:07,785 - INFO - ⏰ Running for 1.0hrs | 210min remaining | Signals: 5
2025-12-12 05:04:12,793 - INFO - ⏰ Running for 1.0hrs | 210min remaining | Signals: 5
2025-12-12 05:04:17,800 - INFO - ⏰ Running for 1.0hrs | 209min remaining | Signals: 5
2025-12-12 05:04:22,807 - INFO - ⏰ Running for 1.0hrs | 209min remaining | Signals: 5
2025-12-12 05:04:27,815 - INFO - ⏰ Running for 1.0hrs | 209min remaining | Signals: 5
2025-12-12 05:04:32,960 - INFO - ⏰ Running for 1.0hrs | 209min remaining | Signals: 5
2025-12-12 05:04:37,968 - INFO - ⏰ Running for 1.0hrs | 209min remaining | Signals: 5
2025-12-12 05:04:42,975 - INFO - ⏰ Running for 1.0hrs | 209min remaining | Signals: 5
2025-12-12 05:04:50,179 - INFO - ⏰ Running for 1.0hrs | 209min remaining | Signals: 5
2025-12-12 05:04:55,438 - INFO - ⏰ Running for 1.0hrs | 209min remaining | Signals: 5
2025-12-12 05:05:00,445 - INFO - ⏰ Running for 1.0hrs | 209min remaining | Signals: 5
2025-12-12 05:05:00,828 - INFO - 📰 Fetched 3 news articles
2025-12-12 05:05:05,836 - INFO - ⏰ Running for 1.0hrs | 209min remaining | Signals: 5
2025-12-12 05:05:06,912 - INFO - 📰 Fetched 3 news articles
2025-12-12 05:05:11,917 - INFO - ⏰ Running for 1.0hrs | 209min remaining | Signals: 5
2025-12-12 05:05:16,925 - INFO - ⏰ Running for 1.0hrs | 208min remaining | Signals: 5
2025-12-12 05:05:21,931 - INFO - ⏰ Running for 1.0hrs | 208min remaining | Signals: 5
2025-12-12 05:05:26,938 - INFO - ⏰ Running for 1.0hrs | 208min remaining | Signals: 5
2025-12-12 05:05:31,945 - INFO - ⏰ Running for 1.0hrs | 208min remaining | Signals: 5
2025-12-12 05:05:37,040 - INFO - ⏰ Running for 1.0hrs | 208min remaining | Signals: 5
2025-12-12 05:05:42,047 - INFO - ⏰ Running for 1.0hrs | 208min remaining | Signals: 5
2025-12-12 05:05:47,054 - INFO - ⏰ Running for 1.0hrs | 208min remaining | Signals: 5
2025-12-12 05:05:52,202 - INFO - ⏰ Running for 1.0hrs | 208min remaining | Signals: 5
2025-12-12 05:05:59,680 - INFO - ⏰ Running for 1.0hrs | 208min remaining | Signals: 5
2025-12-12 05:06:04,687 - INFO - ⏰ Running for 1.0hrs | 208min remaining | Signals: 5
2025-12-12 05:06:09,824 - INFO - ⏰ Running for 1.0hrs | 208min remaining | Signals: 5
2025-12-12 05:06:14,831 - INFO - ⏰ Running for 1.0hrs | 207min remaining | Signals: 5
2025-12-12 05:06:19,838 - INFO - ⏰ Running for 1.0hrs | 207min remaining | Signals: 5
2025-12-12 05:06:24,845 - INFO - ⏰ Running for 1.0hrs | 207min remaining | Signals: 5
2025-12-12 05:06:29,852 - INFO - ⏰ Running for 1.0hrs | 207min remaining | Signals: 5
2025-12-12 05:06:34,859 - INFO - ⏰ Running for 1.0hrs | 207min remaining | Signals: 5
2025-12-12 05:06:40,006 - INFO - ⏰ Running for 1.0hrs | 207min remaining | Signals: 5
2025-12-12 05:06:45,011 - INFO - ⏰ Running for 1.1hrs | 207min remaining | Signals: 5
2025-12-12 05:06:50,018 - INFO - ⏰ Running for 1.1hrs | 207min remaining | Signals: 5
2025-12-12 05:06:55,164 - INFO - ⏰ Running for 1.1hrs | 207min remaining | Signals: 5
2025-12-12 05:07:00,449 - INFO - ⏰ Running for 1.1hrs | 207min remaining | Signals: 5
2025-12-12 05:07:05,456 - INFO - ⏰ Running for 1.1hrs | 207min remaining | Signals: 5
2025-12-12 05:07:10,602 - INFO - ⏰ Running for 1.1hrs | 207min remaining | Signals: 5
2025-12-12 05:07:15,610 - INFO - ⏰ Running for 1.1hrs | 206min remaining | Signals: 5
2025-12-12 05:07:20,617 - INFO - ⏰ Running for 1.1hrs | 206min remaining | Signals: 5
2025-12-12 05:07:25,624 - INFO - ⏰ Running for 1.1hrs | 206min remaining | Signals: 5
2025-12-12 05:07:30,631 - INFO - ⏰ Running for 1.1hrs | 206min remaining | Signals: 5
2025-12-12 05:07:35,639 - INFO - ⏰ Running for 1.1hrs | 206min remaining | Signals: 5
2025-12-12 05:07:42,637 - INFO - ⏰ Running for 1.1hrs | 206min remaining | Signals: 5
2025-12-12 05:07:47,644 - INFO - ⏰ Running for 1.1hrs | 206min remaining | Signals: 5
2025-12-12 05:07:52,652 - INFO - ⏰ Running for 1.1hrs | 206min remaining | Signals: 5
2025-12-12 05:07:57,813 - INFO - ⏰ Running for 1.1hrs | 206min remaining | Signals: 5
2025-12-12 05:08:03,301 - INFO - ⏰ Running for 1.1hrs | 206min remaining | Signals: 5
2025-12-12 05:08:08,309 - INFO - ⏰ Running for 1.1hrs | 206min remaining | Signals: 5
2025-12-12 05:08:13,518 - INFO - ⏰ Running for 1.1hrs | 205min remaining | Signals: 5
2025-12-12 05:08:18,525 - INFO - ⏰ Running for 1.1hrs | 205min remaining | Signals: 5
2025-12-12 05:08:23,532 - INFO - ⏰ Running for 1.1hrs | 205min remaining | Signals: 5
2025-12-12 05:08:28,539 - INFO - ⏰ Running for 1.1hrs | 205min remaining | Signals: 5
2025-12-12 05:08:33,546 - INFO - ⏰ Running for 1.1hrs | 205min remaining | Signals: 5
2025-12-12 05:08:38,554 - INFO - ⏰ Running for 1.1hrs | 205min remaining | Signals: 5
2025-12-12 05:10:09,047 - INFO - 📰 Fetched 3 news articles
2025-12-12 05:15:08,346 - INFO - 📰 Fetched 3 news articles
2025-12-12 05:20:04,700 - INFO - 📰 Fetched 3 news articles
2025-12-12 05:25:04,086 - INFO - 📰 Fetched 3 news articles
2025-12-12 05:25:09,453 - INFO - 📰 Fetched 3 news articles
2025-12-12 05:30:09,260 - INFO - 📰 Fetched 3 news articles
2025-12-12 05:35:04,926 - INFO - 📰 Fetched 3 news articles
2025-12-12 05:40:06,008 - INFO - 📰 Fetched 3 news articles
2025-12-12 05:45:06,422 - INFO - 📰 Fetched 3 news articles
2025-12-12 05:50:07,642 - INFO - 📰 Fetched 3 news articles
2025-12-12 05:55:04,620 - INFO - 📰 Fetched 3 news articles
2025-12-12 05:55:10,052 - INFO - 📰 Fetched 3 news articles
2025-12-12 06:00:13,672 - ERROR - News fetch error: HTTPSConnectionPool(host='api.marketaux.com', port=443): Read timed out. (read timeout=10)
2025-12-12 06:03:45,222 - INFO - ⏰ Running for 2.0hrs | 150min remaining | Signals: 5
2025-12-12 06:03:50,229 - INFO - ⏰ Running for 2.0hrs | 150min remaining | Signals: 5
2025-12-12 06:03:53,197 - INFO - 📅 Fetched 0 economic events
2025-12-12 06:03:58,205 - INFO - ⏰ Running for 2.0hrs | 150min remaining | Signals: 5
2025-12-12 06:04:03,212 - INFO - ⏰ Running for 2.0hrs | 150min remaining | Signals: 5
2025-12-12 06:04:08,219 - INFO - ⏰ Running for 2.0hrs | 150min remaining | Signals: 5
2025-12-12 06:04:13,227 - INFO - ⏰ Running for 2.0hrs | 150min remaining | Signals: 5
2025-12-12 06:04:18,234 - INFO - ⏰ Running for 2.0hrs | 149min remaining | Signals: 5
2025-12-12 06:04:23,241 - INFO - ⏰ Running for 2.0hrs | 149min remaining | Signals: 5
2025-12-12 06:04:28,249 - INFO - ⏰ Running for 2.0hrs | 149min remaining | Signals: 5
2025-12-12 06:04:33,256 - INFO - ⏰ Running for 2.0hrs | 149min remaining | Signals: 5
2025-12-12 06:04:38,945 - INFO - ⏰ Running for 2.0hrs | 149min remaining | Signals: 5
2025-12-12 06:04:44,093 - INFO - ⏰ Running for 2.0hrs | 149min remaining | Signals: 5
2025-12-12 06:04:49,101 - INFO - ⏰ Running for 2.0hrs | 149min remaining | Signals: 5
2025-12-12 06:04:54,108 - INFO - ⏰ Running for 2.0hrs | 149min remaining | Signals: 5
2025-12-12 06:05:04,602 - INFO - ⏰ Running for 2.0hrs | 149min remaining | Signals: 5
2025-12-12 06:05:05,502 - INFO - 📰 Fetched 3 news articles
2025-12-12 06:05:10,510 - INFO - ⏰ Running for 2.0hrs | 149min remaining | Signals: 5
2025-12-12 06:05:15,518 - INFO - ⏰ Running for 2.0hrs | 148min remaining | Signals: 5
2025-12-12 06:05:20,525 - INFO - ⏰ Running for 2.0hrs | 148min remaining | Signals: 5
2025-12-12 06:05:25,528 - INFO - ⏰ Running for 2.0hrs | 148min remaining | Signals: 5
2025-12-12 06:05:30,535 - INFO - ⏰ Running for 2.0hrs | 148min remaining | Signals: 5
2025-12-12 06:05:35,542 - INFO - ⏰ Running for 2.0hrs | 148min remaining | Signals: 5
2025-12-12 06:05:41,284 - INFO - ⏰ Running for 2.0hrs | 148min remaining | Signals: 5
2025-12-12 06:05:46,439 - INFO - ⏰ Running for 2.0hrs | 148min remaining | Signals: 5
2025-12-12 06:05:51,443 - INFO - ⏰ Running for 2.0hrs | 148min remaining | Signals: 5
2025-12-12 06:05:56,450 - INFO - ⏰ Running for 2.0hrs | 148min remaining | Signals: 5
2025-12-12 06:06:01,457 - INFO - ⏰ Running for 2.0hrs | 148min remaining | Signals: 5
2025-12-12 06:06:09,833 - INFO - ⏰ Running for 2.0hrs | 148min remaining | Signals: 5
2025-12-12 06:06:14,840 - INFO - ⏰ Running for 2.0hrs | 147min remaining | Signals: 5
2025-12-12 06:06:19,848 - INFO - ⏰ Running for 2.0hrs | 147min remaining | Signals: 5
2025-12-12 06:06:24,855 - INFO - ⏰ Running for 2.0hrs | 147min remaining | Signals: 5
2025-12-12 06:06:29,863 - INFO - ⏰ Running for 2.0hrs | 147min remaining | Signals: 5
2025-12-12 06:06:34,870 - INFO - ⏰ Running for 2.0hrs | 147min remaining | Signals: 5
2025-12-12 06:06:39,877 - INFO - ⏰ Running for 2.0hrs | 147min remaining | Signals: 5
2025-12-12 06:06:45,614 - INFO - ⏰ Running for 2.1hrs | 147min remaining | Signals: 5
2025-12-12 06:06:50,761 - INFO - ⏰ Running for 2.1hrs | 147min remaining | Signals: 5
2025-12-12 06:06:55,768 - INFO - ⏰ Running for 2.1hrs | 147min remaining | Signals: 5
2025-12-12 06:07:00,776 - INFO - ⏰ Running for 2.1hrs | 147min remaining | Signals: 5
2025-12-12 06:07:05,783 - INFO - ⏰ Running for 2.1hrs | 147min remaining | Signals: 5
2025-12-12 06:07:13,180 - INFO - ⏰ Running for 2.1hrs | 147min remaining | Signals: 5
2025-12-12 06:07:18,187 - INFO - ⏰ Running for 2.1hrs | 146min remaining | Signals: 5
2025-12-12 06:07:23,194 - INFO - ⏰ Running for 2.1hrs | 146min remaining | Signals: 5
2025-12-12 06:07:28,202 - INFO - ⏰ Running for 2.1hrs | 146min remaining | Signals: 5
2025-12-12 06:07:33,209 - INFO - ⏰ Running for 2.1hrs | 146min remaining | Signals: 5
2025-12-12 06:07:38,216 - INFO - ⏰ Running for 2.1hrs | 146min remaining | Signals: 5
2025-12-12 06:07:43,223 - INFO - ⏰ Running for 2.1hrs | 146min remaining | Signals: 5
2025-12-12 06:07:48,918 - INFO - ⏰ Running for 2.1hrs | 146min remaining | Signals: 5
2025-12-12 06:07:54,070 - INFO - ⏰ Running for 2.1hrs | 146min remaining | Signals: 5
2025-12-12 06:07:59,077 - INFO - ⏰ Running for 2.1hrs | 146min remaining | Signals: 5
2025-12-12 06:08:04,085 - INFO - ⏰ Running for 2.1hrs | 146min remaining | Signals: 5
2025-12-12 06:08:09,092 - INFO - ⏰ Running for 2.1hrs | 146min remaining | Signals: 5
2025-12-12 06:08:16,146 - INFO - ⏰ Running for 2.1hrs | 145min remaining | Signals: 5
2025-12-12 06:08:21,153 - INFO - ⏰ Running for 2.1hrs | 145min remaining | Signals: 5
2025-12-12 06:08:26,160 - INFO - ⏰ Running for 2.1hrs | 145min remaining | Signals: 5
2025-12-12 06:08:31,167 - INFO - ⏰ Running for 2.1hrs | 145min remaining | Signals: 5
2025-12-12 06:08:36,175 - INFO - ⏰ Running for 2.1hrs | 145min remaining | Signals: 5
2025-12-12 06:08:41,182 - INFO - ⏰ Running for 2.1hrs | 145min remaining | Signals: 5
2025-12-12 06:10:00,782 - INFO - 📰 Fetched 3 news articles
2025-12-12 06:10:07,929 - INFO - 📰 Fetched 3 news articles
2025-12-12 06:15:07,829 - INFO - 📰 Fetched 3 news articles
2025-12-12 06:20:05,094 - INFO - 📰 Fetched 3 news articles
2025-12-12 06:25:00,539 - INFO - 📰 Fetched 3 news articles
2025-12-12 06:25:09,161 - INFO - 📰 Fetched 3 news articles
2025-12-12 06:30:02,407 - INFO - 📰 Fetched 3 news articles
2025-12-12 06:30:12,677 - INFO - 📰 Fetched 3 news articles
2025-12-12 06:35:04,565 - INFO - 📰 Fetched 3 news articles
2025-12-12 06:35:09,915 - INFO - 📰 Fetched 3 news articles
2025-12-12 06:40:06,836 - INFO - 📰 Fetched 3 news articles
2025-12-12 06:45:04,873 - INFO - 📰 Fetched 3 news articles
2025-12-12 06:45:12,743 - INFO - 📰 Fetched 3 news articles
2025-12-12 06:50:08,811 - INFO - 📰 Fetched 3 news articles
2025-12-12 06:55:05,394 - INFO - 📰 Fetched 3 news articles
2025-12-12 07:00:14,299 - ERROR - News fetch error: HTTPSConnectionPool(host='api.marketaux.com', port=443): Read timed out. (read timeout=10)
2025-12-12 07:03:43,704 - INFO - ⏰ Running for 3.0hrs | 90min remaining | Signals: 5
2025-12-12 07:03:48,711 - INFO - ⏰ Running for 3.0hrs | 90min remaining | Signals: 5
2025-12-12 07:03:53,718 - INFO - ⏰ Running for 3.0hrs | 90min remaining | Signals: 5
2025-12-12 07:03:54,223 - INFO - 📅 Fetched 0 economic events
2025-12-12 07:03:59,230 - INFO - ⏰ Running for 3.0hrs | 90min remaining | Signals: 5
2025-12-12 07:04:04,238 - INFO - ⏰ Running for 3.0hrs | 90min remaining | Signals: 5
2025-12-12 07:04:09,245 - INFO - ⏰ Running for 3.0hrs | 90min remaining | Signals: 5
2025-12-12 07:04:14,252 - INFO - ⏰ Running for 3.0hrs | 89min remaining | Signals: 5
2025-12-12 07:04:19,259 - INFO - ⏰ Running for 3.0hrs | 89min remaining | Signals: 5
2025-12-12 07:04:24,266 - INFO - ⏰ Running for 3.0hrs | 89min remaining | Signals: 5
2025-12-12 07:04:29,274 - INFO - ⏰ Running for 3.0hrs | 89min remaining | Signals: 5
2025-12-12 07:04:34,281 - INFO - ⏰ Running for 3.0hrs | 89min remaining | Signals: 5
2025-12-12 07:04:42,090 - INFO - ⏰ Running for 3.0hrs | 89min remaining | Signals: 5
2025-12-12 07:04:47,304 - INFO - ⏰ Running for 3.0hrs | 89min remaining | Signals: 5
2025-12-12 07:04:52,311 - INFO - ⏰ Running for 3.0hrs | 89min remaining | Signals: 5
2025-12-12 07:04:57,318 - INFO - ⏰ Running for 3.0hrs | 89min remaining | Signals: 5
2025-12-12 07:05:02,325 - INFO - ⏰ Running for 3.0hrs | 89min remaining | Signals: 5
2025-12-12 07:05:09,007 - INFO - 📰 Fetched 3 news articles
2025-12-12 07:05:14,015 - INFO - ⏰ Running for 3.0hrs | 88min remaining | Signals: 5
2025-12-12 07:05:19,020 - INFO - ⏰ Running for 3.0hrs | 88min remaining | Signals: 5
2025-12-12 07:05:24,027 - INFO - ⏰ Running for 3.0hrs | 88min remaining | Signals: 5
2025-12-12 07:05:29,034 - INFO - ⏰ Running for 3.0hrs | 88min remaining | Signals: 5
2025-12-12 07:05:34,042 - INFO - ⏰ Running for 3.0hrs | 88min remaining | Signals: 5
2025-12-12 07:05:39,049 - INFO - ⏰ Running for 3.0hrs | 88min remaining | Signals: 5
2025-12-12 07:05:47,398 - INFO - ⏰ Running for 3.0hrs | 88min remaining | Signals: 5
2025-12-12 07:05:52,552 - INFO - ⏰ Running for 3.0hrs | 88min remaining | Signals: 5
2025-12-12 07:05:57,559 - INFO - ⏰ Running for 3.0hrs | 88min remaining | Signals: 5
2025-12-12 07:06:02,567 - INFO - ⏰ Running for 3.0hrs | 88min remaining | Signals: 5
2025-12-12 07:06:07,574 - INFO - ⏰ Running for 3.0hrs | 88min remaining | Signals: 5
2025-12-12 07:06:12,581 - INFO - ⏰ Running for 3.0hrs | 88min remaining | Signals: 5
2025-12-12 07:06:17,587 - INFO - ⏰ Running for 3.0hrs | 87min remaining | Signals: 5
2025-12-12 07:06:22,594 - INFO - ⏰ Running for 3.0hrs | 87min remaining | Signals: 5
2025-12-12 07:06:27,601 - INFO - ⏰ Running for 3.0hrs | 87min remaining | Signals: 5
2025-12-12 07:06:32,609 - INFO - ⏰ Running for 3.0hrs | 87min remaining | Signals: 5
2025-12-12 07:06:37,616 - INFO - ⏰ Running for 3.0hrs | 87min remaining | Signals: 5
2025-12-12 07:06:42,623 - INFO - ⏰ Running for 3.0hrs | 87min remaining | Signals: 5
2025-12-12 07:06:50,612 - INFO - ⏰ Running for 3.1hrs | 87min remaining | Signals: 5
2025-12-12 07:06:55,772 - INFO - ⏰ Running for 3.1hrs | 87min remaining | Signals: 5
2025-12-12 07:07:00,779 - INFO - ⏰ Running for 3.1hrs | 87min remaining | Signals: 5
2025-12-12 07:07:05,786 - INFO - ⏰ Running for 3.1hrs | 87min remaining | Signals: 5
2025-12-12 07:07:10,793 - INFO - ⏰ Running for 3.1hrs | 87min remaining | Signals: 5
2025-12-12 07:07:15,800 - INFO - ⏰ Running for 3.1hrs | 86min remaining | Signals: 5
2025-12-12 07:07:20,807 - INFO - ⏰ Running for 3.1hrs | 86min remaining | Signals: 5
2025-12-12 07:07:25,814 - INFO - ⏰ Running for 3.1hrs | 86min remaining | Signals: 5
2025-12-12 07:07:30,822 - INFO - ⏰ Running for 3.1hrs | 86min remaining | Signals: 5
2025-12-12 07:07:35,829 - INFO - ⏰ Running for 3.1hrs | 86min remaining | Signals: 5
2025-12-12 07:07:40,836 - INFO - ⏰ Running for 3.1hrs | 86min remaining | Signals: 5
2025-12-12 07:07:45,843 - INFO - ⏰ Running for 3.1hrs | 86min remaining | Signals: 5
2025-12-12 07:07:54,597 - INFO - ⏰ Running for 3.1hrs | 86min remaining | Signals: 5
2025-12-12 07:07:59,739 - INFO - ⏰ Running for 3.1hrs | 86min remaining | Signals: 5
2025-12-12 07:08:04,746 - INFO - ⏰ Running for 3.1hrs | 86min remaining | Signals: 5
2025-12-12 07:08:09,753 - INFO - ⏰ Running for 3.1hrs | 86min remaining | Signals: 5
2025-12-12 07:08:14,760 - INFO - ⏰ Running for 3.1hrs | 85min remaining | Signals: 5
2025-12-12 07:08:19,767 - INFO - ⏰ Running for 3.1hrs | 85min remaining | Signals: 5
2025-12-12 07:08:24,774 - INFO - ⏰ Running for 3.1hrs | 85min remaining | Signals: 5
2025-12-12 07:08:29,781 - INFO - ⏰ Running for 3.1hrs | 85min remaining | Signals: 5
2025-12-12 07:08:34,787 - INFO - ⏰ Running for 3.1hrs | 85min remaining | Signals: 5
2025-12-12 07:08:39,794 - INFO - ⏰ Running for 3.1hrs | 85min remaining | Signals: 5
2025-12-12 07:10:05,445 - INFO - 📰 Fetched 3 news articles
2025-12-12 07:15:06,869 - INFO - 📰 Fetched 3 news articles
2025-12-12 07:20:02,250 - INFO - 📰 Fetched 3 news articles
2025-12-12 07:20:07,535 - INFO - 📰 Fetched 3 news articles
2025-12-12 07:25:04,068 - INFO - 📰 Fetched 3 news articles
2025-12-12 07:25:10,578 - INFO - 📰 Fetched 3 news articles
2025-12-12 07:30:02,542 - INFO - 📰 Fetched 3 news articles
2025-12-12 07:30:09,115 - INFO - 📰 Fetched 3 news articles
2025-12-12 08:00:18,786 - ERROR - Calendar fetch error: HTTPSConnectionPool(host='api.marketaux.com', port=443): Read timed out. (read timeout=10)
2025-12-12 08:03:48,318 - INFO - ⏰ Running for 4.0hrs | 30min remaining | Signals: 5
2025-12-12 08:03:53,326 - INFO - ⏰ Running for 4.0hrs | 30min remaining | Signals: 5
2025-12-12 08:03:58,331 - INFO - ⏰ Running for 4.0hrs | 30min remaining | Signals: 5
2025-12-12 08:04:03,858 - INFO - ⏰ Running for 4.0hrs | 30min remaining | Signals: 5
2025-12-12 08:04:09,305 - INFO - ⏰ Running for 4.0hrs | 30min remaining | Signals: 4
2025-12-12 08:04:14,703 - INFO - ⏰ Running for 4.0hrs | 29min remaining | Signals: 4
2025-12-12 08:04:14,704 - INFO - 🔍 [29min left] Scanning EUR/USD... (Cycle #7)
2025-12-12 08:04:15,034 - INFO - 🎯 SIGNAL: BUY EUR/USD @ 1.17400
2025-12-12 08:04:15,034 - INFO -    Confidence: 89% | R:R 1:1.50 | Strategy: MEAN_REVERSION
2025-12-12 08:04:15,034 - INFO -    SL: 1.16220 (-118.0 pips) | TP: 1.19171 (+177.1 pips)
2025-12-12 08:04:20,422 - INFO - ⏰ Running for 4.0hrs | 29min remaining | Signals: 5
2025-12-12 08:04:25,722 - INFO - ⏰ Running for 4.0hrs | 29min remaining | Signals: 5
2025-12-12 08:04:31,029 - INFO - ⏰ Running for 4.0hrs | 29min remaining | Signals: 5
2025-12-12 08:04:36,332 - INFO - ⏰ Running for 4.0hrs | 29min remaining | Signals: 5
2025-12-12 08:04:42,293 - INFO - ⏰ Running for 4.0hrs | 29min remaining | Signals: 4
2025-12-12 08:04:47,743 - INFO - ⏰ Running for 4.0hrs | 29min remaining | Signals: 4
2025-12-12 08:04:47,744 - INFO - 🔍 [29min left] Scanning GBP/USD... (Cycle #8)
2025-12-12 08:04:53,370 - INFO - ⏰ Running for 4.0hrs | 29min remaining | Signals: 3
2025-12-12 08:04:58,674 - INFO - ⏰ Running for 4.0hrs | 29min remaining | Signals: 3
2025-12-12 08:05:03,981 - INFO - ⏰ Running for 4.0hrs | 29min remaining | Signals: 3
2025-12-12 08:05:09,119 - INFO - 🔍 [29min left] Scanning USD/JPY... (Cycle #9)
2025-12-12 08:05:10,272 - INFO - 🎯 SIGNAL: BUY USD/JPY @ 155.66700
2025-12-12 08:05:10,272 - INFO -    Confidence: 95% | R:R 1:1.50 | Strategy: BREAKOUT
2025-12-12 08:05:10,272 - INFO -    SL: 153.51329 (-215.4 pips) | TP: 158.89757 (+323.1 pips)
2025-12-12 08:05:15,681 - INFO - ⏰ Running for 4.0hrs | 28min remaining | Signals: 4
2025-12-12 08:05:21,016 - INFO - ⏰ Running for 4.0hrs | 28min remaining | Signals: 3
2025-12-12 08:05:21,018 - INFO - 🔍 [28min left] Scanning AUD/USD... (Cycle #10)
2025-12-12 08:05:21,334 - INFO - 🎯 SIGNAL: BUY AUD/USD @ 0.66720
2025-12-12 08:05:21,334 - INFO -    Confidence: 89% | R:R 1:1.50 | Strategy: MEAN_REVERSION
2025-12-12 08:05:21,334 - INFO -    SL: 0.65893 (-82.7 pips) | TP: 0.67961 (+124.1 pips)
2025-12-12 08:05:26,643 - INFO - ⏰ Running for 4.0hrs | 28min remaining | Signals: 3
2025-12-12 08:05:31,978 - INFO - ⏰ Running for 4.0hrs | 28min remaining | Signals: 3
2025-12-12 08:05:37,299 - INFO - ⏰ Running for 4.0hrs | 28min remaining | Signals: 3
2025-12-12 08:05:37,548 - INFO - 🔍 [28min left] Scanning USD/CAD... (Cycle #11)
2025-12-12 08:05:38,173 - INFO - 🎯 SIGNAL: SELL USD/CAD @ 1.37638
2025-12-12 08:05:38,173 - INFO -    Confidence: 95% | R:R 1:1.50 | Strategy: MEAN_REVERSION
2025-12-12 08:05:38,173 - INFO -    SL: 1.39002 (-136.4 pips) | TP: 1.35593 (+204.5 pips)
2025-12-12 08:05:43,494 - INFO - ⏰ Running for 4.0hrs | 28min remaining | Signals: 4
2025-12-12 08:05:48,938 - INFO - ⏰ Running for 4.0hrs | 28min remaining | Signals: 4
2025-12-12 08:05:54,250 - INFO - ⏰ Running for 4.0hrs | 28min remaining | Signals: 4
2025-12-12 08:05:54,250 - INFO - 🔍 [28min left] Scanning NZD/USD... (Cycle #12)
2025-12-12 08:05:54,721 - INFO - 🎯 SIGNAL: SELL NZD/USD @ 0.58160
2025-12-12 08:05:54,721 - INFO -    Confidence: 92% | R:R 1:1.50 | Strategy: MEAN_REVERSION
2025-12-12 08:05:54,721 - INFO -    SL: 0.58993 (-83.3 pips) | TP: 0.56910 (+125.0 pips)
2025-12-12 08:06:00,030 - INFO - ⏰ Running for 4.0hrs | 28min remaining | Signals: 5
2025-12-12 08:06:05,363 - INFO - ⏰ Running for 4.0hrs | 28min remaining | Signals: 5
2025-12-12 08:06:10,677 - INFO - ⏰ Running for 4.0hrs | 28min remaining | Signals: 5
2025-12-12 08:06:16,134 - INFO - ⏰ Running for 4.0hrs | 27min remaining | Signals: 5
2025-12-12 08:06:21,453 - INFO - ⏰ Running for 4.0hrs | 27min remaining | Signals: 5
2025-12-12 08:06:26,778 - INFO - ⏰ Running for 4.0hrs | 27min remaining | Signals: 5
2025-12-12 08:06:32,101 - INFO - ⏰ Running for 4.0hrs | 27min remaining | Signals: 5
2025-12-12 08:06:37,426 - INFO - ⏰ Running for 4.0hrs | 27min remaining | Signals: 5
2025-12-12 08:06:43,126 - INFO - ⏰ Running for 4.0hrs | 27min remaining | Signals: 5
2025-12-12 08:06:48,794 - INFO - ⏰ Running for 4.1hrs | 27min remaining | Signals: 5
2025-12-12 08:06:54,230 - INFO - ⏰ Running for 4.1hrs | 27min remaining | Signals: 5
2025-12-12 08:06:59,555 - INFO - ⏰ Running for 4.1hrs | 27min remaining | Signals: 5
2025-12-12 08:07:05,113 - INFO - ⏰ Running for 4.1hrs | 27min remaining | Signals: 5
2025-12-12 08:07:10,770 - INFO - ⏰ Running for 4.1hrs | 27min remaining | Signals: 5
2025-12-12 08:07:16,080 - INFO - ⏰ Running for 4.1hrs | 26min remaining | Signals: 5
2025-12-12 08:07:21,526 - INFO - ⏰ Running for 4.1hrs | 26min remaining | Signals: 5
2025-12-12 08:07:26,849 - INFO - ⏰ Running for 4.1hrs | 26min remaining | Signals: 5
2025-12-12 08:07:32,178 - INFO - ⏰ Running for 4.1hrs | 26min remaining | Signals: 5
2025-12-12 08:07:37,489 - INFO - ⏰ Running for 4.1hrs | 26min remaining | Signals: 5
2025-12-12 08:07:42,837 - INFO - ⏰ Running for 4.1hrs | 26min remaining | Signals: 5
2025-12-12 08:07:48,149 - INFO - ⏰ Running for 4.1hrs | 26min remaining | Signals: 5
2025-12-12 08:07:53,866 - INFO - ⏰ Running for 4.1hrs | 26min remaining | Signals: 5
2025-12-12 08:07:59,305 - INFO - ⏰ Running for 4.1hrs | 26min remaining | Signals: 5
2025-12-12 08:08:04,608 - INFO - ⏰ Running for 4.1hrs | 26min remaining | Signals: 5
2025-12-12 08:08:10,184 - INFO - ⏰ Running for 4.1hrs | 26min remaining | Signals: 5
2025-12-12 08:08:15,533 - INFO - ⏰ Running for 4.1hrs | 25min remaining | Signals: 5
2025-12-12 08:08:20,859 - INFO - ⏰ Running for 4.1hrs | 25min remaining | Signals: 5
2025-12-12 08:08:26,332 - INFO - ⏰ Running for 4.1hrs | 25min remaining | Signals: 5
2025-12-12 08:08:31,666 - INFO - ⏰ Running for 4.1hrs | 25min remaining | Signals: 5
2025-12-12 08:08:37,107 - INFO - ⏰ Running for 4.1hrs | 25min remaining | Signals: 5
2025-12-12 08:08:42,422 - INFO - ⏰ Running for 4.1hrs | 25min remaining | Signals: 5
2025-12-12 08:33:44,374 - INFO - ================================================================================
2025-12-12 08:33:44,374 - INFO - ⏰ 4.5-HOUR CYCLE COMPLETE!
2025-12-12 08:33:44,374 - INFO - 🔄 Processed 12 scan cycles
2025-12-12 08:33:44,375 - INFO - 📊 Active signals: 5
2025-12-12 08:33:44,375 - INFO - 📈 Win Rate: 0.0% | Total Pips: 0.0
2025-12-12 08:33:44,375 - INFO - 🏆 Wins: 0 | Losses: 0
2025-12-12 08:33:44,375 - INFO - 🛑 Exiting... Next cycle starts in ~1.5 hours
2025-12-12 08:33:44,375 - INFO - ================================================================================
2025-12-12 08:33:44,375 - INFO - ⏸️ SYSTEM STOPPED by dashboard
