2025-11-23 11:38:17,535 [INFO] ðŸ’° LIVE TRADING MODE ACTIVE
2025-11-23 11:38:17,545 [INFO] ======================================================================
2025-11-23 11:38:17,545 [INFO] ðŸ§  TRADE BEACON v18.1 - FIXED WEEKEND LEARNING
2025-11-23 11:38:17,545 [INFO] ======================================================================
2025-11-23 11:38:17,545 [INFO] ðŸ“… Mode: WEEKEND_LEARNING
2025-11-23 11:38:17,545 [INFO] âœ… Loaded: omega_iteration.json
2025-11-23 11:38:17,546 [INFO] ðŸ’¾ Saved: omega_iteration.json
2025-11-23 11:38:17,696 [INFO] âœ… Loaded: experience_replay.json.gz
2025-11-23 11:38:17,700 [INFO] âœ… Loaded 3891 experiences
2025-11-23 11:38:17,713 [INFO] âœ… Loaded: network_weights.json
2025-11-23 11:38:17,714 [INFO] âœ… Loaded Q-networks
2025-11-23 11:38:17,714 [INFO] âœ… Loaded: learning_stats.json
2025-11-23 11:38:17,714 [INFO] âœ… Loaded stats: 1000 trades
2025-11-23 11:38:17,715 [INFO] ðŸ§  RL Agent initialized: 3891 experiences
2025-11-23 11:38:17,715 [INFO] âœ… Connected to pipeline database
2025-11-23 11:38:17,715 [INFO] 
ðŸ“Š Iteration #6 | GitHub Actions | WEEKEND_LEARNING
2025-11-23 11:38:17,715 [INFO] ðŸ“‚ Loading data from: /home/runner/work/forex-ai-models/forex-ai-models/data/processed
2025-11-23 11:38:17,733 [INFO] âœ… EUR/USD [1h]: 5571 rows
2025-11-23 11:38:17,740 [INFO] âœ… EUR/USD [1d]: 1302 rows
2025-11-23 11:38:17,766 [INFO] âœ… EUR/USD [1h]: 9880 rows
2025-11-23 11:38:17,796 [INFO] âœ… EUR/USD [1h]: 12379 rows
2025-11-23 11:38:17,813 [INFO] âœ… EUR/USD [1h]: 6510 rows
2025-11-23 11:38:17,830 [INFO] âœ… GBP/USD [1h]: 5566 rows
2025-11-23 11:38:17,865 [INFO] âœ… GBP/USD [1h]: 12380 rows
2025-11-23 11:38:17,883 [INFO] âœ… GBP/USD [1h]: 6510 rows
2025-11-23 11:38:17,909 [INFO] âœ… GBP/USD [1h]: 9882 rows
2025-11-23 11:38:17,916 [INFO] âœ… GBP/USD [1d]: 1303 rows
2025-11-23 11:38:17,922 [INFO] âœ… USD/JPY [1d]: 1302 rows
2025-11-23 11:38:17,954 [INFO] âœ… USD/JPY [1h]: 12307 rows
2025-11-23 11:38:18,046 [INFO] âœ… USD/JPY [1h]: 6493 rows
2025-11-23 11:38:18,071 [INFO] âœ… USD/JPY [1h]: 9833 rows
2025-11-23 11:38:18,087 [INFO] âœ… USD/JPY [1h]: 5544 rows
2025-11-23 11:38:18,101 [INFO] âœ… AUD/USD [1h]: 4943 rows
2025-11-23 11:38:18,118 [INFO] âœ… AUD/USD [1h]: 5583 rows
2025-11-23 11:38:18,125 [INFO] âœ… AUD/USD [1d]: 1303 rows
2025-11-23 11:38:18,143 [INFO] âœ… AUD/USD [1h]: 6521 rows
2025-11-23 11:38:18,174 [INFO] âœ… AUD/USD [1h]: 12446 rows
2025-11-23 11:38:18,175 [INFO] âœ… Loaded 4 pairs
2025-11-23 11:38:18,175 [WARNING] âš ï¸ Load failed: Not a gzipped file (b'{\n')
2025-11-23 11:38:18,175 [INFO] 
ðŸ’¾ Syncing with Pipeline Database...
2025-11-23 11:38:18,175 [INFO] â„¹ï¸ No new pipeline trades to learn from
2025-11-23 11:38:18,176 [INFO] 
ðŸ’¾ Pipeline Stats:
2025-11-23 11:38:18,176 [INFO]   Total Trades: 0
2025-11-23 11:38:18,176 [INFO]   Win Rate: 0.0%
2025-11-23 11:38:18,176 [INFO]   Total P&L: $0.00000
2025-11-23 11:38:18,176 [INFO]   Trades Learned by RL: 0
2025-11-23 11:38:18,176 [INFO] 
ðŸŽ“ WEEKEND LEARNING MODE: Running backtest (FIXED)...
2025-11-23 11:38:18,176 [INFO]   ðŸ“Š EUR/USD: Testing 499 sample points
2025-11-23 11:38:18,935 [INFO] ðŸŽ¯ Target network updated (#25)
2025-11-23 11:38:19,768 [INFO] ðŸŽ¯ Target network updated (#50)
2025-11-23 11:38:20,630 [INFO] ðŸŽ¯ Target network updated (#75)
2025-11-23 11:38:21,541 [INFO] ðŸŽ¯ Target network updated (#100)
2025-11-23 11:38:21,621 [INFO]   ðŸ“Š GBP/USD: Testing 499 sample points
2025-11-23 11:38:22,498 [INFO] ðŸŽ¯ Target network updated (#125)
2025-11-23 11:38:23,201 [INFO] ðŸŽ¯ Target network updated (#150)
2025-11-23 11:38:24,102 [INFO] ðŸŽ¯ Target network updated (#175)
2025-11-23 11:38:25,164 [INFO] ðŸŽ¯ Target network updated (#200)
2025-11-23 11:38:25,289 [INFO]   ðŸ“Š USD/JPY: Testing 499 sample points
2025-11-23 11:38:25,619 [INFO] ðŸŽ¯ Target network updated (#225)
2025-11-23 11:38:25,992 [INFO] ðŸŽ¯ Target network updated (#250)
2025-11-23 11:38:26,350 [INFO] ðŸŽ¯ Target network updated (#275)
2025-11-23 11:38:26,711 [INFO] ðŸŽ¯ Target network updated (#300)
2025-11-23 11:38:27,062 [INFO] ðŸŽ¯ Target network updated (#325)
2025-11-23 11:38:27,439 [INFO] ðŸŽ¯ Target network updated (#350)
2025-11-23 11:38:27,793 [INFO] ðŸŽ¯ Target network updated (#375)
2025-11-23 11:38:28,165 [INFO] ðŸŽ¯ Target network updated (#400)
2025-11-23 11:38:28,519 [INFO] ðŸŽ¯ Target network updated (#425)
2025-11-23 11:38:28,889 [INFO] ðŸŽ¯ Target network updated (#450)
2025-11-23 11:38:29,268 [INFO] ðŸŽ¯ Target network updated (#475)
2025-11-23 11:38:29,625 [INFO] ðŸŽ¯ Target network updated (#500)
2025-11-23 11:38:29,971 [INFO] ðŸŽ¯ Target network updated (#525)
2025-11-23 11:38:30,336 [INFO] ðŸŽ¯ Target network updated (#550)
2025-11-23 11:38:30,708 [INFO] ðŸŽ¯ Target network updated (#575)
2025-11-23 11:38:31,071 [INFO] ðŸŽ¯ Target network updated (#600)
2025-11-23 11:38:31,427 [INFO] ðŸŽ¯ Target network updated (#625)
2025-11-23 11:38:31,529 [INFO]   ðŸ“Š AUD/USD: Testing 499 sample points
2025-11-23 11:38:32,527 [INFO] ðŸŽ¯ Target network updated (#650)
2025-11-23 11:38:33,685 [INFO] ðŸŽ¯ Target network updated (#675)
2025-11-23 11:38:34,623 [INFO] ðŸŽ¯ Target network updated (#700)
2025-11-23 11:38:35,164 [INFO] 
ðŸ“Š Weekend Backtest Results by Pair:
2025-11-23 11:38:35,164 [INFO]   EUR/USD: 102 trades
2025-11-23 11:38:35,164 [INFO]   GBP/USD: 103 trades
2025-11-23 11:38:35,164 [INFO]   USD/JPY: 427 trades
2025-11-23 11:38:35,164 [INFO]   AUD/USD: 77 trades
2025-11-23 11:38:35,164 [INFO] âœ… Weekend backtest: 709 trades learned
2025-11-23 11:38:35,165 [INFO] ðŸ“Š Backtest Performance:
2025-11-23 11:38:35,165 [INFO]   Wins: 325/709 (45.8%)
2025-11-23 11:38:35,165 [INFO]   Avg Reward: 73.21
2025-11-23 11:38:35,165 [INFO]   Total P&L: $19.09564
2025-11-23 11:38:35,165 [INFO] ðŸŽ“ Weekend: 709 backtest + 0 pipeline = 709 total
2025-11-23 11:38:35,165 [INFO] 
ðŸ’¹ Fetching prices...
2025-11-23 11:38:35,165 [INFO] 
ðŸ” Checking trades...
2025-11-23 11:38:35,166 [INFO] 
ðŸ§  Generating signals...
2025-11-23 11:38:35,171 [INFO]   EUR/USD: Q=1.517, Conf=100.0%, Thresh=25.0%, HOLD
2025-11-23 11:38:35,177 [INFO]   GBP/USD: Q=1.484, Conf=100.0%, Thresh=25.0%, HOLD
2025-11-23 11:38:35,182 [INFO]   USD/JPY: Q=53.705, Conf=100.0%, Thresh=25.0%, BUY
2025-11-23 11:38:35,188 [INFO]   AUD/USD: Q=2.465, Conf=100.0%, Thresh=25.0%, HOLD
2025-11-23 11:38:35,188 [INFO] 
ðŸ’¾ Saving...
2025-11-23 11:38:35,199 [INFO] ðŸ’¾ Saved: omega_signals.json
2025-11-23 11:38:36,215 [INFO] ðŸ’¾ Saved: experience_replay.json.gz
2025-11-23 11:38:36,334 [INFO] ðŸ’¾ Saved: network_weights.json
2025-11-23 11:38:36,345 [INFO] ðŸ’¾ Saved: learning_stats.json
2025-11-23 11:38:36,345 [INFO] ðŸ’¾ RL state saved: 4600 experiences, 1709 trades
2025-11-23 11:38:36,347 [INFO] 
======================================================================
2025-11-23 11:38:36,347 [INFO] ðŸ“Š RL AGENT DIAGNOSTICS
2025-11-23 11:38:36,347 [INFO] ======================================================================
2025-11-23 11:38:36,348 [INFO] 
ðŸŽ¯ Overall Performance:
2025-11-23 11:38:36,348 [INFO]   Total Trades: 1709
2025-11-23 11:38:36,348 [INFO]   Win Rate: 43.7%
2025-11-23 11:38:36,348 [INFO]   Total P&L: $23.33
2025-11-23 11:38:36,348 [INFO]   Avg Reward: 59.91
2025-11-23 11:38:36,348 [INFO]   Profitable Trades: 747
2025-11-23 11:38:36,348 [INFO] 
ðŸ§  Learning Status:
2025-11-23 11:38:36,348 [INFO]   Current Epsilon: 0.1000
2025-11-23 11:38:36,348 [INFO]   Exploration Rate: 10.0%
2025-11-23 11:38:36,348 [INFO]   Total Updates: 1709
2025-11-23 11:38:36,348 [INFO]   Memory: 4600/15000 (30.7%)
2025-11-23 11:38:36,348 [INFO]   Q-Values: Î¼=8.3596, Ïƒ=2.5849
2025-11-23 11:38:36,348 [INFO] 
ðŸ’¡ Health Check:
2025-11-23 11:38:36,348 [INFO]   âœ… Win rate > 35% - Ready for live
2025-11-23 11:38:36,348 [INFO]   âœ… Positive P&L - Strategy profitable
2025-11-23 11:38:36,348 [INFO]   âœ… > 1000 trades - Good experience
2025-11-23 11:38:36,348 [INFO] ======================================================================
2025-11-23 11:38:36,348 [INFO] ðŸ“§ Email skipped (weekend mode)
2025-11-23 11:38:36,348 [INFO] 
======================================================================
2025-11-23 11:38:36,348 [INFO] âœ… CYCLE COMPLETE
2025-11-23 11:38:36,348 [INFO] ======================================================================
2025-11-23 11:38:36,348 [INFO] Iteration: #6 (GitHub Actions)
2025-11-23 11:38:36,348 [INFO] Mode: WEEKEND_LEARNING
2025-11-23 11:38:36,348 [INFO] RL Trades: 1709
2025-11-23 11:38:36,349 [INFO] Pipeline Trades: 0
2025-11-23 11:38:36,349 [INFO] Win Rate: 43.7%
2025-11-23 11:38:36,349 [INFO] Total P&L: $23.33
2025-11-23 11:38:36,349 [INFO] Active Trades: 0
2025-11-23 11:38:36,349 [INFO] Epsilon: 0.100
2025-11-23 11:38:36,349 [INFO] Memory: 4600 samples
2025-11-23 11:38:36,349 [INFO] 
âœ… Agent ready for cautious live trading
2025-11-23 11:38:36,349 [INFO] 
ðŸ§  Cycle complete (Iteration #6)
