2025-11-23 13:39:59,363 [INFO] ðŸ’° LIVE TRADING MODE ACTIVE
2025-11-23 13:39:59,373 [INFO] ======================================================================
2025-11-23 13:39:59,373 [INFO] ðŸ§  TRADE BEACON v18.1 - FIXED WEEKEND LEARNING
2025-11-23 13:39:59,373 [INFO] ======================================================================
2025-11-23 13:39:59,373 [INFO] ðŸ“… Mode: WEEKEND_LEARNING
2025-11-23 13:39:59,373 [INFO] âœ… Loaded: omega_iteration.json
2025-11-23 13:39:59,374 [INFO] ðŸ’¾ Saved: omega_iteration.json
2025-11-23 13:39:59,565 [INFO] âœ… Loaded: experience_replay.json.gz
2025-11-23 13:39:59,572 [INFO] âœ… Loaded 5752 experiences
2025-11-23 13:39:59,584 [INFO] âœ… Loaded: network_weights.json
2025-11-23 13:39:59,585 [INFO] âœ… Loaded Q-networks
2025-11-23 13:39:59,587 [INFO] âœ… Loaded: learning_stats.json
2025-11-23 13:39:59,587 [INFO] âœ… Loaded stats: 2861 trades
2025-11-23 13:39:59,587 [INFO] ðŸ§  RL Agent initialized: 5752 experiences
2025-11-23 13:39:59,587 [INFO] âœ… Connected to pipeline database
2025-11-23 13:39:59,587 [INFO] 
ðŸ“Š Iteration #10 | GitHub Actions | WEEKEND_LEARNING
2025-11-23 13:39:59,588 [INFO] ðŸ“‚ Loading data from: /home/runner/work/forex-ai-models/forex-ai-models/data/processed
2025-11-23 13:39:59,607 [INFO] âœ… EUR/USD [1h]: 5571 rows
2025-11-23 13:39:59,614 [INFO] âœ… EUR/USD [1d]: 1302 rows
2025-11-23 13:39:59,639 [INFO] âœ… EUR/USD [1h]: 9880 rows
2025-11-23 13:39:59,671 [INFO] âœ… EUR/USD [1h]: 12379 rows
2025-11-23 13:39:59,689 [INFO] âœ… EUR/USD [1h]: 6510 rows
2025-11-23 13:39:59,706 [INFO] âœ… GBP/USD [1h]: 5566 rows
2025-11-23 13:39:59,737 [INFO] âœ… GBP/USD [1h]: 12380 rows
2025-11-23 13:39:59,755 [INFO] âœ… GBP/USD [1h]: 6510 rows
2025-11-23 13:39:59,780 [INFO] âœ… GBP/USD [1h]: 9882 rows
2025-11-23 13:39:59,787 [INFO] âœ… GBP/USD [1d]: 1303 rows
2025-11-23 13:39:59,794 [INFO] âœ… USD/JPY [1d]: 1302 rows
2025-11-23 13:39:59,897 [INFO] âœ… USD/JPY [1h]: 12307 rows
2025-11-23 13:39:59,916 [INFO] âœ… USD/JPY [1h]: 6493 rows
2025-11-23 13:39:59,941 [INFO] âœ… USD/JPY [1h]: 9833 rows
2025-11-23 13:39:59,957 [INFO] âœ… USD/JPY [1h]: 5544 rows
2025-11-23 13:39:59,970 [INFO] âœ… AUD/USD [1h]: 4943 rows
2025-11-23 13:39:59,987 [INFO] âœ… AUD/USD [1h]: 5583 rows
2025-11-23 13:39:59,994 [INFO] âœ… AUD/USD [1d]: 1303 rows
2025-11-23 13:40:00,011 [INFO] âœ… AUD/USD [1h]: 6521 rows
2025-11-23 13:40:00,042 [INFO] âœ… AUD/USD [1h]: 12446 rows
2025-11-23 13:40:00,043 [INFO] âœ… Loaded 4 pairs
2025-11-23 13:40:00,043 [WARNING] âš ï¸ Load failed: Not a gzipped file (b'{\n')
2025-11-23 13:40:00,043 [INFO] 
ðŸ’¾ Syncing with Pipeline Database...
2025-11-23 13:40:00,043 [INFO] â„¹ï¸ No new pipeline trades to learn from
2025-11-23 13:40:00,043 [INFO] 
ðŸ’¾ Pipeline Stats:
2025-11-23 13:40:00,044 [INFO]   Total Trades: 0
2025-11-23 13:40:00,044 [INFO]   Win Rate: 0.0%
2025-11-23 13:40:00,044 [INFO]   Total P&L: $0.00000
2025-11-23 13:40:00,044 [INFO]   Trades Learned by RL: 0
2025-11-23 13:40:00,044 [INFO] 
ðŸŽ“ WEEKEND LEARNING MODE: Running backtest (FIXED)...
2025-11-23 13:40:00,044 [INFO]   ðŸ“Š EUR/USD: Testing 499 sample points
2025-11-23 13:40:00,944 [INFO] ðŸŽ¯ Target network updated (#25)
2025-11-23 13:40:01,963 [INFO] ðŸŽ¯ Target network updated (#50)
2025-11-23 13:40:03,261 [INFO]   ðŸ“Š GBP/USD: Testing 499 sample points
2025-11-23 13:40:03,360 [INFO] ðŸŽ¯ Target network updated (#75)
2025-11-23 13:40:04,385 [INFO] ðŸŽ¯ Target network updated (#100)
2025-11-23 13:40:05,673 [INFO] ðŸŽ¯ Target network updated (#125)
2025-11-23 13:40:06,661 [INFO] ðŸŽ¯ Target network updated (#150)
2025-11-23 13:40:06,739 [INFO]   ðŸ“Š USD/JPY: Testing 499 sample points
2025-11-23 13:40:07,551 [INFO] ðŸŽ¯ Target network updated (#175)
2025-11-23 13:40:08,663 [INFO] ðŸŽ¯ Target network updated (#200)
2025-11-23 13:40:09,578 [INFO] ðŸŽ¯ Target network updated (#225)
2025-11-23 13:40:09,940 [INFO]   ðŸ“Š AUD/USD: Testing 499 sample points
2025-11-23 13:40:10,700 [INFO] ðŸŽ¯ Target network updated (#250)
2025-11-23 13:40:11,603 [INFO] ðŸŽ¯ Target network updated (#275)
2025-11-23 13:40:12,664 [INFO] ðŸŽ¯ Target network updated (#300)
2025-11-23 13:40:13,588 [INFO] ðŸŽ¯ Target network updated (#325)
2025-11-23 13:40:13,767 [INFO] 
ðŸ“Š Weekend Backtest Results by Pair:
2025-11-23 13:40:13,767 [INFO]   EUR/USD: 72 trades
2025-11-23 13:40:13,767 [INFO]   GBP/USD: 79 trades
2025-11-23 13:40:13,767 [INFO]   USD/JPY: 80 trades
2025-11-23 13:40:13,767 [INFO]   AUD/USD: 100 trades
2025-11-23 13:40:13,767 [INFO] âœ… Weekend backtest: 331 trades learned
2025-11-23 13:40:13,768 [INFO] ðŸ“Š Backtest Performance:
2025-11-23 13:40:13,768 [INFO]   Wins: 143/331 (43.2%)
2025-11-23 13:40:13,768 [INFO]   Avg Reward: 43.24
2025-11-23 13:40:13,768 [INFO]   Total P&L: $1.42923
2025-11-23 13:40:13,768 [INFO] ðŸŽ“ Weekend: 331 backtest + 0 pipeline = 331 total
2025-11-23 13:40:13,768 [INFO] 
ðŸ’¹ Fetching prices...
2025-11-23 13:40:13,768 [INFO] 
ðŸ” Checking trades...
2025-11-23 13:40:13,768 [INFO] 
ðŸ§  Generating signals...
2025-11-23 13:40:13,773 [INFO]   EUR/USD: Q=3.627, Conf=100.0%, Thresh=25.0%, HOLD
2025-11-23 13:40:13,779 [INFO]   GBP/USD: Q=3.681, Conf=100.0%, Thresh=25.0%, HOLD
2025-11-23 13:40:13,784 [INFO]   USD/JPY: Q=14.060, Conf=100.0%, Thresh=25.0%, HOLD
2025-11-23 13:40:13,790 [INFO]   AUD/USD: Q=3.212, Conf=100.0%, Thresh=25.0%, HOLD
2025-11-23 13:40:13,790 [INFO] 
ðŸ’¾ Saving...
2025-11-23 13:40:13,810 [INFO] ðŸ’¾ Saved: omega_signals.json
2025-11-23 13:40:15,158 [INFO] ðŸ’¾ Saved: experience_replay.json.gz
2025-11-23 13:40:15,278 [INFO] ðŸ’¾ Saved: network_weights.json
2025-11-23 13:40:15,298 [INFO] ðŸ’¾ Saved: learning_stats.json
2025-11-23 13:40:15,298 [INFO] ðŸ’¾ RL state saved: 6083 experiences, 3192 trades
2025-11-23 13:40:15,302 [INFO] 
======================================================================
2025-11-23 13:40:15,302 [INFO] ðŸ“Š RL AGENT DIAGNOSTICS
2025-11-23 13:40:15,302 [INFO] ======================================================================
2025-11-23 13:40:15,302 [INFO] 
ðŸŽ¯ Overall Performance:
2025-11-23 13:40:15,302 [INFO]   Total Trades: 3192
2025-11-23 13:40:15,302 [INFO]   Win Rate: 43.8%
2025-11-23 13:40:15,302 [INFO]   Total P&L: $36.91
2025-11-23 13:40:15,302 [INFO]   Avg Reward: 55.66
2025-11-23 13:40:15,302 [INFO]   Profitable Trades: 1398
2025-11-23 13:40:15,302 [INFO] 
ðŸ§  Learning Status:
2025-11-23 13:40:15,302 [INFO]   Current Epsilon: 0.1000
2025-11-23 13:40:15,302 [INFO]   Exploration Rate: 10.0%
2025-11-23 13:40:15,302 [INFO]   Total Updates: 3192
2025-11-23 13:40:15,302 [INFO]   Memory: 6083/15000 (40.6%)
2025-11-23 13:40:15,303 [INFO]   Q-Values: Î¼=10.3634, Ïƒ=1.0535
2025-11-23 13:40:15,303 [INFO] 
ðŸ’¡ Health Check:
2025-11-23 13:40:15,303 [INFO]   âœ… Win rate > 35% - Ready for live
2025-11-23 13:40:15,303 [INFO]   âœ… Positive P&L - Strategy profitable
2025-11-23 13:40:15,303 [INFO]   âœ… > 1000 trades - Good experience
2025-11-23 13:40:15,303 [INFO] ======================================================================
2025-11-23 13:40:15,303 [INFO] ðŸ“§ Email skipped (weekend mode)
2025-11-23 13:40:15,303 [INFO] 
======================================================================
2025-11-23 13:40:15,303 [INFO] âœ… CYCLE COMPLETE
2025-11-23 13:40:15,303 [INFO] ======================================================================
2025-11-23 13:40:15,303 [INFO] Iteration: #10 (GitHub Actions)
2025-11-23 13:40:15,303 [INFO] Mode: WEEKEND_LEARNING
2025-11-23 13:40:15,303 [INFO] RL Trades: 3192
2025-11-23 13:40:15,303 [INFO] Pipeline Trades: 0
2025-11-23 13:40:15,303 [INFO] Win Rate: 43.8%
2025-11-23 13:40:15,303 [INFO] Total P&L: $36.91
2025-11-23 13:40:15,303 [INFO] Active Trades: 0
2025-11-23 13:40:15,303 [INFO] Epsilon: 0.100
2025-11-23 13:40:15,303 [INFO] Memory: 6083 samples
2025-11-23 13:40:15,303 [INFO] 
âœ… Agent ready for cautious live trading
2025-11-23 13:40:15,303 [INFO] 
ðŸ§  Cycle complete (Iteration #10)
