2025-11-23 22:41:39,904 [INFO] ðŸ’° LIVE TRADING MODE ACTIVE
2025-11-23 22:41:39,914 [INFO] ======================================================================
2025-11-23 22:41:39,914 [INFO] ðŸ§  TRADE BEACON v18.1 - FIXED WEEKEND LEARNING
2025-11-23 22:41:39,914 [INFO] ======================================================================
2025-11-23 22:41:39,915 [INFO] ðŸ“… Mode: WEEKEND_LEARNING
2025-11-23 22:41:39,915 [INFO] âœ… Loaded: omega_iteration.json
2025-11-23 22:41:39,916 [INFO] ðŸ’¾ Saved: omega_iteration.json
2025-11-23 22:41:40,283 [INFO] âœ… Loaded: experience_replay.json.gz
2025-11-23 22:41:40,298 [INFO] âœ… Loaded 13305 experiences
2025-11-23 22:41:40,310 [INFO] âœ… Loaded: network_weights.json
2025-11-23 22:41:40,311 [INFO] âœ… Loaded Q-networks
2025-11-23 22:41:40,316 [INFO] âœ… Loaded: learning_stats.json
2025-11-23 22:41:40,316 [INFO] âœ… Loaded stats: 10414 trades
2025-11-23 22:41:40,317 [INFO] ðŸ§  RL Agent initialized: 13305 experiences
2025-11-23 22:41:40,317 [INFO] âœ… Connected to pipeline database
2025-11-23 22:41:40,317 [INFO] 
ðŸ“Š Iteration #28 | GitHub Actions | WEEKEND_LEARNING
2025-11-23 22:41:40,317 [INFO] ðŸ“‚ Loading data from: /home/runner/work/forex-ai-models/forex-ai-models/data/processed
2025-11-23 22:41:40,335 [INFO] âœ… EUR/USD [1h]: 5571 rows
2025-11-23 22:41:40,342 [INFO] âœ… EUR/USD [1d]: 1303 rows
2025-11-23 22:41:40,368 [INFO] âœ… EUR/USD [1h]: 9880 rows
2025-11-23 22:41:40,398 [INFO] âœ… EUR/USD [1h]: 12379 rows
2025-11-23 22:41:40,415 [INFO] âœ… EUR/USD [1h]: 6510 rows
2025-11-23 22:41:40,431 [INFO] âœ… GBP/USD [1h]: 5566 rows
2025-11-23 22:41:40,461 [INFO] âœ… GBP/USD [1h]: 12380 rows
2025-11-23 22:41:40,479 [INFO] âœ… GBP/USD [1h]: 6510 rows
2025-11-23 22:41:40,504 [INFO] âœ… GBP/USD [1h]: 9882 rows
2025-11-23 22:41:40,511 [INFO] âœ… GBP/USD [1d]: 1303 rows
2025-11-23 22:41:40,518 [INFO] âœ… USD/JPY [1d]: 1303 rows
2025-11-23 22:41:40,548 [INFO] âœ… USD/JPY [1h]: 12307 rows
2025-11-23 22:41:40,566 [INFO] âœ… USD/JPY [1h]: 6493 rows
2025-11-23 22:41:40,591 [INFO] âœ… USD/JPY [1h]: 9833 rows
2025-11-23 22:41:40,695 [INFO] âœ… USD/JPY [1h]: 5544 rows
2025-11-23 22:41:40,710 [INFO] âœ… AUD/USD [1h]: 4943 rows
2025-11-23 22:41:40,726 [INFO] âœ… AUD/USD [1h]: 5583 rows
2025-11-23 22:41:40,733 [INFO] âœ… AUD/USD [1d]: 1303 rows
2025-11-23 22:41:40,750 [INFO] âœ… AUD/USD [1h]: 6521 rows
2025-11-23 22:41:40,781 [INFO] âœ… AUD/USD [1h]: 12446 rows
2025-11-23 22:41:40,781 [INFO] âœ… Loaded 4 pairs
2025-11-23 22:41:40,782 [WARNING] âš ï¸ Load failed: Not a gzipped file (b'{\n')
2025-11-23 22:41:40,782 [INFO] 
ðŸ’¾ Syncing with Pipeline Database...
2025-11-23 22:41:40,782 [INFO] â„¹ï¸ No new pipeline trades to learn from
2025-11-23 22:41:40,782 [INFO] 
ðŸ’¾ Pipeline Stats:
2025-11-23 22:41:40,782 [INFO]   Total Trades: 0
2025-11-23 22:41:40,782 [INFO]   Win Rate: 0.0%
2025-11-23 22:41:40,782 [INFO]   Total P&L: $0.00000
2025-11-23 22:41:40,782 [INFO]   Trades Learned by RL: 0
2025-11-23 22:41:40,782 [INFO] 
ðŸŽ“ WEEKEND LEARNING MODE: Running backtest (FIXED)...
2025-11-23 22:41:40,782 [INFO]   ðŸ“Š EUR/USD: Testing 499 sample points
2025-11-23 22:41:41,654 [INFO] ðŸŽ¯ Target network updated (#25)
2025-11-23 22:41:42,504 [INFO] ðŸŽ¯ Target network updated (#50)
2025-11-23 22:41:43,139 [INFO] ðŸŽ¯ Target network updated (#75)
2025-11-23 22:41:44,229 [INFO] ðŸŽ¯ Target network updated (#100)
2025-11-23 22:41:44,241 [INFO]   ðŸ“Š GBP/USD: Testing 499 sample points
2025-11-23 22:41:44,981 [INFO] ðŸŽ¯ Target network updated (#125)
2025-11-23 22:41:45,906 [INFO] ðŸŽ¯ Target network updated (#150)
2025-11-23 22:41:47,075 [INFO] ðŸŽ¯ Target network updated (#175)
2025-11-23 22:41:47,812 [INFO]   ðŸ“Š USD/JPY: Testing 499 sample points
2025-11-23 22:41:47,986 [INFO] ðŸŽ¯ Target network updated (#200)
2025-11-23 22:41:48,462 [INFO] ðŸŽ¯ Target network updated (#225)
2025-11-23 22:41:48,970 [INFO] ðŸŽ¯ Target network updated (#250)
2025-11-23 22:41:49,363 [INFO] ðŸŽ¯ Target network updated (#275)
2025-11-23 22:41:49,974 [INFO] ðŸŽ¯ Target network updated (#300)
2025-11-23 22:41:50,491 [INFO] ðŸŽ¯ Target network updated (#325)
2025-11-23 22:41:51,017 [INFO] ðŸŽ¯ Target network updated (#350)
2025-11-23 22:41:51,693 [INFO] ðŸŽ¯ Target network updated (#375)
2025-11-23 22:41:52,084 [INFO]   ðŸ“Š AUD/USD: Testing 499 sample points
2025-11-23 22:41:52,564 [INFO] ðŸŽ¯ Target network updated (#400)
2025-11-23 22:41:53,613 [INFO] ðŸŽ¯ Target network updated (#425)
2025-11-23 22:41:54,719 [INFO] ðŸŽ¯ Target network updated (#450)
2025-11-23 22:41:55,695 [INFO] ðŸŽ¯ Target network updated (#475)
2025-11-23 22:41:55,796 [INFO] 
ðŸ“Š Weekend Backtest Results by Pair:
2025-11-23 22:41:55,796 [INFO]   EUR/USD: 100 trades
2025-11-23 22:41:55,797 [INFO]   GBP/USD: 90 trades
2025-11-23 22:41:55,797 [INFO]   USD/JPY: 199 trades
2025-11-23 22:41:55,797 [INFO]   AUD/USD: 88 trades
2025-11-23 22:41:55,797 [INFO] âœ… Weekend backtest: 477 trades learned
2025-11-23 22:41:55,797 [INFO] ðŸ“Š Backtest Performance:
2025-11-23 22:41:55,797 [INFO]   Wins: 215/477 (45.1%)
2025-11-23 22:41:55,797 [INFO]   Avg Reward: 63.01
2025-11-23 22:41:55,797 [INFO]   Total P&L: $12.99630
2025-11-23 22:41:55,797 [INFO] ðŸŽ“ Weekend: 477 backtest + 0 pipeline = 477 total
2025-11-23 22:41:55,797 [INFO] 
ðŸ’¹ Fetching prices...
2025-11-23 22:41:55,798 [INFO] 
ðŸ” Checking trades...
2025-11-23 22:41:55,798 [INFO] 
ðŸ§  Generating signals...
2025-11-23 22:41:55,803 [INFO]   EUR/USD: Q=8.076, Conf=100.0%, Thresh=25.0%, HOLD
2025-11-23 22:41:55,809 [INFO]   GBP/USD: Q=8.098, Conf=100.0%, Thresh=25.0%, HOLD
2025-11-23 22:41:55,814 [INFO]   USD/JPY: Q=31.338, Conf=100.0%, Thresh=25.0%, HOLD
2025-11-23 22:41:55,819 [INFO]   AUD/USD: Q=7.615, Conf=100.0%, Thresh=25.0%, HOLD
2025-11-23 22:41:55,820 [INFO] 
ðŸ’¾ Saving...
2025-11-23 22:41:55,878 [INFO] ðŸ’¾ Saved: omega_signals.json
2025-11-23 22:41:58,962 [INFO] ðŸ’¾ Saved: experience_replay.json.gz
2025-11-23 22:41:59,081 [INFO] ðŸ’¾ Saved: network_weights.json
2025-11-23 22:41:59,141 [INFO] ðŸ’¾ Saved: learning_stats.json
2025-11-23 22:41:59,142 [INFO] ðŸ’¾ RL state saved: 13782 experiences, 10891 trades
2025-11-23 22:41:59,151 [INFO] 
======================================================================
2025-11-23 22:41:59,151 [INFO] ðŸ“Š RL AGENT DIAGNOSTICS
2025-11-23 22:41:59,151 [INFO] ======================================================================
2025-11-23 22:41:59,151 [INFO] 
ðŸŽ¯ Overall Performance:
2025-11-23 22:41:59,151 [INFO]   Total Trades: 10891
2025-11-23 22:41:59,152 [INFO]   Win Rate: 43.4%
2025-11-23 22:41:59,152 [INFO]   Total P&L: $180.32
2025-11-23 22:41:59,152 [INFO]   Avg Reward: 56.03
2025-11-23 22:41:59,152 [INFO]   Profitable Trades: 4723
2025-11-23 22:41:59,152 [INFO] 
ðŸ§  Learning Status:
2025-11-23 22:41:59,152 [INFO]   Current Epsilon: 0.1000
2025-11-23 22:41:59,152 [INFO]   Exploration Rate: 10.0%
2025-11-23 22:41:59,152 [INFO]   Total Updates: 10891
2025-11-23 22:41:59,152 [INFO]   Memory: 13782/15000 (91.9%)
2025-11-23 22:41:59,152 [INFO]   Q-Values: Î¼=27.3863, Ïƒ=6.8073
2025-11-23 22:41:59,152 [INFO] 
ðŸ’¡ Health Check:
2025-11-23 22:41:59,152 [INFO]   âœ… Win rate > 35% - Ready for live
2025-11-23 22:41:59,152 [INFO]   âœ… Positive P&L - Strategy profitable
2025-11-23 22:41:59,152 [INFO]   âœ… > 1000 trades - Good experience
2025-11-23 22:41:59,152 [INFO] ======================================================================
2025-11-23 22:41:59,152 [INFO] ðŸ“§ Email skipped (weekend mode)
2025-11-23 22:41:59,152 [INFO] 
======================================================================
2025-11-23 22:41:59,152 [INFO] âœ… CYCLE COMPLETE
2025-11-23 22:41:59,152 [INFO] ======================================================================
2025-11-23 22:41:59,152 [INFO] Iteration: #28 (GitHub Actions)
2025-11-23 22:41:59,152 [INFO] Mode: WEEKEND_LEARNING
2025-11-23 22:41:59,152 [INFO] RL Trades: 10891
2025-11-23 22:41:59,152 [INFO] Pipeline Trades: 0
2025-11-23 22:41:59,152 [INFO] Win Rate: 43.4%
2025-11-23 22:41:59,153 [INFO] Total P&L: $180.32
2025-11-23 22:41:59,153 [INFO] Active Trades: 0
2025-11-23 22:41:59,153 [INFO] Epsilon: 0.100
2025-11-23 22:41:59,153 [INFO] Memory: 13782 samples
2025-11-23 22:41:59,153 [INFO] 
âœ… Agent ready for cautious live trading
2025-11-23 22:41:59,153 [INFO] 
ðŸ§  Cycle complete (Iteration #28)
