2025-11-23 17:11:48,384 [INFO] ðŸ’° LIVE TRADING MODE ACTIVE
2025-11-23 17:11:48,395 [INFO] ======================================================================
2025-11-23 17:11:48,395 [INFO] ðŸ§  TRADE BEACON v18.1 - FIXED WEEKEND LEARNING
2025-11-23 17:11:48,395 [INFO] ======================================================================
2025-11-23 17:11:48,395 [INFO] ðŸ“… Mode: WEEKEND_LEARNING
2025-11-23 17:11:48,395 [INFO] âœ… Loaded: omega_iteration.json
2025-11-23 17:11:48,396 [INFO] ðŸ’¾ Saved: omega_iteration.json
2025-11-23 17:11:48,662 [INFO] âœ… Loaded: experience_replay.json.gz
2025-11-23 17:11:48,672 [INFO] âœ… Loaded 8193 experiences
2025-11-23 17:11:48,684 [INFO] âœ… Loaded: network_weights.json
2025-11-23 17:11:48,685 [INFO] âœ… Loaded Q-networks
2025-11-23 17:11:48,688 [INFO] âœ… Loaded: learning_stats.json
2025-11-23 17:11:48,688 [INFO] âœ… Loaded stats: 5302 trades
2025-11-23 17:11:48,690 [INFO] ðŸ§  RL Agent initialized: 8193 experiences
2025-11-23 17:11:48,690 [INFO] âœ… Connected to pipeline database
2025-11-23 17:11:48,690 [INFO] 
ðŸ“Š Iteration #17 | GitHub Actions | WEEKEND_LEARNING
2025-11-23 17:11:48,690 [INFO] ðŸ“‚ Loading data from: /home/runner/work/forex-ai-models/forex-ai-models/data/processed
2025-11-23 17:11:48,709 [INFO] âœ… EUR/USD [1h]: 5571 rows
2025-11-23 17:11:48,716 [INFO] âœ… EUR/USD [1d]: 1302 rows
2025-11-23 17:11:48,743 [INFO] âœ… EUR/USD [1h]: 9880 rows
2025-11-23 17:11:48,775 [INFO] âœ… EUR/USD [1h]: 12379 rows
2025-11-23 17:11:48,792 [INFO] âœ… EUR/USD [1h]: 6510 rows
2025-11-23 17:11:48,810 [INFO] âœ… GBP/USD [1h]: 5566 rows
2025-11-23 17:11:48,841 [INFO] âœ… GBP/USD [1h]: 12380 rows
2025-11-23 17:11:48,860 [INFO] âœ… GBP/USD [1h]: 6510 rows
2025-11-23 17:11:48,887 [INFO] âœ… GBP/USD [1h]: 9882 rows
2025-11-23 17:11:48,894 [INFO] âœ… GBP/USD [1d]: 1303 rows
2025-11-23 17:11:48,901 [INFO] âœ… USD/JPY [1d]: 1302 rows
2025-11-23 17:11:48,933 [INFO] âœ… USD/JPY [1h]: 12307 rows
2025-11-23 17:11:48,952 [INFO] âœ… USD/JPY [1h]: 6493 rows
2025-11-23 17:11:48,978 [INFO] âœ… USD/JPY [1h]: 9833 rows
2025-11-23 17:11:48,995 [INFO] âœ… USD/JPY [1h]: 5544 rows
2025-11-23 17:11:49,009 [INFO] âœ… AUD/USD [1h]: 4943 rows
2025-11-23 17:11:49,026 [INFO] âœ… AUD/USD [1h]: 5583 rows
2025-11-23 17:11:49,032 [INFO] âœ… AUD/USD [1d]: 1303 rows
2025-11-23 17:11:49,051 [INFO] âœ… AUD/USD [1h]: 6521 rows
2025-11-23 17:11:49,083 [INFO] âœ… AUD/USD [1h]: 12446 rows
2025-11-23 17:11:49,083 [INFO] âœ… Loaded 4 pairs
2025-11-23 17:11:49,083 [WARNING] âš ï¸ Load failed: Not a gzipped file (b'{\n')
2025-11-23 17:11:49,083 [INFO] 
ðŸ’¾ Syncing with Pipeline Database...
2025-11-23 17:11:49,084 [INFO] â„¹ï¸ No new pipeline trades to learn from
2025-11-23 17:11:49,084 [INFO] 
ðŸ’¾ Pipeline Stats:
2025-11-23 17:11:49,084 [INFO]   Total Trades: 0
2025-11-23 17:11:49,084 [INFO]   Win Rate: 0.0%
2025-11-23 17:11:49,084 [INFO]   Total P&L: $0.00000
2025-11-23 17:11:49,084 [INFO]   Trades Learned by RL: 0
2025-11-23 17:11:49,084 [INFO] 
ðŸŽ“ WEEKEND LEARNING MODE: Running backtest (FIXED)...
2025-11-23 17:11:49,084 [INFO]   ðŸ“Š EUR/USD: Testing 499 sample points
2025-11-23 17:11:50,138 [INFO] ðŸŽ¯ Target network updated (#25)
2025-11-23 17:11:51,250 [INFO] ðŸŽ¯ Target network updated (#50)
2025-11-23 17:11:52,165 [INFO] ðŸŽ¯ Target network updated (#75)
2025-11-23 17:11:52,481 [INFO]   ðŸ“Š GBP/USD: Testing 499 sample points
2025-11-23 17:11:53,208 [INFO] ðŸŽ¯ Target network updated (#100)
2025-11-23 17:11:54,638 [INFO] ðŸŽ¯ Target network updated (#125)
2025-11-23 17:11:55,659 [INFO] ðŸŽ¯ Target network updated (#150)
2025-11-23 17:11:55,947 [INFO]   ðŸ“Š USD/JPY: Testing 499 sample points
2025-11-23 17:11:56,657 [INFO] ðŸŽ¯ Target network updated (#175)
2025-11-23 17:11:57,468 [INFO] ðŸŽ¯ Target network updated (#200)
2025-11-23 17:11:58,218 [INFO] ðŸŽ¯ Target network updated (#225)
2025-11-23 17:11:59,248 [INFO] ðŸŽ¯ Target network updated (#250)
2025-11-23 17:11:59,283 [INFO]   ðŸ“Š AUD/USD: Testing 499 sample points
2025-11-23 17:12:00,438 [INFO] ðŸŽ¯ Target network updated (#275)
2025-11-23 17:12:01,589 [INFO] ðŸŽ¯ Target network updated (#300)
2025-11-23 17:12:02,728 [INFO] ðŸŽ¯ Target network updated (#325)
2025-11-23 17:12:02,923 [INFO] 
ðŸ“Š Weekend Backtest Results by Pair:
2025-11-23 17:12:02,923 [INFO]   EUR/USD: 81 trades
2025-11-23 17:12:02,923 [INFO]   GBP/USD: 75 trades
2025-11-23 17:12:02,923 [INFO]   USD/JPY: 95 trades
2025-11-23 17:12:02,923 [INFO]   AUD/USD: 77 trades
2025-11-23 17:12:02,923 [INFO] âœ… Weekend backtest: 328 trades learned
2025-11-23 17:12:02,924 [INFO] ðŸ“Š Backtest Performance:
2025-11-23 17:12:02,924 [INFO]   Wins: 133/328 (40.5%)
2025-11-23 17:12:02,924 [INFO]   Avg Reward: 46.28
2025-11-23 17:12:02,924 [INFO]   Total P&L: $6.90900
2025-11-23 17:12:02,924 [INFO] ðŸŽ“ Weekend: 328 backtest + 0 pipeline = 328 total
2025-11-23 17:12:02,924 [INFO] 
ðŸ’¹ Fetching prices...
2025-11-23 17:12:02,924 [INFO] 
ðŸ” Checking trades...
2025-11-23 17:12:02,924 [INFO] 
ðŸ§  Generating signals...
2025-11-23 17:12:02,930 [INFO]   EUR/USD: Q=5.634, Conf=100.0%, Thresh=25.0%, HOLD
2025-11-23 17:12:02,936 [INFO]   GBP/USD: Q=6.332, Conf=100.0%, Thresh=25.0%, HOLD
2025-11-23 17:12:02,941 [INFO]   USD/JPY: Q=33.711, Conf=100.0%, Thresh=25.0%, HOLD
2025-11-23 17:12:02,947 [INFO]   AUD/USD: Q=5.867, Conf=100.0%, Thresh=25.0%, HOLD
2025-11-23 17:12:02,947 [INFO] 
ðŸ’¾ Saving...
2025-11-23 17:12:02,979 [INFO] ðŸ’¾ Saved: omega_signals.json
2025-11-23 17:12:04,867 [INFO] ðŸ’¾ Saved: experience_replay.json.gz
2025-11-23 17:12:04,986 [INFO] ðŸ’¾ Saved: network_weights.json
2025-11-23 17:12:05,019 [INFO] ðŸ’¾ Saved: learning_stats.json
2025-11-23 17:12:05,019 [INFO] ðŸ’¾ RL state saved: 8521 experiences, 5630 trades
2025-11-23 17:12:05,025 [INFO] 
======================================================================
2025-11-23 17:12:05,026 [INFO] ðŸ“Š RL AGENT DIAGNOSTICS
2025-11-23 17:12:05,026 [INFO] ======================================================================
2025-11-23 17:12:05,026 [INFO] 
ðŸŽ¯ Overall Performance:
2025-11-23 17:12:05,026 [INFO]   Total Trades: 5630
2025-11-23 17:12:05,026 [INFO]   Win Rate: 42.4%
2025-11-23 17:12:05,026 [INFO]   Total P&L: $59.35
2025-11-23 17:12:05,026 [INFO]   Avg Reward: 50.42
2025-11-23 17:12:05,026 [INFO]   Profitable Trades: 2385
2025-11-23 17:12:05,026 [INFO] 
ðŸ§  Learning Status:
2025-11-23 17:12:05,026 [INFO]   Current Epsilon: 0.1000
2025-11-23 17:12:05,026 [INFO]   Exploration Rate: 10.0%
2025-11-23 17:12:05,026 [INFO]   Total Updates: 5630
2025-11-23 17:12:05,026 [INFO]   Memory: 8521/15000 (56.8%)
2025-11-23 17:12:05,026 [INFO]   Q-Values: Î¼=13.7986, Ïƒ=1.5858
2025-11-23 17:12:05,026 [INFO] 
ðŸ’¡ Health Check:
2025-11-23 17:12:05,026 [INFO]   âœ… Win rate > 35% - Ready for live
2025-11-23 17:12:05,026 [INFO]   âœ… Positive P&L - Strategy profitable
2025-11-23 17:12:05,026 [INFO]   âœ… > 1000 trades - Good experience
2025-11-23 17:12:05,026 [INFO] ======================================================================
2025-11-23 17:12:05,026 [INFO] ðŸ“§ Email skipped (weekend mode)
2025-11-23 17:12:05,026 [INFO] 
======================================================================
2025-11-23 17:12:05,026 [INFO] âœ… CYCLE COMPLETE
2025-11-23 17:12:05,026 [INFO] ======================================================================
2025-11-23 17:12:05,026 [INFO] Iteration: #17 (GitHub Actions)
2025-11-23 17:12:05,026 [INFO] Mode: WEEKEND_LEARNING
2025-11-23 17:12:05,027 [INFO] RL Trades: 5630
2025-11-23 17:12:05,027 [INFO] Pipeline Trades: 0
2025-11-23 17:12:05,027 [INFO] Win Rate: 42.4%
2025-11-23 17:12:05,027 [INFO] Total P&L: $59.35
2025-11-23 17:12:05,027 [INFO] Active Trades: 0
2025-11-23 17:12:05,027 [INFO] Epsilon: 0.100
2025-11-23 17:12:05,027 [INFO] Memory: 8521 samples
2025-11-23 17:12:05,027 [INFO] 
âœ… Agent ready for cautious live trading
2025-11-23 17:12:05,027 [INFO] 
ðŸ§  Cycle complete (Iteration #17)
