2025-11-23 19:11:12,268 [INFO] ðŸ’° LIVE TRADING MODE ACTIVE
2025-11-23 19:11:12,279 [INFO] ======================================================================
2025-11-23 19:11:12,279 [INFO] ðŸ§  TRADE BEACON v18.1 - FIXED WEEKEND LEARNING
2025-11-23 19:11:12,279 [INFO] ======================================================================
2025-11-23 19:11:12,279 [INFO] ðŸ“… Mode: WEEKEND_LEARNING
2025-11-23 19:11:12,280 [INFO] âœ… Loaded: omega_iteration.json
2025-11-23 19:11:12,280 [INFO] ðŸ’¾ Saved: omega_iteration.json
2025-11-23 19:11:12,567 [INFO] âœ… Loaded: experience_replay.json.gz
2025-11-23 19:11:12,578 [INFO] âœ… Loaded 9875 experiences
2025-11-23 19:11:12,591 [INFO] âœ… Loaded: network_weights.json
2025-11-23 19:11:12,592 [INFO] âœ… Loaded Q-networks
2025-11-23 19:11:12,595 [INFO] âœ… Loaded: learning_stats.json
2025-11-23 19:11:12,595 [INFO] âœ… Loaded stats: 6984 trades
2025-11-23 19:11:12,597 [INFO] ðŸ§  RL Agent initialized: 9875 experiences
2025-11-23 19:11:12,597 [INFO] âœ… Connected to pipeline database
2025-11-23 19:11:12,597 [INFO] 
ðŸ“Š Iteration #21 | GitHub Actions | WEEKEND_LEARNING
2025-11-23 19:11:12,597 [INFO] ðŸ“‚ Loading data from: /home/runner/work/forex-ai-models/forex-ai-models/data/processed
2025-11-23 19:11:12,617 [INFO] âœ… EUR/USD [1h]: 5571 rows
2025-11-23 19:11:12,624 [INFO] âœ… EUR/USD [1d]: 1303 rows
2025-11-23 19:11:12,650 [INFO] âœ… EUR/USD [1h]: 9880 rows
2025-11-23 19:11:12,680 [INFO] âœ… EUR/USD [1h]: 12379 rows
2025-11-23 19:11:12,697 [INFO] âœ… EUR/USD [1h]: 6510 rows
2025-11-23 19:11:12,713 [INFO] âœ… GBP/USD [1h]: 5566 rows
2025-11-23 19:11:12,827 [INFO] âœ… GBP/USD [1h]: 12380 rows
2025-11-23 19:11:12,846 [INFO] âœ… GBP/USD [1h]: 6510 rows
2025-11-23 19:11:12,871 [INFO] âœ… GBP/USD [1h]: 9882 rows
2025-11-23 19:11:12,878 [INFO] âœ… GBP/USD [1d]: 1303 rows
2025-11-23 19:11:12,885 [INFO] âœ… USD/JPY [1d]: 1303 rows
2025-11-23 19:11:12,916 [INFO] âœ… USD/JPY [1h]: 12307 rows
2025-11-23 19:11:12,934 [INFO] âœ… USD/JPY [1h]: 6493 rows
2025-11-23 19:11:12,960 [INFO] âœ… USD/JPY [1h]: 9833 rows
2025-11-23 19:11:12,976 [INFO] âœ… USD/JPY [1h]: 5544 rows
2025-11-23 19:11:12,990 [INFO] âœ… AUD/USD [1h]: 4943 rows
2025-11-23 19:11:13,006 [INFO] âœ… AUD/USD [1h]: 5583 rows
2025-11-23 19:11:13,013 [INFO] âœ… AUD/USD [1d]: 1303 rows
2025-11-23 19:11:13,031 [INFO] âœ… AUD/USD [1h]: 6521 rows
2025-11-23 19:11:13,063 [INFO] âœ… AUD/USD [1h]: 12446 rows
2025-11-23 19:11:13,063 [INFO] âœ… Loaded 4 pairs
2025-11-23 19:11:13,063 [WARNING] âš ï¸ Load failed: Not a gzipped file (b'{\n')
2025-11-23 19:11:13,063 [INFO] 
ðŸ’¾ Syncing with Pipeline Database...
2025-11-23 19:11:13,064 [INFO] â„¹ï¸ No new pipeline trades to learn from
2025-11-23 19:11:13,064 [INFO] 
ðŸ’¾ Pipeline Stats:
2025-11-23 19:11:13,064 [INFO]   Total Trades: 0
2025-11-23 19:11:13,064 [INFO]   Win Rate: 0.0%
2025-11-23 19:11:13,064 [INFO]   Total P&L: $0.00000
2025-11-23 19:11:13,064 [INFO]   Trades Learned by RL: 0
2025-11-23 19:11:13,064 [INFO] 
ðŸŽ“ WEEKEND LEARNING MODE: Running backtest (FIXED)...
2025-11-23 19:11:13,064 [INFO]   ðŸ“Š EUR/USD: Testing 499 sample points
2025-11-23 19:11:14,181 [INFO] ðŸŽ¯ Target network updated (#25)
2025-11-23 19:11:15,023 [INFO] ðŸŽ¯ Target network updated (#50)
2025-11-23 19:11:16,002 [INFO] ðŸŽ¯ Target network updated (#75)
2025-11-23 19:11:16,358 [INFO]   ðŸ“Š GBP/USD: Testing 499 sample points
2025-11-23 19:11:16,910 [INFO] ðŸŽ¯ Target network updated (#100)
2025-11-23 19:11:17,792 [INFO] ðŸŽ¯ Target network updated (#125)
2025-11-23 19:11:18,620 [INFO] ðŸŽ¯ Target network updated (#150)
2025-11-23 19:11:19,565 [INFO] ðŸŽ¯ Target network updated (#175)
2025-11-23 19:11:20,178 [INFO]   ðŸ“Š USD/JPY: Testing 499 sample points
2025-11-23 19:11:20,193 [INFO] ðŸŽ¯ Target network updated (#200)
2025-11-23 19:11:20,578 [INFO] ðŸŽ¯ Target network updated (#225)
2025-11-23 19:11:20,992 [INFO] ðŸŽ¯ Target network updated (#250)
2025-11-23 19:11:21,387 [INFO] ðŸŽ¯ Target network updated (#275)
2025-11-23 19:11:21,824 [INFO] ðŸŽ¯ Target network updated (#300)
2025-11-23 19:11:22,202 [INFO] ðŸŽ¯ Target network updated (#325)
2025-11-23 19:11:22,581 [INFO] ðŸŽ¯ Target network updated (#350)
2025-11-23 19:11:23,015 [INFO] ðŸŽ¯ Target network updated (#375)
2025-11-23 19:11:23,546 [INFO] ðŸŽ¯ Target network updated (#400)
2025-11-23 19:11:24,061 [INFO] ðŸŽ¯ Target network updated (#425)
2025-11-23 19:11:24,556 [INFO] ðŸŽ¯ Target network updated (#450)
2025-11-23 19:11:25,095 [INFO] ðŸŽ¯ Target network updated (#475)
2025-11-23 19:11:25,293 [INFO]   ðŸ“Š AUD/USD: Testing 499 sample points
2025-11-23 19:11:25,881 [INFO] ðŸŽ¯ Target network updated (#500)
2025-11-23 19:11:26,791 [INFO] ðŸŽ¯ Target network updated (#525)
2025-11-23 19:11:27,674 [INFO] ðŸŽ¯ Target network updated (#550)
2025-11-23 19:11:28,740 [INFO] ðŸŽ¯ Target network updated (#575)
2025-11-23 19:11:29,083 [INFO] 
ðŸ“Š Weekend Backtest Results by Pair:
2025-11-23 19:11:29,083 [INFO]   EUR/USD: 83 trades
2025-11-23 19:11:29,083 [INFO]   GBP/USD: 116 trades
2025-11-23 19:11:29,083 [INFO]   USD/JPY: 288 trades
2025-11-23 19:11:29,083 [INFO]   AUD/USD: 92 trades
2025-11-23 19:11:29,083 [INFO] âœ… Weekend backtest: 579 trades learned
2025-11-23 19:11:29,084 [INFO] ðŸ“Š Backtest Performance:
2025-11-23 19:11:29,084 [INFO]   Wins: 243/579 (42.0%)
2025-11-23 19:11:29,084 [INFO]   Avg Reward: 58.52
2025-11-23 19:11:29,084 [INFO]   Total P&L: $10.41916
2025-11-23 19:11:29,084 [INFO] ðŸŽ“ Weekend: 579 backtest + 0 pipeline = 579 total
2025-11-23 19:11:29,084 [INFO] 
ðŸ’¹ Fetching prices...
2025-11-23 19:11:29,084 [INFO] 
ðŸ” Checking trades...
2025-11-23 19:11:29,085 [INFO] 
ðŸ§  Generating signals...
2025-11-23 19:11:29,090 [INFO]   EUR/USD: Q=2.841, Conf=100.0%, Thresh=25.0%, HOLD
2025-11-23 19:11:29,096 [INFO]   GBP/USD: Q=1.706, Conf=100.0%, Thresh=25.0%, HOLD
2025-11-23 19:11:29,101 [INFO]   USD/JPY: Q=27.340, Conf=100.0%, Thresh=25.0%, HOLD
2025-11-23 19:11:29,107 [INFO]   AUD/USD: Q=4.834, Conf=100.0%, Thresh=25.0%, HOLD
2025-11-23 19:11:29,107 [INFO] 
ðŸ’¾ Saving...
2025-11-23 19:11:29,150 [INFO] ðŸ’¾ Saved: omega_signals.json
2025-11-23 19:11:31,578 [INFO] ðŸ’¾ Saved: experience_replay.json.gz
2025-11-23 19:11:31,698 [INFO] ðŸ’¾ Saved: network_weights.json
2025-11-23 19:11:31,741 [INFO] ðŸ’¾ Saved: learning_stats.json
2025-11-23 19:11:31,741 [INFO] ðŸ’¾ RL state saved: 10454 experiences, 7563 trades
2025-11-23 19:11:31,748 [INFO] 
======================================================================
2025-11-23 19:11:31,748 [INFO] ðŸ“Š RL AGENT DIAGNOSTICS
2025-11-23 19:11:31,748 [INFO] ======================================================================
2025-11-23 19:11:31,748 [INFO] 
ðŸŽ¯ Overall Performance:
2025-11-23 19:11:31,748 [INFO]   Total Trades: 7563
2025-11-23 19:11:31,748 [INFO]   Win Rate: 42.5%
2025-11-23 19:11:31,748 [INFO]   Total P&L: $98.24
2025-11-23 19:11:31,748 [INFO]   Avg Reward: 52.48
2025-11-23 19:11:31,748 [INFO]   Profitable Trades: 3212
2025-11-23 19:11:31,748 [INFO] 
ðŸ§  Learning Status:
2025-11-23 19:11:31,748 [INFO]   Current Epsilon: 0.1000
2025-11-23 19:11:31,748 [INFO]   Exploration Rate: 10.0%
2025-11-23 19:11:31,748 [INFO]   Total Updates: 7563
2025-11-23 19:11:31,748 [INFO]   Memory: 10454/15000 (69.7%)
2025-11-23 19:11:31,748 [INFO]   Q-Values: Î¼=16.8181, Ïƒ=4.8637
2025-11-23 19:11:31,748 [INFO] 
ðŸ’¡ Health Check:
2025-11-23 19:11:31,748 [INFO]   âœ… Win rate > 35% - Ready for live
2025-11-23 19:11:31,748 [INFO]   âœ… Positive P&L - Strategy profitable
2025-11-23 19:11:31,748 [INFO]   âœ… > 1000 trades - Good experience
2025-11-23 19:11:31,748 [INFO] ======================================================================
2025-11-23 19:11:31,748 [INFO] ðŸ“§ Email skipped (weekend mode)
2025-11-23 19:11:31,749 [INFO] 
======================================================================
2025-11-23 19:11:31,749 [INFO] âœ… CYCLE COMPLETE
2025-11-23 19:11:31,749 [INFO] ======================================================================
2025-11-23 19:11:31,749 [INFO] Iteration: #21 (GitHub Actions)
2025-11-23 19:11:31,749 [INFO] Mode: WEEKEND_LEARNING
2025-11-23 19:11:31,749 [INFO] RL Trades: 7563
2025-11-23 19:11:31,749 [INFO] Pipeline Trades: 0
2025-11-23 19:11:31,749 [INFO] Win Rate: 42.5%
2025-11-23 19:11:31,749 [INFO] Total P&L: $98.24
2025-11-23 19:11:31,749 [INFO] Active Trades: 0
2025-11-23 19:11:31,749 [INFO] Epsilon: 0.100
2025-11-23 19:11:31,749 [INFO] Memory: 10454 samples
2025-11-23 19:11:31,749 [INFO] 
âœ… Agent ready for cautious live trading
2025-11-23 19:11:31,749 [INFO] 
ðŸ§  Cycle complete (Iteration #21)
