2025-11-23 11:30:08,055 [INFO] ðŸ’° LIVE TRADING MODE ACTIVE
2025-11-23 11:30:08,065 [INFO] ======================================================================
2025-11-23 11:30:08,065 [INFO] ðŸ§  TRADE BEACON v18.1 - FIXED WEEKEND LEARNING
2025-11-23 11:30:08,065 [INFO] ======================================================================
2025-11-23 11:30:08,065 [INFO] ðŸ“… Mode: WEEKEND_LEARNING
2025-11-23 11:30:08,065 [INFO] âœ… Loaded: omega_iteration.json
2025-11-23 11:30:08,066 [INFO] ðŸ’¾ Saved: omega_iteration.json
2025-11-23 11:30:08,133 [INFO] âœ… Loaded: experience_replay.json.gz
2025-11-23 11:30:08,136 [INFO] âœ… Loaded 3260 experiences
2025-11-23 11:30:08,149 [INFO] âœ… Loaded: network_weights.json
2025-11-23 11:30:08,150 [INFO] âœ… Loaded Q-networks
2025-11-23 11:30:08,150 [INFO] âœ… Loaded: learning_stats.json
2025-11-23 11:30:08,150 [INFO] âœ… Loaded stats: 369 trades
2025-11-23 11:30:08,151 [INFO] ðŸ§  RL Agent initialized: 3260 experiences
2025-11-23 11:30:08,151 [INFO] âœ… Connected to pipeline database
2025-11-23 11:30:08,151 [INFO] 
ðŸ“Š Iteration #5 | GitHub Actions | WEEKEND_LEARNING
2025-11-23 11:30:08,151 [INFO] ðŸ“‚ Loading data from: /home/runner/work/forex-ai-models/forex-ai-models/data/processed
2025-11-23 11:30:08,235 [INFO] âœ… EUR/USD [1h]: 5585 rows
2025-11-23 11:30:08,242 [INFO] âœ… EUR/USD [1d]: 1302 rows
2025-11-23 11:30:08,267 [INFO] âœ… EUR/USD [1h]: 9868 rows
2025-11-23 11:30:08,297 [INFO] âœ… EUR/USD [1h]: 12381 rows
2025-11-23 11:30:08,315 [INFO] âœ… EUR/USD [1h]: 6511 rows
2025-11-23 11:30:08,334 [INFO] âœ… GBP/USD [1h]: 5585 rows
2025-11-23 11:30:08,369 [INFO] âœ… GBP/USD [1h]: 12381 rows
2025-11-23 11:30:08,388 [INFO] âœ… GBP/USD [1h]: 6511 rows
2025-11-23 11:30:08,413 [INFO] âœ… GBP/USD [1h]: 9869 rows
2025-11-23 11:30:08,420 [INFO] âœ… GBP/USD [1d]: 1303 rows
2025-11-23 11:30:08,426 [INFO] âœ… USD/JPY [1d]: 1302 rows
2025-11-23 11:30:08,457 [INFO] âœ… USD/JPY [1h]: 12311 rows
2025-11-23 11:30:08,477 [INFO] âœ… USD/JPY [1h]: 6493 rows
2025-11-23 11:30:08,501 [INFO] âœ… USD/JPY [1h]: 9825 rows
2025-11-23 11:30:08,517 [INFO] âœ… USD/JPY [1h]: 5566 rows
2025-11-23 11:30:08,531 [INFO] âœ… AUD/USD [1h]: 4935 rows
2025-11-23 11:30:08,546 [INFO] âœ… AUD/USD [1h]: 5589 rows
2025-11-23 11:30:08,552 [INFO] âœ… AUD/USD [1d]: 1303 rows
2025-11-23 11:30:08,570 [INFO] âœ… AUD/USD [1h]: 6522 rows
2025-11-23 11:30:08,601 [INFO] âœ… AUD/USD [1h]: 12447 rows
2025-11-23 11:30:08,601 [INFO] âœ… Loaded 4 pairs
2025-11-23 11:30:08,601 [WARNING] âš ï¸ Load failed: Not a gzipped file (b'{\n')
2025-11-23 11:30:08,601 [INFO] 
ðŸ’¾ Syncing with Pipeline Database...
2025-11-23 11:30:08,602 [INFO] â„¹ï¸ No new pipeline trades to learn from
2025-11-23 11:30:08,602 [INFO] 
ðŸ’¾ Pipeline Stats:
2025-11-23 11:30:08,602 [INFO]   Total Trades: 0
2025-11-23 11:30:08,602 [INFO]   Win Rate: 0.0%
2025-11-23 11:30:08,602 [INFO]   Total P&L: $0.00000
2025-11-23 11:30:08,602 [INFO]   Trades Learned by RL: 0
2025-11-23 11:30:08,602 [INFO] 
ðŸŽ“ WEEKEND LEARNING MODE: Running backtest (FIXED)...
2025-11-23 11:30:08,602 [INFO]   ðŸ“Š EUR/USD: Testing 499 sample points
2025-11-23 11:30:09,672 [INFO] ðŸŽ¯ Target network updated (#25)
2025-11-23 11:30:10,693 [INFO] ðŸŽ¯ Target network updated (#50)
2025-11-23 11:30:11,575 [INFO] ðŸŽ¯ Target network updated (#75)
2025-11-23 11:30:11,839 [INFO]   ðŸ“Š GBP/USD: Testing 499 sample points
2025-11-23 11:30:12,685 [INFO] ðŸŽ¯ Target network updated (#100)
2025-11-23 11:30:13,419 [INFO] ðŸŽ¯ Target network updated (#125)
2025-11-23 11:30:14,721 [INFO] ðŸŽ¯ Target network updated (#150)
2025-11-23 11:30:15,340 [INFO]   ðŸ“Š USD/JPY: Testing 499 sample points
2025-11-23 11:30:15,600 [INFO] ðŸŽ¯ Target network updated (#175)
2025-11-23 11:30:15,991 [INFO] ðŸŽ¯ Target network updated (#200)
2025-11-23 11:30:16,445 [INFO] ðŸŽ¯ Target network updated (#225)
2025-11-23 11:30:16,860 [INFO] ðŸŽ¯ Target network updated (#250)
2025-11-23 11:30:17,359 [INFO] ðŸŽ¯ Target network updated (#275)
2025-11-23 11:30:17,750 [INFO] ðŸŽ¯ Target network updated (#300)
2025-11-23 11:30:18,116 [INFO] ðŸŽ¯ Target network updated (#325)
2025-11-23 11:30:18,489 [INFO] ðŸŽ¯ Target network updated (#350)
2025-11-23 11:30:18,906 [INFO] ðŸŽ¯ Target network updated (#375)
2025-11-23 11:30:19,305 [INFO] ðŸŽ¯ Target network updated (#400)
2025-11-23 11:30:19,663 [INFO] ðŸŽ¯ Target network updated (#425)
2025-11-23 11:30:20,032 [INFO] ðŸŽ¯ Target network updated (#450)
2025-11-23 11:30:20,386 [INFO] ðŸŽ¯ Target network updated (#475)
2025-11-23 11:30:20,756 [INFO] ðŸŽ¯ Target network updated (#500)
2025-11-23 11:30:21,110 [INFO] ðŸŽ¯ Target network updated (#525)
2025-11-23 11:30:21,180 [INFO]   ðŸ“Š AUD/USD: Testing 499 sample points
2025-11-23 11:30:21,917 [INFO] ðŸŽ¯ Target network updated (#550)
2025-11-23 11:30:22,865 [INFO] ðŸŽ¯ Target network updated (#575)
2025-11-23 11:30:23,810 [INFO] ðŸŽ¯ Target network updated (#600)
2025-11-23 11:30:24,806 [INFO] ðŸŽ¯ Target network updated (#625)
2025-11-23 11:30:25,009 [INFO] 
ðŸ“Š Weekend Backtest Results by Pair:
2025-11-23 11:30:25,009 [INFO]   EUR/USD: 79 trades
2025-11-23 11:30:25,009 [INFO]   GBP/USD: 83 trades
2025-11-23 11:30:25,009 [INFO]   USD/JPY: 368 trades
2025-11-23 11:30:25,009 [INFO]   AUD/USD: 101 trades
2025-11-23 11:30:25,009 [INFO] âœ… Weekend backtest: 631 trades learned
2025-11-23 11:30:25,010 [INFO] ðŸ“Š Backtest Performance:
2025-11-23 11:30:25,010 [INFO]   Wins: 263/631 (41.7%)
2025-11-23 11:30:25,010 [INFO]   Avg Reward: 58.36
2025-11-23 11:30:25,010 [INFO]   Total P&L: $4.62867
2025-11-23 11:30:25,010 [INFO] ðŸŽ“ Weekend: 631 backtest + 0 pipeline = 631 total
2025-11-23 11:30:25,010 [INFO] 
ðŸ’¹ Fetching prices...
2025-11-23 11:30:25,010 [INFO] 
ðŸ” Checking trades...
2025-11-23 11:30:25,010 [INFO] 
ðŸ§  Generating signals...
2025-11-23 11:30:25,016 [INFO]   EUR/USD: Q=0.708, Conf=100.0%, Thresh=25.0%, HOLD
2025-11-23 11:30:25,022 [INFO]   GBP/USD: Q=0.613, Conf=100.0%, Thresh=25.0%, HOLD
2025-11-23 11:30:25,026 [INFO]   USD/JPY: Q=59.657, Conf=100.0%, Thresh=25.0%, BUY
2025-11-23 11:30:25,032 [INFO]   AUD/USD: Q=0.747, Conf=100.0%, Thresh=25.0%, HOLD
2025-11-23 11:30:25,032 [INFO] 
ðŸ’¾ Saving...
2025-11-23 11:30:25,039 [INFO] ðŸ’¾ Saved: omega_signals.json
2025-11-23 11:30:25,898 [INFO] ðŸ’¾ Saved: experience_replay.json.gz
2025-11-23 11:30:26,018 [INFO] ðŸ’¾ Saved: network_weights.json
2025-11-23 11:30:26,024 [INFO] ðŸ’¾ Saved: learning_stats.json
2025-11-23 11:30:26,024 [INFO] ðŸ’¾ RL state saved: 3891 experiences, 1000 trades
2025-11-23 11:30:26,026 [INFO] 
======================================================================
2025-11-23 11:30:26,026 [INFO] ðŸ“Š RL AGENT DIAGNOSTICS
2025-11-23 11:30:26,026 [INFO] ======================================================================
2025-11-23 11:30:26,026 [INFO] 
ðŸŽ¯ Overall Performance:
2025-11-23 11:30:26,027 [INFO]   Total Trades: 1000
2025-11-23 11:30:26,027 [INFO]   Win Rate: 42.2%
2025-11-23 11:30:26,027 [INFO]   Total P&L: $4.23
2025-11-23 11:30:26,027 [INFO]   Avg Reward: 50.48
2025-11-23 11:30:26,027 [INFO]   Profitable Trades: 422
2025-11-23 11:30:26,027 [INFO] 
ðŸ§  Learning Status:
2025-11-23 11:30:26,027 [INFO]   Current Epsilon: 0.1000
2025-11-23 11:30:26,027 [INFO]   Exploration Rate: 10.0%
2025-11-23 11:30:26,027 [INFO]   Total Updates: 1000
2025-11-23 11:30:26,027 [INFO]   Memory: 3891/15000 (25.9%)
2025-11-23 11:30:26,027 [INFO]   Q-Values: Î¼=8.6852, Ïƒ=3.2410
2025-11-23 11:30:26,027 [INFO] 
ðŸ’¡ Health Check:
2025-11-23 11:30:26,027 [INFO]   âœ… Win rate > 35% - Ready for live
2025-11-23 11:30:26,027 [INFO]   âœ… Positive P&L - Strategy profitable
2025-11-23 11:30:26,027 [INFO]   âœ… > 1000 trades - Good experience
2025-11-23 11:30:26,027 [INFO] ======================================================================
2025-11-23 11:30:26,027 [INFO] ðŸ“§ Email skipped (weekend mode)
2025-11-23 11:30:26,027 [INFO] 
======================================================================
2025-11-23 11:30:26,027 [INFO] âœ… CYCLE COMPLETE
2025-11-23 11:30:26,027 [INFO] ======================================================================
2025-11-23 11:30:26,027 [INFO] Iteration: #5 (GitHub Actions)
2025-11-23 11:30:26,027 [INFO] Mode: WEEKEND_LEARNING
2025-11-23 11:30:26,027 [INFO] RL Trades: 1000
2025-11-23 11:30:26,027 [INFO] Pipeline Trades: 0
2025-11-23 11:30:26,028 [INFO] Win Rate: 42.2%
2025-11-23 11:30:26,028 [INFO] Total P&L: $4.23
2025-11-23 11:30:26,028 [INFO] Active Trades: 0
2025-11-23 11:30:26,028 [INFO] Epsilon: 0.100
2025-11-23 11:30:26,028 [INFO] Memory: 3891 samples
2025-11-23 11:30:26,028 [INFO] 
âœ… Agent ready for cautious live trading
2025-11-23 11:30:26,028 [INFO] 
ðŸ§  Cycle complete (Iteration #5)
