2025-11-23 21:12:42,578 [INFO] ðŸ’° LIVE TRADING MODE ACTIVE
2025-11-23 21:12:42,588 [INFO] ======================================================================
2025-11-23 21:12:42,588 [INFO] ðŸ§  TRADE BEACON v18.1 - FIXED WEEKEND LEARNING
2025-11-23 21:12:42,589 [INFO] ======================================================================
2025-11-23 21:12:42,589 [INFO] ðŸ“… Mode: WEEKEND_LEARNING
2025-11-23 21:12:42,589 [INFO] âœ… Loaded: omega_iteration.json
2025-11-23 21:12:42,590 [INFO] ðŸ’¾ Saved: omega_iteration.json
2025-11-23 21:12:42,906 [INFO] âœ… Loaded: experience_replay.json.gz
2025-11-23 21:12:42,919 [INFO] âœ… Loaded 11917 experiences
2025-11-23 21:12:42,932 [INFO] âœ… Loaded: network_weights.json
2025-11-23 21:12:42,933 [INFO] âœ… Loaded Q-networks
2025-11-23 21:12:42,937 [INFO] âœ… Loaded: learning_stats.json
2025-11-23 21:12:42,937 [INFO] âœ… Loaded stats: 9026 trades
2025-11-23 21:12:42,938 [INFO] ðŸ§  RL Agent initialized: 11917 experiences
2025-11-23 21:12:42,938 [INFO] âœ… Connected to pipeline database
2025-11-23 21:12:42,938 [INFO] 
ðŸ“Š Iteration #25 | GitHub Actions | WEEKEND_LEARNING
2025-11-23 21:12:42,938 [INFO] ðŸ“‚ Loading data from: /home/runner/work/forex-ai-models/forex-ai-models/data/processed
2025-11-23 21:12:42,956 [INFO] âœ… EUR/USD [1h]: 5571 rows
2025-11-23 21:12:42,962 [INFO] âœ… EUR/USD [1d]: 1303 rows
2025-11-23 21:12:42,988 [INFO] âœ… EUR/USD [1h]: 9880 rows
2025-11-23 21:12:43,018 [INFO] âœ… EUR/USD [1h]: 12379 rows
2025-11-23 21:12:43,035 [INFO] âœ… EUR/USD [1h]: 6510 rows
2025-11-23 21:12:43,051 [INFO] âœ… GBP/USD [1h]: 5566 rows
2025-11-23 21:12:43,164 [INFO] âœ… GBP/USD [1h]: 12380 rows
2025-11-23 21:12:43,182 [INFO] âœ… GBP/USD [1h]: 6510 rows
2025-11-23 21:12:43,206 [INFO] âœ… GBP/USD [1h]: 9882 rows
2025-11-23 21:12:43,213 [INFO] âœ… GBP/USD [1d]: 1303 rows
2025-11-23 21:12:43,220 [INFO] âœ… USD/JPY [1d]: 1303 rows
2025-11-23 21:12:43,249 [INFO] âœ… USD/JPY [1h]: 12307 rows
2025-11-23 21:12:43,267 [INFO] âœ… USD/JPY [1h]: 6493 rows
2025-11-23 21:12:43,292 [INFO] âœ… USD/JPY [1h]: 9833 rows
2025-11-23 21:12:43,307 [INFO] âœ… USD/JPY [1h]: 5544 rows
2025-11-23 21:12:43,321 [INFO] âœ… AUD/USD [1h]: 4943 rows
2025-11-23 21:12:43,336 [INFO] âœ… AUD/USD [1h]: 5583 rows
2025-11-23 21:12:43,343 [INFO] âœ… AUD/USD [1d]: 1303 rows
2025-11-23 21:12:43,359 [INFO] âœ… AUD/USD [1h]: 6521 rows
2025-11-23 21:12:43,390 [INFO] âœ… AUD/USD [1h]: 12446 rows
2025-11-23 21:12:43,390 [INFO] âœ… Loaded 4 pairs
2025-11-23 21:12:43,391 [WARNING] âš ï¸ Load failed: Not a gzipped file (b'{\n')
2025-11-23 21:12:43,391 [INFO] 
ðŸ’¾ Syncing with Pipeline Database...
2025-11-23 21:12:43,391 [INFO] â„¹ï¸ No new pipeline trades to learn from
2025-11-23 21:12:43,391 [INFO] 
ðŸ’¾ Pipeline Stats:
2025-11-23 21:12:43,391 [INFO]   Total Trades: 0
2025-11-23 21:12:43,391 [INFO]   Win Rate: 0.0%
2025-11-23 21:12:43,391 [INFO]   Total P&L: $0.00000
2025-11-23 21:12:43,391 [INFO]   Trades Learned by RL: 0
2025-11-23 21:12:43,391 [INFO] 
ðŸŽ“ WEEKEND LEARNING MODE: Running backtest (FIXED)...
2025-11-23 21:12:43,391 [INFO]   ðŸ“Š EUR/USD: Testing 499 sample points
2025-11-23 21:12:44,505 [INFO] ðŸŽ¯ Target network updated (#25)
2025-11-23 21:12:45,200 [INFO] ðŸŽ¯ Target network updated (#50)
2025-11-23 21:12:46,074 [INFO] ðŸŽ¯ Target network updated (#75)
2025-11-23 21:12:46,722 [INFO]   ðŸ“Š GBP/USD: Testing 499 sample points
2025-11-23 21:12:46,987 [INFO] ðŸŽ¯ Target network updated (#100)
2025-11-23 21:12:47,983 [INFO] ðŸŽ¯ Target network updated (#125)
2025-11-23 21:12:49,148 [INFO] ðŸŽ¯ Target network updated (#150)
2025-11-23 21:12:50,151 [INFO]   ðŸ“Š USD/JPY: Testing 499 sample points
2025-11-23 21:12:50,206 [INFO] ðŸŽ¯ Target network updated (#175)
2025-11-23 21:12:50,715 [INFO] ðŸŽ¯ Target network updated (#200)
2025-11-23 21:12:51,255 [INFO] ðŸŽ¯ Target network updated (#225)
2025-11-23 21:12:51,688 [INFO] ðŸŽ¯ Target network updated (#250)
2025-11-23 21:12:52,223 [INFO] ðŸŽ¯ Target network updated (#275)
2025-11-23 21:12:52,740 [INFO] ðŸŽ¯ Target network updated (#300)
2025-11-23 21:12:53,342 [INFO] ðŸŽ¯ Target network updated (#325)
2025-11-23 21:12:53,867 [INFO] ðŸŽ¯ Target network updated (#350)
2025-11-23 21:12:54,421 [INFO]   ðŸ“Š AUD/USD: Testing 499 sample points
2025-11-23 21:12:54,459 [INFO] ðŸŽ¯ Target network updated (#375)
2025-11-23 21:12:55,489 [INFO] ðŸŽ¯ Target network updated (#400)
2025-11-23 21:12:56,470 [INFO] ðŸŽ¯ Target network updated (#425)
2025-11-23 21:12:57,209 [INFO] ðŸŽ¯ Target network updated (#450)
2025-11-23 21:12:58,155 [INFO] ðŸŽ¯ Target network updated (#475)
2025-11-23 21:12:58,235 [INFO] 
ðŸ“Š Weekend Backtest Results by Pair:
2025-11-23 21:12:58,235 [INFO]   EUR/USD: 92 trades
2025-11-23 21:12:58,235 [INFO]   GBP/USD: 79 trades
2025-11-23 21:12:58,235 [INFO]   USD/JPY: 203 trades
2025-11-23 21:12:58,235 [INFO]   AUD/USD: 104 trades
2025-11-23 21:12:58,235 [INFO] âœ… Weekend backtest: 478 trades learned
2025-11-23 21:12:58,236 [INFO] ðŸ“Š Backtest Performance:
2025-11-23 21:12:58,236 [INFO]   Wins: 218/478 (45.6%)
2025-11-23 21:12:58,236 [INFO]   Avg Reward: 66.10
2025-11-23 21:12:58,236 [INFO]   Total P&L: $15.00250
2025-11-23 21:12:58,236 [INFO] ðŸŽ“ Weekend: 478 backtest + 0 pipeline = 478 total
2025-11-23 21:12:58,236 [INFO] 
ðŸ’¹ Fetching prices...
2025-11-23 21:12:58,236 [INFO] 
ðŸ” Checking trades...
2025-11-23 21:12:58,237 [INFO] 
ðŸ§  Generating signals...
2025-11-23 21:12:58,242 [INFO]   EUR/USD: Q=5.431, Conf=100.0%, Thresh=25.0%, HOLD
2025-11-23 21:12:58,247 [INFO]   GBP/USD: Q=5.159, Conf=100.0%, Thresh=25.0%, HOLD
2025-11-23 21:12:58,252 [INFO]   USD/JPY: Q=23.095, Conf=100.0%, Thresh=25.0%, HOLD
2025-11-23 21:12:58,258 [INFO]   AUD/USD: Q=7.445, Conf=100.0%, Thresh=25.0%, HOLD
2025-11-23 21:12:58,258 [INFO] 
ðŸ’¾ Saving...
2025-11-23 21:12:58,309 [INFO] ðŸ’¾ Saved: omega_signals.json
2025-11-23 21:13:01,175 [INFO] ðŸ’¾ Saved: experience_replay.json.gz
2025-11-23 21:13:01,294 [INFO] ðŸ’¾ Saved: network_weights.json
2025-11-23 21:13:01,347 [INFO] ðŸ’¾ Saved: learning_stats.json
2025-11-23 21:13:01,347 [INFO] ðŸ’¾ RL state saved: 12395 experiences, 9504 trades
2025-11-23 21:13:01,354 [INFO] 
======================================================================
2025-11-23 21:13:01,354 [INFO] ðŸ“Š RL AGENT DIAGNOSTICS
2025-11-23 21:13:01,354 [INFO] ======================================================================
2025-11-23 21:13:01,354 [INFO] 
ðŸŽ¯ Overall Performance:
2025-11-23 21:13:01,354 [INFO]   Total Trades: 9504
2025-11-23 21:13:01,354 [INFO]   Win Rate: 43.1%
2025-11-23 21:13:01,354 [INFO]   Total P&L: $143.98
2025-11-23 21:13:01,354 [INFO]   Avg Reward: 54.97
2025-11-23 21:13:01,354 [INFO]   Profitable Trades: 4098
2025-11-23 21:13:01,354 [INFO] 
ðŸ§  Learning Status:
2025-11-23 21:13:01,354 [INFO]   Current Epsilon: 0.1000
2025-11-23 21:13:01,354 [INFO]   Exploration Rate: 10.0%
2025-11-23 21:13:01,354 [INFO]   Total Updates: 9504
2025-11-23 21:13:01,354 [INFO]   Memory: 12395/15000 (82.6%)
2025-11-23 21:13:01,355 [INFO]   Q-Values: Î¼=30.0060, Ïƒ=8.3360
2025-11-23 21:13:01,355 [INFO] 
ðŸ’¡ Health Check:
2025-11-23 21:13:01,355 [INFO]   âœ… Win rate > 35% - Ready for live
2025-11-23 21:13:01,355 [INFO]   âœ… Positive P&L - Strategy profitable
2025-11-23 21:13:01,355 [INFO]   âœ… > 1000 trades - Good experience
2025-11-23 21:13:01,355 [INFO] ======================================================================
2025-11-23 21:13:01,355 [INFO] ðŸ“§ Email skipped (weekend mode)
2025-11-23 21:13:01,355 [INFO] 
======================================================================
2025-11-23 21:13:01,355 [INFO] âœ… CYCLE COMPLETE
2025-11-23 21:13:01,355 [INFO] ======================================================================
2025-11-23 21:13:01,355 [INFO] Iteration: #25 (GitHub Actions)
2025-11-23 21:13:01,355 [INFO] Mode: WEEKEND_LEARNING
2025-11-23 21:13:01,355 [INFO] RL Trades: 9504
2025-11-23 21:13:01,355 [INFO] Pipeline Trades: 0
2025-11-23 21:13:01,355 [INFO] Win Rate: 43.1%
2025-11-23 21:13:01,355 [INFO] Total P&L: $143.98
2025-11-23 21:13:01,355 [INFO] Active Trades: 0
2025-11-23 21:13:01,355 [INFO] Epsilon: 0.100
2025-11-23 21:13:01,355 [INFO] Memory: 12395 samples
2025-11-23 21:13:01,355 [INFO] 
âœ… Agent ready for cautious live trading
2025-11-23 21:13:01,356 [INFO] 
ðŸ§  Cycle complete (Iteration #25)
