2025-11-23 23:13:00,612 [INFO] ðŸ’° LIVE TRADING MODE ACTIVE
2025-11-23 23:13:00,622 [INFO] ======================================================================
2025-11-23 23:13:00,622 [INFO] ðŸ§  TRADE BEACON v18.1 - FIXED WEEKEND LEARNING
2025-11-23 23:13:00,622 [INFO] ======================================================================
2025-11-23 23:13:00,622 [INFO] ðŸ“… Mode: WEEKEND_LEARNING
2025-11-23 23:13:00,623 [INFO] âœ… Loaded: omega_iteration.json
2025-11-23 23:13:00,623 [INFO] ðŸ’¾ Saved: omega_iteration.json
2025-11-23 23:13:00,982 [INFO] âœ… Loaded: experience_replay.json.gz
2025-11-23 23:13:00,997 [INFO] âœ… Loaded 13782 experiences
2025-11-23 23:13:01,009 [INFO] âœ… Loaded: network_weights.json
2025-11-23 23:13:01,010 [INFO] âœ… Loaded Q-networks
2025-11-23 23:13:01,016 [INFO] âœ… Loaded: learning_stats.json
2025-11-23 23:13:01,016 [INFO] âœ… Loaded stats: 10891 trades
2025-11-23 23:13:01,017 [INFO] ðŸ§  RL Agent initialized: 13782 experiences
2025-11-23 23:13:01,017 [INFO] âœ… Connected to pipeline database
2025-11-23 23:13:01,017 [INFO] 
ðŸ“Š Iteration #29 | GitHub Actions | WEEKEND_LEARNING
2025-11-23 23:13:01,017 [INFO] ðŸ“‚ Loading data from: /home/runner/work/forex-ai-models/forex-ai-models/data/processed
2025-11-23 23:13:01,034 [INFO] âœ… EUR/USD [1h]: 5571 rows
2025-11-23 23:13:01,041 [INFO] âœ… EUR/USD [1d]: 1303 rows
2025-11-23 23:13:01,066 [INFO] âœ… EUR/USD [1h]: 9880 rows
2025-11-23 23:13:01,097 [INFO] âœ… EUR/USD [1h]: 12379 rows
2025-11-23 23:13:01,197 [INFO] âœ… EUR/USD [1h]: 6510 rows
2025-11-23 23:13:01,214 [INFO] âœ… GBP/USD [1h]: 5566 rows
2025-11-23 23:13:01,244 [INFO] âœ… GBP/USD [1h]: 12380 rows
2025-11-23 23:13:01,262 [INFO] âœ… GBP/USD [1h]: 6510 rows
2025-11-23 23:13:01,286 [INFO] âœ… GBP/USD [1h]: 9882 rows
2025-11-23 23:13:01,293 [INFO] âœ… GBP/USD [1d]: 1303 rows
2025-11-23 23:13:01,299 [INFO] âœ… USD/JPY [1d]: 1303 rows
2025-11-23 23:13:01,329 [INFO] âœ… USD/JPY [1h]: 12307 rows
2025-11-23 23:13:01,347 [INFO] âœ… USD/JPY [1h]: 6493 rows
2025-11-23 23:13:01,372 [INFO] âœ… USD/JPY [1h]: 9833 rows
2025-11-23 23:13:01,388 [INFO] âœ… USD/JPY [1h]: 5544 rows
2025-11-23 23:13:01,403 [INFO] âœ… AUD/USD [1h]: 4943 rows
2025-11-23 23:13:01,419 [INFO] âœ… AUD/USD [1h]: 5583 rows
2025-11-23 23:13:01,425 [INFO] âœ… AUD/USD [1d]: 1303 rows
2025-11-23 23:13:01,443 [INFO] âœ… AUD/USD [1h]: 6521 rows
2025-11-23 23:13:01,473 [INFO] âœ… AUD/USD [1h]: 12446 rows
2025-11-23 23:13:01,474 [INFO] âœ… Loaded 4 pairs
2025-11-23 23:13:01,474 [WARNING] âš ï¸ Load failed: Not a gzipped file (b'{\n')
2025-11-23 23:13:01,474 [INFO] 
ðŸ’¾ Syncing with Pipeline Database...
2025-11-23 23:13:01,474 [INFO] â„¹ï¸ No new pipeline trades to learn from
2025-11-23 23:13:01,475 [INFO] 
ðŸ’¾ Pipeline Stats:
2025-11-23 23:13:01,475 [INFO]   Total Trades: 0
2025-11-23 23:13:01,475 [INFO]   Win Rate: 0.0%
2025-11-23 23:13:01,475 [INFO]   Total P&L: $0.00000
2025-11-23 23:13:01,475 [INFO]   Trades Learned by RL: 0
2025-11-23 23:13:01,475 [INFO] 
ðŸŽ“ WEEKEND LEARNING MODE: Running backtest (FIXED)...
2025-11-23 23:13:01,475 [INFO]   ðŸ“Š EUR/USD: Testing 499 sample points
2025-11-23 23:13:02,411 [INFO] ðŸŽ¯ Target network updated (#25)
2025-11-23 23:13:03,274 [INFO] ðŸŽ¯ Target network updated (#50)
2025-11-23 23:13:04,279 [INFO] ðŸŽ¯ Target network updated (#75)
2025-11-23 23:13:04,861 [INFO]   ðŸ“Š GBP/USD: Testing 499 sample points
2025-11-23 23:13:05,059 [INFO] ðŸŽ¯ Target network updated (#100)
2025-11-23 23:13:05,918 [INFO] ðŸŽ¯ Target network updated (#125)
2025-11-23 23:13:06,826 [INFO] ðŸŽ¯ Target network updated (#150)
2025-11-23 23:13:07,767 [INFO] ðŸŽ¯ Target network updated (#175)
2025-11-23 23:13:08,535 [INFO]   ðŸ“Š USD/JPY: Testing 499 sample points
2025-11-23 23:13:08,631 [INFO] ðŸŽ¯ Target network updated (#200)
2025-11-23 23:13:09,133 [INFO] ðŸŽ¯ Target network updated (#225)
2025-11-23 23:13:09,559 [INFO] ðŸŽ¯ Target network updated (#250)
2025-11-23 23:13:10,009 [INFO] ðŸŽ¯ Target network updated (#275)
2025-11-23 23:13:10,621 [INFO] ðŸŽ¯ Target network updated (#300)
2025-11-23 23:13:11,145 [INFO] ðŸŽ¯ Target network updated (#325)
2025-11-23 23:13:11,611 [INFO] ðŸŽ¯ Target network updated (#350)
2025-11-23 23:13:12,248 [INFO] ðŸŽ¯ Target network updated (#375)
2025-11-23 23:13:12,840 [INFO] ðŸŽ¯ Target network updated (#400)
2025-11-23 23:13:13,022 [INFO]   ðŸ“Š AUD/USD: Testing 499 sample points
2025-11-23 23:13:13,418 [INFO] ðŸŽ¯ Target network updated (#425)
2025-11-23 23:13:14,674 [INFO] ðŸŽ¯ Target network updated (#450)
2025-11-23 23:13:15,876 [INFO] ðŸŽ¯ Target network updated (#475)
2025-11-23 23:13:16,690 [INFO] 
ðŸ“Š Weekend Backtest Results by Pair:
2025-11-23 23:13:16,690 [INFO]   EUR/USD: 92 trades
2025-11-23 23:13:16,690 [INFO]   GBP/USD: 101 trades
2025-11-23 23:13:16,690 [INFO]   USD/JPY: 220 trades
2025-11-23 23:13:16,690 [INFO]   AUD/USD: 80 trades
2025-11-23 23:13:16,690 [INFO] âœ… Weekend backtest: 493 trades learned
2025-11-23 23:13:16,691 [INFO] ðŸ“Š Backtest Performance:
2025-11-23 23:13:16,691 [INFO]   Wins: 217/493 (44.0%)
2025-11-23 23:13:16,691 [INFO]   Avg Reward: 57.60
2025-11-23 23:13:16,691 [INFO]   Total P&L: $6.45830
2025-11-23 23:13:16,691 [INFO] ðŸŽ“ Weekend: 493 backtest + 0 pipeline = 493 total
2025-11-23 23:13:16,691 [INFO] 
ðŸ’¹ Fetching prices...
2025-11-23 23:13:16,691 [INFO] 
ðŸ” Checking trades...
2025-11-23 23:13:16,692 [INFO] 
ðŸ§  Generating signals...
2025-11-23 23:13:16,697 [INFO]   EUR/USD: Q=8.636, Conf=100.0%, Thresh=25.0%, HOLD
2025-11-23 23:13:16,703 [INFO]   GBP/USD: Q=8.174, Conf=100.0%, Thresh=25.0%, HOLD
2025-11-23 23:13:16,708 [INFO]   USD/JPY: Q=21.758, Conf=100.0%, Thresh=25.0%, HOLD
2025-11-23 23:13:16,714 [INFO]   AUD/USD: Q=8.355, Conf=100.0%, Thresh=25.0%, HOLD
2025-11-23 23:13:16,714 [INFO] 
ðŸ’¾ Saving...
2025-11-23 23:13:16,775 [INFO] ðŸ’¾ Saved: omega_signals.json
2025-11-23 23:13:20,061 [INFO] ðŸ’¾ Saved: experience_replay.json.gz
2025-11-23 23:13:20,180 [INFO] ðŸ’¾ Saved: network_weights.json
2025-11-23 23:13:20,243 [INFO] ðŸ’¾ Saved: learning_stats.json
2025-11-23 23:13:20,243 [INFO] ðŸ’¾ RL state saved: 14275 experiences, 11384 trades
2025-11-23 23:13:20,251 [INFO] 
======================================================================
2025-11-23 23:13:20,251 [INFO] ðŸ“Š RL AGENT DIAGNOSTICS
2025-11-23 23:13:20,251 [INFO] ======================================================================
2025-11-23 23:13:20,251 [INFO] 
ðŸŽ¯ Overall Performance:
2025-11-23 23:13:20,251 [INFO]   Total Trades: 11384
2025-11-23 23:13:20,251 [INFO]   Win Rate: 43.4%
2025-11-23 23:13:20,251 [INFO]   Total P&L: $186.78
2025-11-23 23:13:20,251 [INFO]   Avg Reward: 56.10
2025-11-23 23:13:20,251 [INFO]   Profitable Trades: 4940
2025-11-23 23:13:20,252 [INFO] 
ðŸ§  Learning Status:
2025-11-23 23:13:20,252 [INFO]   Current Epsilon: 0.1000
2025-11-23 23:13:20,252 [INFO]   Exploration Rate: 10.0%
2025-11-23 23:13:20,252 [INFO]   Total Updates: 11384
2025-11-23 23:13:20,252 [INFO]   Memory: 14275/15000 (95.2%)
2025-11-23 23:13:20,252 [INFO]   Q-Values: Î¼=36.0633, Ïƒ=10.1272
2025-11-23 23:13:20,252 [INFO] 
ðŸ’¡ Health Check:
2025-11-23 23:13:20,252 [INFO]   âœ… Win rate > 35% - Ready for live
2025-11-23 23:13:20,252 [INFO]   âœ… Positive P&L - Strategy profitable
2025-11-23 23:13:20,252 [INFO]   âœ… > 1000 trades - Good experience
2025-11-23 23:13:20,252 [INFO] ======================================================================
2025-11-23 23:13:20,252 [INFO] ðŸ“§ Email skipped (weekend mode)
2025-11-23 23:13:20,252 [INFO] 
======================================================================
2025-11-23 23:13:20,252 [INFO] âœ… CYCLE COMPLETE
2025-11-23 23:13:20,252 [INFO] ======================================================================
2025-11-23 23:13:20,252 [INFO] Iteration: #29 (GitHub Actions)
2025-11-23 23:13:20,252 [INFO] Mode: WEEKEND_LEARNING
2025-11-23 23:13:20,252 [INFO] RL Trades: 11384
2025-11-23 23:13:20,252 [INFO] Pipeline Trades: 0
2025-11-23 23:13:20,252 [INFO] Win Rate: 43.4%
2025-11-23 23:13:20,252 [INFO] Total P&L: $186.78
2025-11-23 23:13:20,252 [INFO] Active Trades: 0
2025-11-23 23:13:20,252 [INFO] Epsilon: 0.100
2025-11-23 23:13:20,252 [INFO] Memory: 14275 samples
2025-11-23 23:13:20,252 [INFO] 
âœ… Agent ready for cautious live trading
2025-11-23 23:13:20,253 [INFO] 
ðŸ§  Cycle complete (Iteration #29)
