2025-11-23 17:39:03,081 [INFO] ðŸ’° LIVE TRADING MODE ACTIVE
2025-11-23 17:39:03,092 [INFO] ======================================================================
2025-11-23 17:39:03,092 [INFO] ðŸ§  TRADE BEACON v18.1 - FIXED WEEKEND LEARNING
2025-11-23 17:39:03,092 [INFO] ======================================================================
2025-11-23 17:39:03,092 [INFO] ðŸ“… Mode: WEEKEND_LEARNING
2025-11-23 17:39:03,093 [INFO] âœ… Loaded: omega_iteration.json
2025-11-23 17:39:03,093 [INFO] ðŸ’¾ Saved: omega_iteration.json
2025-11-23 17:39:03,359 [INFO] âœ… Loaded: experience_replay.json.gz
2025-11-23 17:39:03,369 [INFO] âœ… Loaded 8521 experiences
2025-11-23 17:39:03,381 [INFO] âœ… Loaded: network_weights.json
2025-11-23 17:39:03,382 [INFO] âœ… Loaded Q-networks
2025-11-23 17:39:03,385 [INFO] âœ… Loaded: learning_stats.json
2025-11-23 17:39:03,385 [INFO] âœ… Loaded stats: 5630 trades
2025-11-23 17:39:03,385 [INFO] ðŸ§  RL Agent initialized: 8521 experiences
2025-11-23 17:39:03,386 [INFO] âœ… Connected to pipeline database
2025-11-23 17:39:03,386 [INFO] 
ðŸ“Š Iteration #18 | GitHub Actions | WEEKEND_LEARNING
2025-11-23 17:39:03,386 [INFO] ðŸ“‚ Loading data from: /home/runner/work/forex-ai-models/forex-ai-models/data/processed
2025-11-23 17:39:03,403 [INFO] âœ… EUR/USD [1h]: 5571 rows
2025-11-23 17:39:03,411 [INFO] âœ… EUR/USD [1d]: 1302 rows
2025-11-23 17:39:03,436 [INFO] âœ… EUR/USD [1h]: 9880 rows
2025-11-23 17:39:03,469 [INFO] âœ… EUR/USD [1h]: 12379 rows
2025-11-23 17:39:03,487 [INFO] âœ… EUR/USD [1h]: 6510 rows
2025-11-23 17:39:03,504 [INFO] âœ… GBP/USD [1h]: 5566 rows
2025-11-23 17:39:03,535 [INFO] âœ… GBP/USD [1h]: 12380 rows
2025-11-23 17:39:03,554 [INFO] âœ… GBP/USD [1h]: 6510 rows
2025-11-23 17:39:03,581 [INFO] âœ… GBP/USD [1h]: 9882 rows
2025-11-23 17:39:03,588 [INFO] âœ… GBP/USD [1d]: 1303 rows
2025-11-23 17:39:03,595 [INFO] âœ… USD/JPY [1d]: 1302 rows
2025-11-23 17:39:03,628 [INFO] âœ… USD/JPY [1h]: 12307 rows
2025-11-23 17:39:03,647 [INFO] âœ… USD/JPY [1h]: 6493 rows
2025-11-23 17:39:03,755 [INFO] âœ… USD/JPY [1h]: 9833 rows
2025-11-23 17:39:03,771 [INFO] âœ… USD/JPY [1h]: 5544 rows
2025-11-23 17:39:03,786 [INFO] âœ… AUD/USD [1h]: 4943 rows
2025-11-23 17:39:03,802 [INFO] âœ… AUD/USD [1h]: 5583 rows
2025-11-23 17:39:03,809 [INFO] âœ… AUD/USD [1d]: 1303 rows
2025-11-23 17:39:03,826 [INFO] âœ… AUD/USD [1h]: 6521 rows
2025-11-23 17:39:03,856 [INFO] âœ… AUD/USD [1h]: 12446 rows
2025-11-23 17:39:03,857 [INFO] âœ… Loaded 4 pairs
2025-11-23 17:39:03,857 [WARNING] âš ï¸ Load failed: Not a gzipped file (b'{\n')
2025-11-23 17:39:03,857 [INFO] 
ðŸ’¾ Syncing with Pipeline Database...
2025-11-23 17:39:03,857 [INFO] â„¹ï¸ No new pipeline trades to learn from
2025-11-23 17:39:03,857 [INFO] 
ðŸ’¾ Pipeline Stats:
2025-11-23 17:39:03,858 [INFO]   Total Trades: 0
2025-11-23 17:39:03,858 [INFO]   Win Rate: 0.0%
2025-11-23 17:39:03,858 [INFO]   Total P&L: $0.00000
2025-11-23 17:39:03,858 [INFO]   Trades Learned by RL: 0
2025-11-23 17:39:03,858 [INFO] 
ðŸŽ“ WEEKEND LEARNING MODE: Running backtest (FIXED)...
2025-11-23 17:39:03,858 [INFO]   ðŸ“Š EUR/USD: Testing 499 sample points
2025-11-23 17:39:04,973 [INFO] ðŸŽ¯ Target network updated (#25)
2025-11-23 17:39:05,861 [INFO] ðŸŽ¯ Target network updated (#50)
2025-11-23 17:39:06,673 [INFO] ðŸŽ¯ Target network updated (#75)
2025-11-23 17:39:07,182 [INFO]   ðŸ“Š GBP/USD: Testing 499 sample points
2025-11-23 17:39:07,927 [INFO] ðŸŽ¯ Target network updated (#100)
2025-11-23 17:39:08,950 [INFO] ðŸŽ¯ Target network updated (#125)
2025-11-23 17:39:09,964 [INFO] ðŸŽ¯ Target network updated (#150)
2025-11-23 17:39:10,717 [INFO]   ðŸ“Š USD/JPY: Testing 499 sample points
2025-11-23 17:39:10,829 [INFO] ðŸŽ¯ Target network updated (#175)
2025-11-23 17:39:11,270 [INFO] ðŸŽ¯ Target network updated (#200)
2025-11-23 17:39:11,753 [INFO] ðŸŽ¯ Target network updated (#225)
2025-11-23 17:39:12,273 [INFO] ðŸŽ¯ Target network updated (#250)
2025-11-23 17:39:12,656 [INFO] ðŸŽ¯ Target network updated (#275)
2025-11-23 17:39:13,056 [INFO] ðŸŽ¯ Target network updated (#300)
2025-11-23 17:39:13,430 [INFO] ðŸŽ¯ Target network updated (#325)
2025-11-23 17:39:13,883 [INFO] ðŸŽ¯ Target network updated (#350)
2025-11-23 17:39:14,570 [INFO] ðŸŽ¯ Target network updated (#375)
2025-11-23 17:39:15,087 [INFO] ðŸŽ¯ Target network updated (#400)
2025-11-23 17:39:15,360 [INFO]   ðŸ“Š AUD/USD: Testing 499 sample points
2025-11-23 17:39:15,900 [INFO] ðŸŽ¯ Target network updated (#425)
2025-11-23 17:39:16,868 [INFO] ðŸŽ¯ Target network updated (#450)
2025-11-23 17:39:18,027 [INFO] ðŸŽ¯ Target network updated (#475)
2025-11-23 17:39:19,069 [INFO] 
ðŸ“Š Weekend Backtest Results by Pair:
2025-11-23 17:39:19,069 [INFO]   EUR/USD: 85 trades
2025-11-23 17:39:19,069 [INFO]   GBP/USD: 84 trades
2025-11-23 17:39:19,069 [INFO]   USD/JPY: 241 trades
2025-11-23 17:39:19,069 [INFO]   AUD/USD: 85 trades
2025-11-23 17:39:19,069 [INFO] âœ… Weekend backtest: 495 trades learned
2025-11-23 17:39:19,070 [INFO] ðŸ“Š Backtest Performance:
2025-11-23 17:39:19,070 [INFO]   Wins: 211/495 (42.6%)
2025-11-23 17:39:19,070 [INFO]   Avg Reward: 58.75
2025-11-23 17:39:19,070 [INFO]   Total P&L: $10.09451
2025-11-23 17:39:19,070 [INFO] ðŸŽ“ Weekend: 495 backtest + 0 pipeline = 495 total
2025-11-23 17:39:19,070 [INFO] 
ðŸ’¹ Fetching prices...
2025-11-23 17:39:19,071 [INFO] 
ðŸ” Checking trades...
2025-11-23 17:39:19,071 [INFO] 
ðŸ§  Generating signals...
2025-11-23 17:39:19,076 [INFO]   EUR/USD: Q=1.725, Conf=100.0%, Thresh=25.0%, HOLD
2025-11-23 17:39:19,082 [INFO]   GBP/USD: Q=2.316, Conf=100.0%, Thresh=25.0%, HOLD
2025-11-23 17:39:19,087 [INFO]   USD/JPY: Q=26.059, Conf=100.0%, Thresh=25.0%, HOLD
2025-11-23 17:39:19,093 [INFO]   AUD/USD: Q=2.733, Conf=100.0%, Thresh=25.0%, HOLD
2025-11-23 17:39:19,093 [INFO] 
ðŸ’¾ Saving...
2025-11-23 17:39:19,128 [INFO] ðŸ’¾ Saved: omega_signals.json
2025-11-23 17:39:21,146 [INFO] ðŸ’¾ Saved: experience_replay.json.gz
2025-11-23 17:39:21,266 [INFO] ðŸ’¾ Saved: network_weights.json
2025-11-23 17:39:21,301 [INFO] ðŸ’¾ Saved: learning_stats.json
2025-11-23 17:39:21,301 [INFO] ðŸ’¾ RL state saved: 9016 experiences, 6125 trades
2025-11-23 17:39:21,307 [INFO] 
======================================================================
2025-11-23 17:39:21,307 [INFO] ðŸ“Š RL AGENT DIAGNOSTICS
2025-11-23 17:39:21,307 [INFO] ======================================================================
2025-11-23 17:39:21,307 [INFO] 
ðŸŽ¯ Overall Performance:
2025-11-23 17:39:21,307 [INFO]   Total Trades: 6125
2025-11-23 17:39:21,307 [INFO]   Win Rate: 42.4%
2025-11-23 17:39:21,307 [INFO]   Total P&L: $69.44
2025-11-23 17:39:21,307 [INFO]   Avg Reward: 51.09
2025-11-23 17:39:21,307 [INFO]   Profitable Trades: 2596
2025-11-23 17:39:21,308 [INFO] 
ðŸ§  Learning Status:
2025-11-23 17:39:21,308 [INFO]   Current Epsilon: 0.1000
2025-11-23 17:39:21,308 [INFO]   Exploration Rate: 10.0%
2025-11-23 17:39:21,308 [INFO]   Total Updates: 6125
2025-11-23 17:39:21,308 [INFO]   Memory: 9016/15000 (60.1%)
2025-11-23 17:39:21,308 [INFO]   Q-Values: Î¼=11.4080, Ïƒ=1.6881
2025-11-23 17:39:21,308 [INFO] 
ðŸ’¡ Health Check:
2025-11-23 17:39:21,308 [INFO]   âœ… Win rate > 35% - Ready for live
2025-11-23 17:39:21,308 [INFO]   âœ… Positive P&L - Strategy profitable
2025-11-23 17:39:21,308 [INFO]   âœ… > 1000 trades - Good experience
2025-11-23 17:39:21,308 [INFO] ======================================================================
2025-11-23 17:39:21,308 [INFO] ðŸ“§ Email skipped (weekend mode)
2025-11-23 17:39:21,308 [INFO] 
======================================================================
2025-11-23 17:39:21,308 [INFO] âœ… CYCLE COMPLETE
2025-11-23 17:39:21,308 [INFO] ======================================================================
2025-11-23 17:39:21,308 [INFO] Iteration: #18 (GitHub Actions)
2025-11-23 17:39:21,308 [INFO] Mode: WEEKEND_LEARNING
2025-11-23 17:39:21,308 [INFO] RL Trades: 6125
2025-11-23 17:39:21,308 [INFO] Pipeline Trades: 0
2025-11-23 17:39:21,308 [INFO] Win Rate: 42.4%
2025-11-23 17:39:21,308 [INFO] Total P&L: $69.44
2025-11-23 17:39:21,308 [INFO] Active Trades: 0
2025-11-23 17:39:21,308 [INFO] Epsilon: 0.100
2025-11-23 17:39:21,308 [INFO] Memory: 9016 samples
2025-11-23 17:39:21,309 [INFO] 
âœ… Agent ready for cautious live trading
2025-11-23 17:39:21,309 [INFO] 
ðŸ§  Cycle complete (Iteration #18)
