2025-11-23 20:41:29,399 [INFO] ðŸ’° LIVE TRADING MODE ACTIVE
2025-11-23 20:41:29,409 [INFO] ======================================================================
2025-11-23 20:41:29,409 [INFO] ðŸ§  TRADE BEACON v18.1 - FIXED WEEKEND LEARNING
2025-11-23 20:41:29,409 [INFO] ======================================================================
2025-11-23 20:41:29,409 [INFO] ðŸ“… Mode: WEEKEND_LEARNING
2025-11-23 20:41:29,410 [INFO] âœ… Loaded: omega_iteration.json
2025-11-23 20:41:29,410 [INFO] ðŸ’¾ Saved: omega_iteration.json
2025-11-23 20:41:29,736 [INFO] âœ… Loaded: experience_replay.json.gz
2025-11-23 20:41:29,749 [INFO] âœ… Loaded 11431 experiences
2025-11-23 20:41:29,761 [INFO] âœ… Loaded: network_weights.json
2025-11-23 20:41:29,762 [INFO] âœ… Loaded Q-networks
2025-11-23 20:41:29,766 [INFO] âœ… Loaded: learning_stats.json
2025-11-23 20:41:29,766 [INFO] âœ… Loaded stats: 8540 trades
2025-11-23 20:41:29,768 [INFO] ðŸ§  RL Agent initialized: 11431 experiences
2025-11-23 20:41:29,768 [INFO] âœ… Connected to pipeline database
2025-11-23 20:41:29,769 [INFO] 
ðŸ“Š Iteration #24 | GitHub Actions | WEEKEND_LEARNING
2025-11-23 20:41:29,769 [INFO] ðŸ“‚ Loading data from: /home/runner/work/forex-ai-models/forex-ai-models/data/processed
2025-11-23 20:41:29,788 [INFO] âœ… EUR/USD [1h]: 5571 rows
2025-11-23 20:41:29,795 [INFO] âœ… EUR/USD [1d]: 1303 rows
2025-11-23 20:41:29,822 [INFO] âœ… EUR/USD [1h]: 9880 rows
2025-11-23 20:41:29,854 [INFO] âœ… EUR/USD [1h]: 12379 rows
2025-11-23 20:41:29,872 [INFO] âœ… EUR/USD [1h]: 6510 rows
2025-11-23 20:41:29,889 [INFO] âœ… GBP/USD [1h]: 5566 rows
2025-11-23 20:41:30,010 [INFO] âœ… GBP/USD [1h]: 12380 rows
2025-11-23 20:41:30,030 [INFO] âœ… GBP/USD [1h]: 6510 rows
2025-11-23 20:41:30,055 [INFO] âœ… GBP/USD [1h]: 9882 rows
2025-11-23 20:41:30,063 [INFO] âœ… GBP/USD [1d]: 1303 rows
2025-11-23 20:41:30,070 [INFO] âœ… USD/JPY [1d]: 1303 rows
2025-11-23 20:41:30,101 [INFO] âœ… USD/JPY [1h]: 12307 rows
2025-11-23 20:41:30,119 [INFO] âœ… USD/JPY [1h]: 6493 rows
2025-11-23 20:41:30,145 [INFO] âœ… USD/JPY [1h]: 9833 rows
2025-11-23 20:41:30,162 [INFO] âœ… USD/JPY [1h]: 5544 rows
2025-11-23 20:41:30,177 [INFO] âœ… AUD/USD [1h]: 4943 rows
2025-11-23 20:41:30,193 [INFO] âœ… AUD/USD [1h]: 5583 rows
2025-11-23 20:41:30,200 [INFO] âœ… AUD/USD [1d]: 1303 rows
2025-11-23 20:41:30,218 [INFO] âœ… AUD/USD [1h]: 6521 rows
2025-11-23 20:41:30,251 [INFO] âœ… AUD/USD [1h]: 12446 rows
2025-11-23 20:41:30,251 [INFO] âœ… Loaded 4 pairs
2025-11-23 20:41:30,251 [WARNING] âš ï¸ Load failed: Not a gzipped file (b'{\n')
2025-11-23 20:41:30,251 [INFO] 
ðŸ’¾ Syncing with Pipeline Database...
2025-11-23 20:41:30,252 [INFO] â„¹ï¸ No new pipeline trades to learn from
2025-11-23 20:41:30,252 [INFO] 
ðŸ’¾ Pipeline Stats:
2025-11-23 20:41:30,252 [INFO]   Total Trades: 0
2025-11-23 20:41:30,252 [INFO]   Win Rate: 0.0%
2025-11-23 20:41:30,252 [INFO]   Total P&L: $0.00000
2025-11-23 20:41:30,252 [INFO]   Trades Learned by RL: 0
2025-11-23 20:41:30,252 [INFO] 
ðŸŽ“ WEEKEND LEARNING MODE: Running backtest (FIXED)...
2025-11-23 20:41:30,252 [INFO]   ðŸ“Š EUR/USD: Testing 499 sample points
2025-11-23 20:41:31,018 [INFO] ðŸŽ¯ Target network updated (#25)
2025-11-23 20:41:31,998 [INFO] ðŸŽ¯ Target network updated (#50)
2025-11-23 20:41:33,034 [INFO] ðŸŽ¯ Target network updated (#75)
2025-11-23 20:41:33,624 [INFO]   ðŸ“Š GBP/USD: Testing 499 sample points
2025-11-23 20:41:34,347 [INFO] ðŸŽ¯ Target network updated (#100)
2025-11-23 20:41:35,111 [INFO] ðŸŽ¯ Target network updated (#125)
2025-11-23 20:41:36,059 [INFO] ðŸŽ¯ Target network updated (#150)
2025-11-23 20:41:36,975 [INFO] ðŸŽ¯ Target network updated (#175)
2025-11-23 20:41:37,311 [INFO]   ðŸ“Š USD/JPY: Testing 499 sample points
2025-11-23 20:41:37,624 [INFO] ðŸŽ¯ Target network updated (#200)
2025-11-23 20:41:38,116 [INFO] ðŸŽ¯ Target network updated (#225)
2025-11-23 20:41:38,639 [INFO] ðŸŽ¯ Target network updated (#250)
2025-11-23 20:41:39,084 [INFO] ðŸŽ¯ Target network updated (#275)
2025-11-23 20:41:39,640 [INFO] ðŸŽ¯ Target network updated (#300)
2025-11-23 20:41:40,186 [INFO] ðŸŽ¯ Target network updated (#325)
2025-11-23 20:41:40,797 [INFO] ðŸŽ¯ Target network updated (#350)
2025-11-23 20:41:41,381 [INFO] ðŸŽ¯ Target network updated (#375)
2025-11-23 20:41:41,824 [INFO] ðŸŽ¯ Target network updated (#400)
2025-11-23 20:41:41,873 [INFO]   ðŸ“Š AUD/USD: Testing 499 sample points
2025-11-23 20:41:42,827 [INFO] ðŸŽ¯ Target network updated (#425)
2025-11-23 20:41:43,867 [INFO] ðŸŽ¯ Target network updated (#450)
2025-11-23 20:41:45,074 [INFO] ðŸŽ¯ Target network updated (#475)
2025-11-23 20:41:45,603 [INFO] 
ðŸ“Š Weekend Backtest Results by Pair:
2025-11-23 20:41:45,603 [INFO]   EUR/USD: 86 trades
2025-11-23 20:41:45,603 [INFO]   GBP/USD: 96 trades
2025-11-23 20:41:45,603 [INFO]   USD/JPY: 221 trades
2025-11-23 20:41:45,603 [INFO]   AUD/USD: 83 trades
2025-11-23 20:41:45,603 [INFO] âœ… Weekend backtest: 486 trades learned
2025-11-23 20:41:45,604 [INFO] ðŸ“Š Backtest Performance:
2025-11-23 20:41:45,604 [INFO]   Wins: 216/486 (44.4%)
2025-11-23 20:41:45,604 [INFO]   Avg Reward: 58.63
2025-11-23 20:41:45,604 [INFO]   Total P&L: $5.89353
2025-11-23 20:41:45,604 [INFO] ðŸŽ“ Weekend: 486 backtest + 0 pipeline = 486 total
2025-11-23 20:41:45,604 [INFO] 
ðŸ’¹ Fetching prices...
2025-11-23 20:41:45,604 [INFO] 
ðŸ” Checking trades...
2025-11-23 20:41:45,604 [INFO] 
ðŸ§  Generating signals...
2025-11-23 20:41:45,610 [INFO]   EUR/USD: Q=5.239, Conf=100.0%, Thresh=25.0%, HOLD
2025-11-23 20:41:45,616 [INFO]   GBP/USD: Q=6.156, Conf=100.0%, Thresh=25.0%, HOLD
2025-11-23 20:41:45,621 [INFO]   USD/JPY: Q=17.581, Conf=100.0%, Thresh=25.0%, HOLD
2025-11-23 20:41:45,627 [INFO]   AUD/USD: Q=7.071, Conf=100.0%, Thresh=25.0%, HOLD
2025-11-23 20:41:45,627 [INFO] 
ðŸ’¾ Saving...
2025-11-23 20:41:45,675 [INFO] ðŸ’¾ Saved: omega_signals.json
2025-11-23 20:41:48,439 [INFO] ðŸ’¾ Saved: experience_replay.json.gz
2025-11-23 20:41:48,559 [INFO] ðŸ’¾ Saved: network_weights.json
2025-11-23 20:41:48,609 [INFO] ðŸ’¾ Saved: learning_stats.json
2025-11-23 20:41:48,609 [INFO] ðŸ’¾ RL state saved: 11917 experiences, 9026 trades
2025-11-23 20:41:48,617 [INFO] 
======================================================================
2025-11-23 20:41:48,617 [INFO] ðŸ“Š RL AGENT DIAGNOSTICS
2025-11-23 20:41:48,617 [INFO] ======================================================================
2025-11-23 20:41:48,617 [INFO] 
ðŸŽ¯ Overall Performance:
2025-11-23 20:41:48,617 [INFO]   Total Trades: 9026
2025-11-23 20:41:48,617 [INFO]   Win Rate: 43.0%
2025-11-23 20:41:48,617 [INFO]   Total P&L: $128.98
2025-11-23 20:41:48,617 [INFO]   Avg Reward: 54.38
2025-11-23 20:41:48,617 [INFO]   Profitable Trades: 3880
2025-11-23 20:41:48,617 [INFO] 
ðŸ§  Learning Status:
2025-11-23 20:41:48,617 [INFO]   Current Epsilon: 0.1000
2025-11-23 20:41:48,617 [INFO]   Exploration Rate: 10.0%
2025-11-23 20:41:48,617 [INFO]   Total Updates: 9026
2025-11-23 20:41:48,617 [INFO]   Memory: 11917/15000 (79.4%)
2025-11-23 20:41:48,617 [INFO]   Q-Values: Î¼=30.4394, Ïƒ=11.3286
2025-11-23 20:41:48,617 [INFO] 
ðŸ’¡ Health Check:
2025-11-23 20:41:48,618 [INFO]   âœ… Win rate > 35% - Ready for live
2025-11-23 20:41:48,618 [INFO]   âœ… Positive P&L - Strategy profitable
2025-11-23 20:41:48,618 [INFO]   âœ… > 1000 trades - Good experience
2025-11-23 20:41:48,618 [INFO] ======================================================================
2025-11-23 20:41:48,618 [INFO] ðŸ“§ Email skipped (weekend mode)
2025-11-23 20:41:48,618 [INFO] 
======================================================================
2025-11-23 20:41:48,618 [INFO] âœ… CYCLE COMPLETE
2025-11-23 20:41:48,618 [INFO] ======================================================================
2025-11-23 20:41:48,618 [INFO] Iteration: #24 (GitHub Actions)
2025-11-23 20:41:48,618 [INFO] Mode: WEEKEND_LEARNING
2025-11-23 20:41:48,618 [INFO] RL Trades: 9026
2025-11-23 20:41:48,618 [INFO] Pipeline Trades: 0
2025-11-23 20:41:48,618 [INFO] Win Rate: 43.0%
2025-11-23 20:41:48,618 [INFO] Total P&L: $128.98
2025-11-23 20:41:48,618 [INFO] Active Trades: 0
2025-11-23 20:41:48,618 [INFO] Epsilon: 0.100
2025-11-23 20:41:48,618 [INFO] Memory: 11917 samples
2025-11-23 20:41:48,618 [INFO] 
âœ… Agent ready for cautious live trading
2025-11-23 20:41:48,618 [INFO] 
ðŸ§  Cycle complete (Iteration #24)
