2025-11-23 21:36:58,434 [INFO] ðŸ’° LIVE TRADING MODE ACTIVE
2025-11-23 21:36:58,446 [INFO] ======================================================================
2025-11-23 21:36:58,447 [INFO] ðŸ§  TRADE BEACON v18.1 - FIXED WEEKEND LEARNING
2025-11-23 21:36:58,447 [INFO] ======================================================================
2025-11-23 21:36:58,447 [INFO] ðŸ“… Mode: WEEKEND_LEARNING
2025-11-23 21:36:58,447 [INFO] âœ… Loaded: omega_iteration.json
2025-11-23 21:36:58,448 [INFO] ðŸ’¾ Saved: omega_iteration.json
2025-11-23 21:36:58,797 [INFO] âœ… Loaded: experience_replay.json.gz
2025-11-23 21:36:58,812 [INFO] âœ… Loaded 12395 experiences
2025-11-23 21:36:58,825 [INFO] âœ… Loaded: network_weights.json
2025-11-23 21:36:58,826 [INFO] âœ… Loaded Q-networks
2025-11-23 21:36:58,831 [INFO] âœ… Loaded: learning_stats.json
2025-11-23 21:36:58,831 [INFO] âœ… Loaded stats: 9504 trades
2025-11-23 21:36:58,833 [INFO] ðŸ§  RL Agent initialized: 12395 experiences
2025-11-23 21:36:58,833 [INFO] âœ… Connected to pipeline database
2025-11-23 21:36:58,833 [INFO] 
ðŸ“Š Iteration #26 | GitHub Actions | WEEKEND_LEARNING
2025-11-23 21:36:58,833 [INFO] ðŸ“‚ Loading data from: /home/runner/work/forex-ai-models/forex-ai-models/data/processed
2025-11-23 21:36:58,851 [INFO] âœ… EUR/USD [1h]: 5571 rows
2025-11-23 21:36:58,858 [INFO] âœ… EUR/USD [1d]: 1303 rows
2025-11-23 21:36:58,883 [INFO] âœ… EUR/USD [1h]: 9880 rows
2025-11-23 21:36:58,915 [INFO] âœ… EUR/USD [1h]: 12379 rows
2025-11-23 21:36:58,932 [INFO] âœ… EUR/USD [1h]: 6510 rows
2025-11-23 21:36:58,949 [INFO] âœ… GBP/USD [1h]: 5566 rows
2025-11-23 21:36:59,072 [INFO] âœ… GBP/USD [1h]: 12380 rows
2025-11-23 21:36:59,091 [INFO] âœ… GBP/USD [1h]: 6510 rows
2025-11-23 21:36:59,116 [INFO] âœ… GBP/USD [1h]: 9882 rows
2025-11-23 21:36:59,123 [INFO] âœ… GBP/USD [1d]: 1303 rows
2025-11-23 21:36:59,130 [INFO] âœ… USD/JPY [1d]: 1303 rows
2025-11-23 21:36:59,161 [INFO] âœ… USD/JPY [1h]: 12307 rows
2025-11-23 21:36:59,179 [INFO] âœ… USD/JPY [1h]: 6493 rows
2025-11-23 21:36:59,204 [INFO] âœ… USD/JPY [1h]: 9833 rows
2025-11-23 21:36:59,220 [INFO] âœ… USD/JPY [1h]: 5544 rows
2025-11-23 21:36:59,234 [INFO] âœ… AUD/USD [1h]: 4943 rows
2025-11-23 21:36:59,251 [INFO] âœ… AUD/USD [1h]: 5583 rows
2025-11-23 21:36:59,257 [INFO] âœ… AUD/USD [1d]: 1303 rows
2025-11-23 21:36:59,276 [INFO] âœ… AUD/USD [1h]: 6521 rows
2025-11-23 21:36:59,308 [INFO] âœ… AUD/USD [1h]: 12446 rows
2025-11-23 21:36:59,308 [INFO] âœ… Loaded 4 pairs
2025-11-23 21:36:59,308 [WARNING] âš ï¸ Load failed: Not a gzipped file (b'{\n')
2025-11-23 21:36:59,308 [INFO] 
ðŸ’¾ Syncing with Pipeline Database...
2025-11-23 21:36:59,309 [INFO] â„¹ï¸ No new pipeline trades to learn from
2025-11-23 21:36:59,309 [INFO] 
ðŸ’¾ Pipeline Stats:
2025-11-23 21:36:59,309 [INFO]   Total Trades: 0
2025-11-23 21:36:59,309 [INFO]   Win Rate: 0.0%
2025-11-23 21:36:59,309 [INFO]   Total P&L: $0.00000
2025-11-23 21:36:59,309 [INFO]   Trades Learned by RL: 0
2025-11-23 21:36:59,309 [INFO] 
ðŸŽ“ WEEKEND LEARNING MODE: Running backtest (FIXED)...
2025-11-23 21:36:59,309 [INFO]   ðŸ“Š EUR/USD: Testing 499 sample points
2025-11-23 21:37:00,360 [INFO] ðŸŽ¯ Target network updated (#25)
2025-11-23 21:37:01,610 [INFO] ðŸŽ¯ Target network updated (#50)
2025-11-23 21:37:02,495 [INFO]   ðŸ“Š GBP/USD: Testing 499 sample points
2025-11-23 21:37:02,694 [INFO] ðŸŽ¯ Target network updated (#75)
2025-11-23 21:37:03,672 [INFO] ðŸŽ¯ Target network updated (#100)
2025-11-23 21:37:04,672 [INFO] ðŸŽ¯ Target network updated (#125)
2025-11-23 21:37:05,658 [INFO] ðŸŽ¯ Target network updated (#150)
2025-11-23 21:37:06,066 [INFO]   ðŸ“Š USD/JPY: Testing 499 sample points
2025-11-23 21:37:06,354 [INFO] ðŸŽ¯ Target network updated (#175)
2025-11-23 21:37:06,893 [INFO] ðŸŽ¯ Target network updated (#200)
2025-11-23 21:37:07,350 [INFO] ðŸŽ¯ Target network updated (#225)
2025-11-23 21:37:07,748 [INFO] ðŸŽ¯ Target network updated (#250)
2025-11-23 21:37:08,280 [INFO] ðŸŽ¯ Target network updated (#275)
2025-11-23 21:37:08,822 [INFO] ðŸŽ¯ Target network updated (#300)
2025-11-23 21:37:09,373 [INFO] ðŸŽ¯ Target network updated (#325)
2025-11-23 21:37:10,116 [INFO] ðŸŽ¯ Target network updated (#350)
2025-11-23 21:37:10,441 [INFO]   ðŸ“Š AUD/USD: Testing 499 sample points
2025-11-23 21:37:10,607 [INFO] ðŸŽ¯ Target network updated (#375)
2025-11-23 21:37:11,563 [INFO] ðŸŽ¯ Target network updated (#400)
2025-11-23 21:37:12,472 [INFO] ðŸŽ¯ Target network updated (#425)
2025-11-23 21:37:13,476 [INFO] ðŸŽ¯ Target network updated (#450)
2025-11-23 21:37:14,256 [INFO] 
ðŸ“Š Weekend Backtest Results by Pair:
2025-11-23 21:37:14,257 [INFO]   EUR/USD: 70 trades
2025-11-23 21:37:14,257 [INFO]   GBP/USD: 90 trades
2025-11-23 21:37:14,257 [INFO]   USD/JPY: 210 trades
2025-11-23 21:37:14,257 [INFO]   AUD/USD: 97 trades
2025-11-23 21:37:14,257 [INFO] âœ… Weekend backtest: 467 trades learned
2025-11-23 21:37:14,257 [INFO] ðŸ“Š Backtest Performance:
2025-11-23 21:37:14,257 [INFO]   Wins: 203/467 (43.5%)
2025-11-23 21:37:14,257 [INFO]   Avg Reward: 61.06
2025-11-23 21:37:14,257 [INFO]   Total P&L: $11.55389
2025-11-23 21:37:14,258 [INFO] ðŸŽ“ Weekend: 467 backtest + 0 pipeline = 467 total
2025-11-23 21:37:14,258 [INFO] 
ðŸ’¹ Fetching prices...
2025-11-23 21:37:14,258 [INFO] 
ðŸ” Checking trades...
2025-11-23 21:37:14,258 [INFO] 
ðŸ§  Generating signals...
2025-11-23 21:37:14,264 [INFO]   EUR/USD: Q=2.626, Conf=100.0%, Thresh=25.0%, HOLD
2025-11-23 21:37:14,269 [INFO]   GBP/USD: Q=-0.006, Conf=100.0%, Thresh=25.0%, HOLD
2025-11-23 21:37:14,274 [INFO]   USD/JPY: Q=21.847, Conf=100.0%, Thresh=25.0%, HOLD
2025-11-23 21:37:14,280 [INFO]   AUD/USD: Q=5.051, Conf=100.0%, Thresh=25.0%, HOLD
2025-11-23 21:37:14,280 [INFO] 
ðŸ’¾ Saving...
2025-11-23 21:37:14,336 [INFO] ðŸ’¾ Saved: omega_signals.json
2025-11-23 21:37:17,330 [INFO] ðŸ’¾ Saved: experience_replay.json.gz
2025-11-23 21:37:17,452 [INFO] ðŸ’¾ Saved: network_weights.json
2025-11-23 21:37:17,508 [INFO] ðŸ’¾ Saved: learning_stats.json
2025-11-23 21:37:17,508 [INFO] ðŸ’¾ RL state saved: 12862 experiences, 9971 trades
2025-11-23 21:37:17,517 [INFO] 
======================================================================
2025-11-23 21:37:17,517 [INFO] ðŸ“Š RL AGENT DIAGNOSTICS
2025-11-23 21:37:17,517 [INFO] ======================================================================
2025-11-23 21:37:17,517 [INFO] 
ðŸŽ¯ Overall Performance:
2025-11-23 21:37:17,517 [INFO]   Total Trades: 9971
2025-11-23 21:37:17,517 [INFO]   Win Rate: 43.1%
2025-11-23 21:37:17,517 [INFO]   Total P&L: $155.53
2025-11-23 21:37:17,517 [INFO]   Avg Reward: 55.25
2025-11-23 21:37:17,517 [INFO]   Profitable Trades: 4301
2025-11-23 21:37:17,517 [INFO] 
ðŸ§  Learning Status:
2025-11-23 21:37:17,517 [INFO]   Current Epsilon: 0.1000
2025-11-23 21:37:17,517 [INFO]   Exploration Rate: 10.0%
2025-11-23 21:37:17,517 [INFO]   Total Updates: 9971
2025-11-23 21:37:17,517 [INFO]   Memory: 12862/15000 (85.7%)
2025-11-23 21:37:17,518 [INFO]   Q-Values: Î¼=32.5362, Ïƒ=12.3225
2025-11-23 21:37:17,518 [INFO] 
ðŸ’¡ Health Check:
2025-11-23 21:37:17,518 [INFO]   âœ… Win rate > 35% - Ready for live
2025-11-23 21:37:17,518 [INFO]   âœ… Positive P&L - Strategy profitable
2025-11-23 21:37:17,518 [INFO]   âœ… > 1000 trades - Good experience
2025-11-23 21:37:17,518 [INFO] ======================================================================
2025-11-23 21:37:17,518 [INFO] ðŸ“§ Email skipped (weekend mode)
2025-11-23 21:37:17,518 [INFO] 
======================================================================
2025-11-23 21:37:17,518 [INFO] âœ… CYCLE COMPLETE
2025-11-23 21:37:17,518 [INFO] ======================================================================
2025-11-23 21:37:17,518 [INFO] Iteration: #26 (GitHub Actions)
2025-11-23 21:37:17,518 [INFO] Mode: WEEKEND_LEARNING
2025-11-23 21:37:17,518 [INFO] RL Trades: 9971
2025-11-23 21:37:17,518 [INFO] Pipeline Trades: 0
2025-11-23 21:37:17,518 [INFO] Win Rate: 43.1%
2025-11-23 21:37:17,518 [INFO] Total P&L: $155.53
2025-11-23 21:37:17,518 [INFO] Active Trades: 0
2025-11-23 21:37:17,518 [INFO] Epsilon: 0.100
2025-11-23 21:37:17,518 [INFO] Memory: 12862 samples
2025-11-23 21:37:17,518 [INFO] 
âœ… Agent ready for cautious live trading
2025-11-23 21:37:17,519 [INFO] 
ðŸ§  Cycle complete (Iteration #26)
