2025-11-23 16:44:33,436 [INFO] ðŸ’° LIVE TRADING MODE ACTIVE
2025-11-23 16:44:33,447 [INFO] ======================================================================
2025-11-23 16:44:33,447 [INFO] ðŸ§  TRADE BEACON v18.1 - FIXED WEEKEND LEARNING
2025-11-23 16:44:33,447 [INFO] ======================================================================
2025-11-23 16:44:33,447 [INFO] ðŸ“… Mode: WEEKEND_LEARNING
2025-11-23 16:44:33,447 [INFO] âœ… Loaded: omega_iteration.json
2025-11-23 16:44:33,448 [INFO] ðŸ’¾ Saved: omega_iteration.json
2025-11-23 16:44:33,692 [INFO] âœ… Loaded: experience_replay.json.gz
2025-11-23 16:44:33,702 [INFO] âœ… Loaded 7814 experiences
2025-11-23 16:44:33,714 [INFO] âœ… Loaded: network_weights.json
2025-11-23 16:44:33,715 [INFO] âœ… Loaded Q-networks
2025-11-23 16:44:33,717 [INFO] âœ… Loaded: learning_stats.json
2025-11-23 16:44:33,717 [INFO] âœ… Loaded stats: 4923 trades
2025-11-23 16:44:33,718 [INFO] ðŸ§  RL Agent initialized: 7814 experiences
2025-11-23 16:44:33,718 [INFO] âœ… Connected to pipeline database
2025-11-23 16:44:33,718 [INFO] 
ðŸ“Š Iteration #16 | GitHub Actions | WEEKEND_LEARNING
2025-11-23 16:44:33,719 [INFO] ðŸ“‚ Loading data from: /home/runner/work/forex-ai-models/forex-ai-models/data/processed
2025-11-23 16:44:33,737 [INFO] âœ… EUR/USD [1h]: 5585 rows
2025-11-23 16:44:33,744 [INFO] âœ… EUR/USD [1d]: 1302 rows
2025-11-23 16:44:33,769 [INFO] âœ… EUR/USD [1h]: 9868 rows
2025-11-23 16:44:33,800 [INFO] âœ… EUR/USD [1h]: 12381 rows
2025-11-23 16:44:33,817 [INFO] âœ… EUR/USD [1h]: 6511 rows
2025-11-23 16:44:33,833 [INFO] âœ… GBP/USD [1h]: 5585 rows
2025-11-23 16:44:33,864 [INFO] âœ… GBP/USD [1h]: 12381 rows
2025-11-23 16:44:33,882 [INFO] âœ… GBP/USD [1h]: 6511 rows
2025-11-23 16:44:33,909 [INFO] âœ… GBP/USD [1h]: 9869 rows
2025-11-23 16:44:33,916 [INFO] âœ… GBP/USD [1d]: 1303 rows
2025-11-23 16:44:33,923 [INFO] âœ… USD/JPY [1d]: 1302 rows
2025-11-23 16:44:33,954 [INFO] âœ… USD/JPY [1h]: 12311 rows
2025-11-23 16:44:33,972 [INFO] âœ… USD/JPY [1h]: 6493 rows
2025-11-23 16:44:33,998 [INFO] âœ… USD/JPY [1h]: 9825 rows
2025-11-23 16:44:34,014 [INFO] âœ… USD/JPY [1h]: 5566 rows
2025-11-23 16:44:34,028 [INFO] âœ… AUD/USD [1h]: 4935 rows
2025-11-23 16:44:34,043 [INFO] âœ… AUD/USD [1h]: 5589 rows
2025-11-23 16:44:34,050 [INFO] âœ… AUD/USD [1d]: 1303 rows
2025-11-23 16:44:34,067 [INFO] âœ… AUD/USD [1h]: 6522 rows
2025-11-23 16:44:34,098 [INFO] âœ… AUD/USD [1h]: 12447 rows
2025-11-23 16:44:34,098 [INFO] âœ… Loaded 4 pairs
2025-11-23 16:44:34,098 [WARNING] âš ï¸ Load failed: Not a gzipped file (b'{\n')
2025-11-23 16:44:34,098 [INFO] 
ðŸ’¾ Syncing with Pipeline Database...
2025-11-23 16:44:34,099 [INFO] â„¹ï¸ No new pipeline trades to learn from
2025-11-23 16:44:34,099 [INFO] 
ðŸ’¾ Pipeline Stats:
2025-11-23 16:44:34,099 [INFO]   Total Trades: 0
2025-11-23 16:44:34,099 [INFO]   Win Rate: 0.0%
2025-11-23 16:44:34,099 [INFO]   Total P&L: $0.00000
2025-11-23 16:44:34,099 [INFO]   Trades Learned by RL: 0
2025-11-23 16:44:34,099 [INFO] 
ðŸŽ“ WEEKEND LEARNING MODE: Running backtest (FIXED)...
2025-11-23 16:44:34,099 [INFO]   ðŸ“Š EUR/USD: Testing 499 sample points
2025-11-23 16:44:35,374 [INFO] ðŸŽ¯ Target network updated (#25)
2025-11-23 16:44:36,430 [INFO] ðŸŽ¯ Target network updated (#50)
2025-11-23 16:44:37,398 [INFO] ðŸŽ¯ Target network updated (#75)
2025-11-23 16:44:37,420 [INFO]   ðŸ“Š GBP/USD: Testing 499 sample points
2025-11-23 16:44:38,428 [INFO] ðŸŽ¯ Target network updated (#100)
2025-11-23 16:44:39,558 [INFO] ðŸŽ¯ Target network updated (#125)
2025-11-23 16:44:40,576 [INFO] ðŸŽ¯ Target network updated (#150)
2025-11-23 16:44:41,002 [INFO]   ðŸ“Š USD/JPY: Testing 499 sample points
2025-11-23 16:44:41,281 [INFO] ðŸŽ¯ Target network updated (#175)
2025-11-23 16:44:41,830 [INFO] ðŸŽ¯ Target network updated (#200)
2025-11-23 16:44:42,329 [INFO] ðŸŽ¯ Target network updated (#225)
2025-11-23 16:44:43,096 [INFO] ðŸŽ¯ Target network updated (#250)
2025-11-23 16:44:44,017 [INFO] ðŸŽ¯ Target network updated (#275)
2025-11-23 16:44:44,659 [INFO]   ðŸ“Š AUD/USD: Testing 499 sample points
2025-11-23 16:44:44,915 [INFO] ðŸŽ¯ Target network updated (#300)
2025-11-23 16:44:45,975 [INFO] ðŸŽ¯ Target network updated (#325)
2025-11-23 16:44:47,178 [INFO] ðŸŽ¯ Target network updated (#350)
2025-11-23 16:44:48,177 [INFO] ðŸŽ¯ Target network updated (#375)
2025-11-23 16:44:48,303 [INFO] 
ðŸ“Š Weekend Backtest Results by Pair:
2025-11-23 16:44:48,303 [INFO]   EUR/USD: 75 trades
2025-11-23 16:44:48,303 [INFO]   GBP/USD: 90 trades
2025-11-23 16:44:48,303 [INFO]   USD/JPY: 131 trades
2025-11-23 16:44:48,303 [INFO]   AUD/USD: 83 trades
2025-11-23 16:44:48,303 [INFO] âœ… Weekend backtest: 379 trades learned
2025-11-23 16:44:48,303 [INFO] ðŸ“Š Backtest Performance:
2025-11-23 16:44:48,303 [INFO]   Wins: 153/379 (40.4%)
2025-11-23 16:44:48,303 [INFO]   Avg Reward: 44.09
2025-11-23 16:44:48,303 [INFO]   Total P&L: $2.63080
2025-11-23 16:44:48,304 [INFO] ðŸŽ“ Weekend: 379 backtest + 0 pipeline = 379 total
2025-11-23 16:44:48,304 [INFO] 
ðŸ’¹ Fetching prices...
2025-11-23 16:44:48,304 [INFO] 
ðŸ” Checking trades...
2025-11-23 16:44:48,304 [INFO] 
ðŸ§  Generating signals...
2025-11-23 16:44:48,309 [INFO]   EUR/USD: Q=5.522, Conf=100.0%, Thresh=25.0%, HOLD
2025-11-23 16:44:48,315 [INFO]   GBP/USD: Q=5.985, Conf=100.0%, Thresh=25.0%, HOLD
2025-11-23 16:44:48,320 [INFO]   USD/JPY: Q=35.454, Conf=100.0%, Thresh=25.0%, HOLD
2025-11-23 16:44:48,326 [INFO]   AUD/USD: Q=5.424, Conf=100.0%, Thresh=25.0%, HOLD
2025-11-23 16:44:48,326 [INFO] 
ðŸ’¾ Saving...
2025-11-23 16:44:48,356 [INFO] ðŸ’¾ Saved: omega_signals.json
2025-11-23 16:44:50,181 [INFO] ðŸ’¾ Saved: experience_replay.json.gz
2025-11-23 16:44:50,300 [INFO] ðŸ’¾ Saved: network_weights.json
2025-11-23 16:44:50,332 [INFO] ðŸ’¾ Saved: learning_stats.json
2025-11-23 16:44:50,332 [INFO] ðŸ’¾ RL state saved: 8193 experiences, 5302 trades
2025-11-23 16:44:50,337 [INFO] 
======================================================================
2025-11-23 16:44:50,337 [INFO] ðŸ“Š RL AGENT DIAGNOSTICS
2025-11-23 16:44:50,337 [INFO] ======================================================================
2025-11-23 16:44:50,337 [INFO] 
ðŸŽ¯ Overall Performance:
2025-11-23 16:44:50,337 [INFO]   Total Trades: 5302
2025-11-23 16:44:50,337 [INFO]   Win Rate: 42.5%
2025-11-23 16:44:50,337 [INFO]   Total P&L: $52.44
2025-11-23 16:44:50,337 [INFO]   Avg Reward: 50.67
2025-11-23 16:44:50,337 [INFO]   Profitable Trades: 2252
2025-11-23 16:44:50,337 [INFO] 
ðŸ§  Learning Status:
2025-11-23 16:44:50,337 [INFO]   Current Epsilon: 0.1000
2025-11-23 16:44:50,337 [INFO]   Exploration Rate: 10.0%
2025-11-23 16:44:50,337 [INFO]   Total Updates: 5302
2025-11-23 16:44:50,337 [INFO]   Memory: 8193/15000 (54.6%)
2025-11-23 16:44:50,337 [INFO]   Q-Values: Î¼=13.1071, Ïƒ=1.4646
2025-11-23 16:44:50,337 [INFO] 
ðŸ’¡ Health Check:
2025-11-23 16:44:50,337 [INFO]   âœ… Win rate > 35% - Ready for live
2025-11-23 16:44:50,337 [INFO]   âœ… Positive P&L - Strategy profitable
2025-11-23 16:44:50,337 [INFO]   âœ… > 1000 trades - Good experience
2025-11-23 16:44:50,337 [INFO] ======================================================================
2025-11-23 16:44:50,338 [INFO] ðŸ“§ Email skipped (weekend mode)
2025-11-23 16:44:50,338 [INFO] 
======================================================================
2025-11-23 16:44:50,338 [INFO] âœ… CYCLE COMPLETE
2025-11-23 16:44:50,338 [INFO] ======================================================================
2025-11-23 16:44:50,338 [INFO] Iteration: #16 (GitHub Actions)
2025-11-23 16:44:50,338 [INFO] Mode: WEEKEND_LEARNING
2025-11-23 16:44:50,338 [INFO] RL Trades: 5302
2025-11-23 16:44:50,338 [INFO] Pipeline Trades: 0
2025-11-23 16:44:50,338 [INFO] Win Rate: 42.5%
2025-11-23 16:44:50,338 [INFO] Total P&L: $52.44
2025-11-23 16:44:50,338 [INFO] Active Trades: 0
2025-11-23 16:44:50,338 [INFO] Epsilon: 0.100
2025-11-23 16:44:50,338 [INFO] Memory: 8193 samples
2025-11-23 16:44:50,338 [INFO] 
âœ… Agent ready for cautious live trading
2025-11-23 16:44:50,338 [INFO] 
ðŸ§  Cycle complete (Iteration #16)
