2025-11-23 12:21:23,742 [INFO] ðŸ’° LIVE TRADING MODE ACTIVE
2025-11-23 12:21:23,753 [INFO] ======================================================================
2025-11-23 12:21:23,753 [INFO] ðŸ§  TRADE BEACON v18.1 - FIXED WEEKEND LEARNING
2025-11-23 12:21:23,753 [INFO] ======================================================================
2025-11-23 12:21:23,753 [INFO] ðŸ“… Mode: WEEKEND_LEARNING
2025-11-23 12:21:23,754 [INFO] âœ… Loaded: omega_iteration.json
2025-11-23 12:21:23,754 [INFO] ðŸ’¾ Saved: omega_iteration.json
2025-11-23 12:21:23,918 [INFO] âœ… Loaded: experience_replay.json.gz
2025-11-23 12:21:23,923 [INFO] âœ… Loaded 4600 experiences
2025-11-23 12:21:23,936 [INFO] âœ… Loaded: network_weights.json
2025-11-23 12:21:23,937 [INFO] âœ… Loaded Q-networks
2025-11-23 12:21:23,938 [INFO] âœ… Loaded: learning_stats.json
2025-11-23 12:21:23,938 [INFO] âœ… Loaded stats: 1709 trades
2025-11-23 12:21:23,938 [INFO] ðŸ§  RL Agent initialized: 4600 experiences
2025-11-23 12:21:23,938 [INFO] âœ… Connected to pipeline database
2025-11-23 12:21:23,939 [INFO] 
ðŸ“Š Iteration #7 | GitHub Actions | WEEKEND_LEARNING
2025-11-23 12:21:23,939 [INFO] ðŸ“‚ Loading data from: /home/runner/work/forex-ai-models/forex-ai-models/data/processed
2025-11-23 12:21:23,957 [INFO] âœ… EUR/USD [1h]: 5571 rows
2025-11-23 12:21:23,964 [INFO] âœ… EUR/USD [1d]: 1302 rows
2025-11-23 12:21:23,989 [INFO] âœ… EUR/USD [1h]: 9880 rows
2025-11-23 12:21:24,021 [INFO] âœ… EUR/USD [1h]: 12379 rows
2025-11-23 12:21:24,043 [INFO] âœ… EUR/USD [1h]: 6510 rows
2025-11-23 12:21:24,060 [INFO] âœ… GBP/USD [1h]: 5566 rows
2025-11-23 12:21:24,093 [INFO] âœ… GBP/USD [1h]: 12380 rows
2025-11-23 12:21:24,111 [INFO] âœ… GBP/USD [1h]: 6510 rows
2025-11-23 12:21:24,135 [INFO] âœ… GBP/USD [1h]: 9882 rows
2025-11-23 12:21:24,142 [INFO] âœ… GBP/USD [1d]: 1303 rows
2025-11-23 12:21:24,149 [INFO] âœ… USD/JPY [1d]: 1302 rows
2025-11-23 12:21:24,249 [INFO] âœ… USD/JPY [1h]: 12307 rows
2025-11-23 12:21:24,268 [INFO] âœ… USD/JPY [1h]: 6493 rows
2025-11-23 12:21:24,293 [INFO] âœ… USD/JPY [1h]: 9833 rows
2025-11-23 12:21:24,309 [INFO] âœ… USD/JPY [1h]: 5544 rows
2025-11-23 12:21:24,323 [INFO] âœ… AUD/USD [1h]: 4943 rows
2025-11-23 12:21:24,339 [INFO] âœ… AUD/USD [1h]: 5583 rows
2025-11-23 12:21:24,345 [INFO] âœ… AUD/USD [1d]: 1303 rows
2025-11-23 12:21:24,362 [INFO] âœ… AUD/USD [1h]: 6521 rows
2025-11-23 12:21:24,394 [INFO] âœ… AUD/USD [1h]: 12446 rows
2025-11-23 12:21:24,394 [INFO] âœ… Loaded 4 pairs
2025-11-23 12:21:24,394 [WARNING] âš ï¸ Load failed: Not a gzipped file (b'{\n')
2025-11-23 12:21:24,394 [INFO] 
ðŸ’¾ Syncing with Pipeline Database...
2025-11-23 12:21:24,395 [INFO] â„¹ï¸ No new pipeline trades to learn from
2025-11-23 12:21:24,395 [INFO] 
ðŸ’¾ Pipeline Stats:
2025-11-23 12:21:24,395 [INFO]   Total Trades: 0
2025-11-23 12:21:24,395 [INFO]   Win Rate: 0.0%
2025-11-23 12:21:24,395 [INFO]   Total P&L: $0.00000
2025-11-23 12:21:24,395 [INFO]   Trades Learned by RL: 0
2025-11-23 12:21:24,395 [INFO] 
ðŸŽ“ WEEKEND LEARNING MODE: Running backtest (FIXED)...
2025-11-23 12:21:24,395 [INFO]   ðŸ“Š EUR/USD: Testing 499 sample points
2025-11-23 12:21:25,154 [INFO] ðŸŽ¯ Target network updated (#25)
2025-11-23 12:21:26,275 [INFO] ðŸŽ¯ Target network updated (#50)
2025-11-23 12:21:27,089 [INFO] ðŸŽ¯ Target network updated (#75)
2025-11-23 12:21:27,804 [INFO]   ðŸ“Š GBP/USD: Testing 499 sample points
2025-11-23 12:21:28,142 [INFO] ðŸŽ¯ Target network updated (#100)
2025-11-23 12:21:29,249 [INFO] ðŸŽ¯ Target network updated (#125)
2025-11-23 12:21:30,196 [INFO] ðŸŽ¯ Target network updated (#150)
2025-11-23 12:21:31,157 [INFO] ðŸŽ¯ Target network updated (#175)
2025-11-23 12:21:31,415 [INFO]   ðŸ“Š USD/JPY: Testing 499 sample points
2025-11-23 12:21:31,840 [INFO] ðŸŽ¯ Target network updated (#200)
2025-11-23 12:21:32,280 [INFO] ðŸŽ¯ Target network updated (#225)
2025-11-23 12:21:32,922 [INFO] ðŸŽ¯ Target network updated (#250)
2025-11-23 12:21:33,565 [INFO] ðŸŽ¯ Target network updated (#275)
2025-11-23 12:21:34,011 [INFO] ðŸŽ¯ Target network updated (#300)
2025-11-23 12:21:34,623 [INFO] ðŸŽ¯ Target network updated (#325)
2025-11-23 12:21:35,309 [INFO] ðŸŽ¯ Target network updated (#350)
2025-11-23 12:21:35,663 [INFO] ðŸŽ¯ Target network updated (#375)
2025-11-23 12:21:35,691 [INFO]   ðŸ“Š AUD/USD: Testing 499 sample points
2025-11-23 12:21:36,704 [INFO] ðŸŽ¯ Target network updated (#400)
2025-11-23 12:21:37,773 [INFO] ðŸŽ¯ Target network updated (#425)
2025-11-23 12:21:38,945 [INFO] ðŸŽ¯ Target network updated (#450)
2025-11-23 12:21:39,392 [INFO] 
ðŸ“Š Weekend Backtest Results by Pair:
2025-11-23 12:21:39,392 [INFO]   EUR/USD: 91 trades
2025-11-23 12:21:39,392 [INFO]   GBP/USD: 91 trades
2025-11-23 12:21:39,392 [INFO]   USD/JPY: 195 trades
2025-11-23 12:21:39,392 [INFO]   AUD/USD: 80 trades
2025-11-23 12:21:39,392 [INFO] âœ… Weekend backtest: 457 trades learned
2025-11-23 12:21:39,393 [INFO] ðŸ“Š Backtest Performance:
2025-11-23 12:21:39,393 [INFO]   Wins: 209/457 (45.7%)
2025-11-23 12:21:39,393 [INFO]   Avg Reward: 66.07
2025-11-23 12:21:39,393 [INFO]   Total P&L: $12.07362
2025-11-23 12:21:39,393 [INFO] ðŸŽ“ Weekend: 457 backtest + 0 pipeline = 457 total
2025-11-23 12:21:39,393 [INFO] 
ðŸ’¹ Fetching prices...
2025-11-23 12:21:39,394 [INFO] 
ðŸ” Checking trades...
2025-11-23 12:21:39,394 [INFO] 
ðŸ§  Generating signals...
2025-11-23 12:21:39,399 [INFO]   EUR/USD: Q=4.207, Conf=100.0%, Thresh=25.0%, HOLD
2025-11-23 12:21:39,405 [INFO]   GBP/USD: Q=4.377, Conf=100.0%, Thresh=25.0%, HOLD
2025-11-23 12:21:39,410 [INFO]   USD/JPY: Q=33.074, Conf=97.3%, Thresh=25.0%, BUY
2025-11-23 12:21:39,416 [INFO]   AUD/USD: Q=3.672, Conf=100.0%, Thresh=25.0%, HOLD
2025-11-23 12:21:39,416 [INFO] 
ðŸ’¾ Saving...
2025-11-23 12:21:39,430 [INFO] ðŸ’¾ Saved: omega_signals.json
2025-11-23 12:21:40,541 [INFO] ðŸ’¾ Saved: experience_replay.json.gz
2025-11-23 12:21:40,660 [INFO] ðŸ’¾ Saved: network_weights.json
2025-11-23 12:21:40,674 [INFO] ðŸ’¾ Saved: learning_stats.json
2025-11-23 12:21:40,674 [INFO] ðŸ’¾ RL state saved: 5057 experiences, 2166 trades
2025-11-23 12:21:40,677 [INFO] 
======================================================================
2025-11-23 12:21:40,678 [INFO] ðŸ“Š RL AGENT DIAGNOSTICS
2025-11-23 12:21:40,678 [INFO] ======================================================================
2025-11-23 12:21:40,678 [INFO] 
ðŸŽ¯ Overall Performance:
2025-11-23 12:21:40,678 [INFO]   Total Trades: 2166
2025-11-23 12:21:40,678 [INFO]   Win Rate: 44.1%
2025-11-23 12:21:40,678 [INFO]   Total P&L: $35.40
2025-11-23 12:21:40,678 [INFO]   Avg Reward: 61.21
2025-11-23 12:21:40,678 [INFO]   Profitable Trades: 956
2025-11-23 12:21:40,678 [INFO] 
ðŸ§  Learning Status:
2025-11-23 12:21:40,678 [INFO]   Current Epsilon: 0.1000
2025-11-23 12:21:40,678 [INFO]   Exploration Rate: 10.0%
2025-11-23 12:21:40,678 [INFO]   Total Updates: 2166
2025-11-23 12:21:40,678 [INFO]   Memory: 5057/15000 (33.7%)
2025-11-23 12:21:40,678 [INFO]   Q-Values: Î¼=12.1540, Ïƒ=2.0749
2025-11-23 12:21:40,678 [INFO] 
ðŸ’¡ Health Check:
2025-11-23 12:21:40,678 [INFO]   âœ… Win rate > 35% - Ready for live
2025-11-23 12:21:40,678 [INFO]   âœ… Positive P&L - Strategy profitable
2025-11-23 12:21:40,678 [INFO]   âœ… > 1000 trades - Good experience
2025-11-23 12:21:40,678 [INFO] ======================================================================
2025-11-23 12:21:40,678 [INFO] ðŸ“§ Email skipped (weekend mode)
2025-11-23 12:21:40,678 [INFO] 
======================================================================
2025-11-23 12:21:40,678 [INFO] âœ… CYCLE COMPLETE
2025-11-23 12:21:40,678 [INFO] ======================================================================
2025-11-23 12:21:40,678 [INFO] Iteration: #7 (GitHub Actions)
2025-11-23 12:21:40,679 [INFO] Mode: WEEKEND_LEARNING
2025-11-23 12:21:40,679 [INFO] RL Trades: 2166
2025-11-23 12:21:40,679 [INFO] Pipeline Trades: 0
2025-11-23 12:21:40,679 [INFO] Win Rate: 44.1%
2025-11-23 12:21:40,679 [INFO] Total P&L: $35.40
2025-11-23 12:21:40,679 [INFO] Active Trades: 0
2025-11-23 12:21:40,679 [INFO] Epsilon: 0.100
2025-11-23 12:21:40,679 [INFO] Memory: 5057 samples
2025-11-23 12:21:40,679 [INFO] 
âœ… Agent ready for cautious live trading
2025-11-23 12:21:40,679 [INFO] 
ðŸ§  Cycle complete (Iteration #7)
