2025-11-23 14:39:13,144 [INFO] ðŸ’° LIVE TRADING MODE ACTIVE
2025-11-23 14:39:13,155 [INFO] ======================================================================
2025-11-23 14:39:13,155 [INFO] ðŸ§  TRADE BEACON v18.1 - FIXED WEEKEND LEARNING
2025-11-23 14:39:13,155 [INFO] ======================================================================
2025-11-23 14:39:13,155 [INFO] ðŸ“… Mode: WEEKEND_LEARNING
2025-11-23 14:39:13,155 [INFO] âœ… Loaded: omega_iteration.json
2025-11-23 14:39:13,156 [INFO] ðŸ’¾ Saved: omega_iteration.json
2025-11-23 14:39:13,361 [INFO] âœ… Loaded: experience_replay.json.gz
2025-11-23 14:39:13,369 [INFO] âœ… Loaded 6420 experiences
2025-11-23 14:39:13,381 [INFO] âœ… Loaded: network_weights.json
2025-11-23 14:39:13,382 [INFO] âœ… Loaded Q-networks
2025-11-23 14:39:13,384 [INFO] âœ… Loaded: learning_stats.json
2025-11-23 14:39:13,384 [INFO] âœ… Loaded stats: 3529 trades
2025-11-23 14:39:13,385 [INFO] ðŸ§  RL Agent initialized: 6420 experiences
2025-11-23 14:39:13,385 [INFO] âœ… Connected to pipeline database
2025-11-23 14:39:13,385 [INFO] 
ðŸ“Š Iteration #12 | GitHub Actions | WEEKEND_LEARNING
2025-11-23 14:39:13,385 [INFO] ðŸ“‚ Loading data from: /home/runner/work/forex-ai-models/forex-ai-models/data/processed
2025-11-23 14:39:13,404 [INFO] âœ… EUR/USD [1h]: 5571 rows
2025-11-23 14:39:13,411 [INFO] âœ… EUR/USD [1d]: 1302 rows
2025-11-23 14:39:13,436 [INFO] âœ… EUR/USD [1h]: 9880 rows
2025-11-23 14:39:13,466 [INFO] âœ… EUR/USD [1h]: 12379 rows
2025-11-23 14:39:13,482 [INFO] âœ… EUR/USD [1h]: 6510 rows
2025-11-23 14:39:13,498 [INFO] âœ… GBP/USD [1h]: 5566 rows
2025-11-23 14:39:13,528 [INFO] âœ… GBP/USD [1h]: 12380 rows
2025-11-23 14:39:13,545 [INFO] âœ… GBP/USD [1h]: 6510 rows
2025-11-23 14:39:13,569 [INFO] âœ… GBP/USD [1h]: 9882 rows
2025-11-23 14:39:13,577 [INFO] âœ… GBP/USD [1d]: 1303 rows
2025-11-23 14:39:13,584 [INFO] âœ… USD/JPY [1d]: 1302 rows
2025-11-23 14:39:13,613 [INFO] âœ… USD/JPY [1h]: 12307 rows
2025-11-23 14:39:13,630 [INFO] âœ… USD/JPY [1h]: 6493 rows
2025-11-23 14:39:13,655 [INFO] âœ… USD/JPY [1h]: 9833 rows
2025-11-23 14:39:13,671 [INFO] âœ… USD/JPY [1h]: 5544 rows
2025-11-23 14:39:13,684 [INFO] âœ… AUD/USD [1h]: 4943 rows
2025-11-23 14:39:13,700 [INFO] âœ… AUD/USD [1h]: 5583 rows
2025-11-23 14:39:13,706 [INFO] âœ… AUD/USD [1d]: 1303 rows
2025-11-23 14:39:13,723 [INFO] âœ… AUD/USD [1h]: 6521 rows
2025-11-23 14:39:13,753 [INFO] âœ… AUD/USD [1h]: 12446 rows
2025-11-23 14:39:13,753 [INFO] âœ… Loaded 4 pairs
2025-11-23 14:39:13,753 [WARNING] âš ï¸ Load failed: Not a gzipped file (b'{\n')
2025-11-23 14:39:13,754 [INFO] 
ðŸ’¾ Syncing with Pipeline Database...
2025-11-23 14:39:13,754 [INFO] â„¹ï¸ No new pipeline trades to learn from
2025-11-23 14:39:13,754 [INFO] 
ðŸ’¾ Pipeline Stats:
2025-11-23 14:39:13,754 [INFO]   Total Trades: 0
2025-11-23 14:39:13,754 [INFO]   Win Rate: 0.0%
2025-11-23 14:39:13,754 [INFO]   Total P&L: $0.00000
2025-11-23 14:39:13,754 [INFO]   Trades Learned by RL: 0
2025-11-23 14:39:13,754 [INFO] 
ðŸŽ“ WEEKEND LEARNING MODE: Running backtest (FIXED)...
2025-11-23 14:39:13,754 [INFO]   ðŸ“Š EUR/USD: Testing 499 sample points
2025-11-23 14:39:14,888 [INFO] ðŸŽ¯ Target network updated (#25)
2025-11-23 14:39:15,993 [INFO] ðŸŽ¯ Target network updated (#50)
2025-11-23 14:39:16,717 [INFO] ðŸŽ¯ Target network updated (#75)
2025-11-23 14:39:17,085 [INFO]   ðŸ“Š GBP/USD: Testing 499 sample points
2025-11-23 14:39:17,799 [INFO] ðŸŽ¯ Target network updated (#100)
2025-11-23 14:39:18,937 [INFO] ðŸŽ¯ Target network updated (#125)
2025-11-23 14:39:20,127 [INFO] ðŸŽ¯ Target network updated (#150)
2025-11-23 14:39:20,502 [INFO]   ðŸ“Š USD/JPY: Testing 499 sample points
2025-11-23 14:39:20,988 [INFO] ðŸŽ¯ Target network updated (#175)
2025-11-23 14:39:21,991 [INFO] ðŸŽ¯ Target network updated (#200)
2025-11-23 14:39:22,910 [INFO] ðŸŽ¯ Target network updated (#225)
2025-11-23 14:39:23,721 [INFO]   ðŸ“Š AUD/USD: Testing 499 sample points
2025-11-23 14:39:24,042 [INFO] ðŸŽ¯ Target network updated (#250)
2025-11-23 14:39:25,316 [INFO] ðŸŽ¯ Target network updated (#275)
2025-11-23 14:39:26,367 [INFO] ðŸŽ¯ Target network updated (#300)
2025-11-23 14:39:27,324 [INFO] 
ðŸ“Š Weekend Backtest Results by Pair:
2025-11-23 14:39:27,324 [INFO]   EUR/USD: 81 trades
2025-11-23 14:39:27,325 [INFO]   GBP/USD: 75 trades
2025-11-23 14:39:27,325 [INFO]   USD/JPY: 87 trades
2025-11-23 14:39:27,325 [INFO]   AUD/USD: 78 trades
2025-11-23 14:39:27,325 [INFO] âœ… Weekend backtest: 321 trades learned
2025-11-23 14:39:27,325 [INFO] ðŸ“Š Backtest Performance:
2025-11-23 14:39:27,325 [INFO]   Wins: 129/321 (40.2%)
2025-11-23 14:39:27,325 [INFO]   Avg Reward: 35.06
2025-11-23 14:39:27,325 [INFO]   Total P&L: $-1.72137
2025-11-23 14:39:27,325 [INFO] ðŸŽ“ Weekend: 321 backtest + 0 pipeline = 321 total
2025-11-23 14:39:27,325 [INFO] 
ðŸ’¹ Fetching prices...
2025-11-23 14:39:27,326 [INFO] 
ðŸ” Checking trades...
2025-11-23 14:39:27,326 [INFO] 
ðŸ§  Generating signals...
2025-11-23 14:39:27,332 [INFO]   EUR/USD: Q=5.771, Conf=100.0%, Thresh=25.0%, HOLD
2025-11-23 14:39:27,337 [INFO]   GBP/USD: Q=4.423, Conf=100.0%, Thresh=25.0%, HOLD
2025-11-23 14:39:27,342 [INFO]   USD/JPY: Q=17.616, Conf=100.0%, Thresh=25.0%, HOLD
2025-11-23 14:39:27,348 [INFO]   AUD/USD: Q=6.321, Conf=100.0%, Thresh=25.0%, HOLD
2025-11-23 14:39:27,348 [INFO] 
ðŸ’¾ Saving...
2025-11-23 14:39:27,371 [INFO] ðŸ’¾ Saved: omega_signals.json
2025-11-23 14:39:28,879 [INFO] ðŸ’¾ Saved: experience_replay.json.gz
2025-11-23 14:39:28,999 [INFO] ðŸ’¾ Saved: network_weights.json
2025-11-23 14:39:29,023 [INFO] ðŸ’¾ Saved: learning_stats.json
2025-11-23 14:39:29,023 [INFO] ðŸ’¾ RL state saved: 6741 experiences, 3850 trades
2025-11-23 14:39:29,027 [INFO] 
======================================================================
2025-11-23 14:39:29,027 [INFO] ðŸ“Š RL AGENT DIAGNOSTICS
2025-11-23 14:39:29,027 [INFO] ======================================================================
2025-11-23 14:39:29,027 [INFO] 
ðŸŽ¯ Overall Performance:
2025-11-23 14:39:29,027 [INFO]   Total Trades: 3850
2025-11-23 14:39:29,027 [INFO]   Win Rate: 43.3%
2025-11-23 14:39:29,027 [INFO]   Total P&L: $39.57
2025-11-23 14:39:29,027 [INFO]   Avg Reward: 52.94
2025-11-23 14:39:29,027 [INFO]   Profitable Trades: 1666
2025-11-23 14:39:29,027 [INFO] 
ðŸ§  Learning Status:
2025-11-23 14:39:29,027 [INFO]   Current Epsilon: 0.1000
2025-11-23 14:39:29,027 [INFO]   Exploration Rate: 10.0%
2025-11-23 14:39:29,027 [INFO]   Total Updates: 3850
2025-11-23 14:39:29,027 [INFO]   Memory: 6741/15000 (44.9%)
2025-11-23 14:39:29,027 [INFO]   Q-Values: Î¼=14.7667, Ïƒ=1.2652
2025-11-23 14:39:29,027 [INFO] 
ðŸ’¡ Health Check:
2025-11-23 14:39:29,028 [INFO]   âœ… Win rate > 35% - Ready for live
2025-11-23 14:39:29,028 [INFO]   âœ… Positive P&L - Strategy profitable
2025-11-23 14:39:29,028 [INFO]   âœ… > 1000 trades - Good experience
2025-11-23 14:39:29,028 [INFO] ======================================================================
2025-11-23 14:39:29,028 [INFO] ðŸ“§ Email skipped (weekend mode)
2025-11-23 14:39:29,028 [INFO] 
======================================================================
2025-11-23 14:39:29,028 [INFO] âœ… CYCLE COMPLETE
2025-11-23 14:39:29,028 [INFO] ======================================================================
2025-11-23 14:39:29,028 [INFO] Iteration: #12 (GitHub Actions)
2025-11-23 14:39:29,028 [INFO] Mode: WEEKEND_LEARNING
2025-11-23 14:39:29,028 [INFO] RL Trades: 3850
2025-11-23 14:39:29,028 [INFO] Pipeline Trades: 0
2025-11-23 14:39:29,028 [INFO] Win Rate: 43.3%
2025-11-23 14:39:29,028 [INFO] Total P&L: $39.57
2025-11-23 14:39:29,028 [INFO] Active Trades: 0
2025-11-23 14:39:29,028 [INFO] Epsilon: 0.100
2025-11-23 14:39:29,028 [INFO] Memory: 6741 samples
2025-11-23 14:39:29,028 [INFO] 
âœ… Agent ready for cautious live trading
2025-11-23 14:39:29,028 [INFO] 
ðŸ§  Cycle complete (Iteration #12)
