2025-11-23 14:12:12,078 [INFO] ðŸ’° LIVE TRADING MODE ACTIVE
2025-11-23 14:12:12,088 [INFO] ======================================================================
2025-11-23 14:12:12,089 [INFO] ðŸ§  TRADE BEACON v18.1 - FIXED WEEKEND LEARNING
2025-11-23 14:12:12,089 [INFO] ======================================================================
2025-11-23 14:12:12,089 [INFO] ðŸ“… Mode: WEEKEND_LEARNING
2025-11-23 14:12:12,089 [INFO] âœ… Loaded: omega_iteration.json
2025-11-23 14:12:12,090 [INFO] ðŸ’¾ Saved: omega_iteration.json
2025-11-23 14:12:12,289 [INFO] âœ… Loaded: experience_replay.json.gz
2025-11-23 14:12:12,296 [INFO] âœ… Loaded 6083 experiences
2025-11-23 14:12:12,308 [INFO] âœ… Loaded: network_weights.json
2025-11-23 14:12:12,309 [INFO] âœ… Loaded Q-networks
2025-11-23 14:12:12,311 [INFO] âœ… Loaded: learning_stats.json
2025-11-23 14:12:12,311 [INFO] âœ… Loaded stats: 3192 trades
2025-11-23 14:12:12,312 [INFO] ðŸ§  RL Agent initialized: 6083 experiences
2025-11-23 14:12:12,312 [INFO] âœ… Connected to pipeline database
2025-11-23 14:12:12,312 [INFO] 
ðŸ“Š Iteration #11 | GitHub Actions | WEEKEND_LEARNING
2025-11-23 14:12:12,312 [INFO] ðŸ“‚ Loading data from: /home/runner/work/forex-ai-models/forex-ai-models/data/processed
2025-11-23 14:12:12,331 [INFO] âœ… EUR/USD [1h]: 5571 rows
2025-11-23 14:12:12,338 [INFO] âœ… EUR/USD [1d]: 1302 rows
2025-11-23 14:12:12,362 [INFO] âœ… EUR/USD [1h]: 9880 rows
2025-11-23 14:12:12,392 [INFO] âœ… EUR/USD [1h]: 12379 rows
2025-11-23 14:12:12,409 [INFO] âœ… EUR/USD [1h]: 6510 rows
2025-11-23 14:12:12,425 [INFO] âœ… GBP/USD [1h]: 5566 rows
2025-11-23 14:12:12,455 [INFO] âœ… GBP/USD [1h]: 12380 rows
2025-11-23 14:12:12,472 [INFO] âœ… GBP/USD [1h]: 6510 rows
2025-11-23 14:12:12,497 [INFO] âœ… GBP/USD [1h]: 9882 rows
2025-11-23 14:12:12,504 [INFO] âœ… GBP/USD [1d]: 1303 rows
2025-11-23 14:12:12,510 [INFO] âœ… USD/JPY [1d]: 1302 rows
2025-11-23 14:12:12,540 [INFO] âœ… USD/JPY [1h]: 12307 rows
2025-11-23 14:12:12,630 [INFO] âœ… USD/JPY [1h]: 6493 rows
2025-11-23 14:12:12,656 [INFO] âœ… USD/JPY [1h]: 9833 rows
2025-11-23 14:12:12,672 [INFO] âœ… USD/JPY [1h]: 5544 rows
2025-11-23 14:12:12,685 [INFO] âœ… AUD/USD [1h]: 4943 rows
2025-11-23 14:12:12,701 [INFO] âœ… AUD/USD [1h]: 5583 rows
2025-11-23 14:12:12,708 [INFO] âœ… AUD/USD [1d]: 1303 rows
2025-11-23 14:12:12,725 [INFO] âœ… AUD/USD [1h]: 6521 rows
2025-11-23 14:12:12,755 [INFO] âœ… AUD/USD [1h]: 12446 rows
2025-11-23 14:12:12,755 [INFO] âœ… Loaded 4 pairs
2025-11-23 14:12:12,755 [WARNING] âš ï¸ Load failed: Not a gzipped file (b'{\n')
2025-11-23 14:12:12,755 [INFO] 
ðŸ’¾ Syncing with Pipeline Database...
2025-11-23 14:12:12,756 [INFO] â„¹ï¸ No new pipeline trades to learn from
2025-11-23 14:12:12,756 [INFO] 
ðŸ’¾ Pipeline Stats:
2025-11-23 14:12:12,756 [INFO]   Total Trades: 0
2025-11-23 14:12:12,756 [INFO]   Win Rate: 0.0%
2025-11-23 14:12:12,756 [INFO]   Total P&L: $0.00000
2025-11-23 14:12:12,756 [INFO]   Trades Learned by RL: 0
2025-11-23 14:12:12,756 [INFO] 
ðŸŽ“ WEEKEND LEARNING MODE: Running backtest (FIXED)...
2025-11-23 14:12:12,756 [INFO]   ðŸ“Š EUR/USD: Testing 499 sample points
2025-11-23 14:12:13,645 [INFO] ðŸŽ¯ Target network updated (#25)
2025-11-23 14:12:14,436 [INFO] ðŸŽ¯ Target network updated (#50)
2025-11-23 14:12:15,266 [INFO] ðŸŽ¯ Target network updated (#75)
2025-11-23 14:12:16,089 [INFO]   ðŸ“Š GBP/USD: Testing 499 sample points
2025-11-23 14:12:16,274 [INFO] ðŸŽ¯ Target network updated (#100)
2025-11-23 14:12:17,389 [INFO] ðŸŽ¯ Target network updated (#125)
2025-11-23 14:12:18,489 [INFO] ðŸŽ¯ Target network updated (#150)
2025-11-23 14:12:19,480 [INFO]   ðŸ“Š USD/JPY: Testing 499 sample points
2025-11-23 14:12:19,631 [INFO] ðŸŽ¯ Target network updated (#175)
2025-11-23 14:12:20,546 [INFO] ðŸŽ¯ Target network updated (#200)
2025-11-23 14:12:21,312 [INFO] ðŸŽ¯ Target network updated (#225)
2025-11-23 14:12:22,279 [INFO] ðŸŽ¯ Target network updated (#250)
2025-11-23 14:12:22,643 [INFO]   ðŸ“Š AUD/USD: Testing 499 sample points
2025-11-23 14:12:23,441 [INFO] ðŸŽ¯ Target network updated (#275)
2025-11-23 14:12:24,641 [INFO] ðŸŽ¯ Target network updated (#300)
2025-11-23 14:12:25,665 [INFO] ðŸŽ¯ Target network updated (#325)
2025-11-23 14:12:26,208 [INFO] 
ðŸ“Š Weekend Backtest Results by Pair:
2025-11-23 14:12:26,209 [INFO]   EUR/USD: 96 trades
2025-11-23 14:12:26,209 [INFO]   GBP/USD: 77 trades
2025-11-23 14:12:26,209 [INFO]   USD/JPY: 85 trades
2025-11-23 14:12:26,209 [INFO]   AUD/USD: 79 trades
2025-11-23 14:12:26,209 [INFO] âœ… Weekend backtest: 337 trades learned
2025-11-23 14:12:26,209 [INFO] ðŸ“Š Backtest Performance:
2025-11-23 14:12:26,209 [INFO]   Wins: 139/337 (41.2%)
2025-11-23 14:12:26,209 [INFO]   Avg Reward: 44.14
2025-11-23 14:12:26,209 [INFO]   Total P&L: $4.38017
2025-11-23 14:12:26,209 [INFO] ðŸŽ“ Weekend: 337 backtest + 0 pipeline = 337 total
2025-11-23 14:12:26,209 [INFO] 
ðŸ’¹ Fetching prices...
2025-11-23 14:12:26,210 [INFO] 
ðŸ” Checking trades...
2025-11-23 14:12:26,210 [INFO] 
ðŸ§  Generating signals...
2025-11-23 14:12:26,215 [INFO]   EUR/USD: Q=3.495, Conf=100.0%, Thresh=25.0%, HOLD
2025-11-23 14:12:26,221 [INFO]   GBP/USD: Q=3.054, Conf=100.0%, Thresh=25.0%, HOLD
2025-11-23 14:12:26,226 [INFO]   USD/JPY: Q=15.567, Conf=100.0%, Thresh=25.0%, HOLD
2025-11-23 14:12:26,231 [INFO]   AUD/USD: Q=3.092, Conf=100.0%, Thresh=25.0%, HOLD
2025-11-23 14:12:26,231 [INFO] 
ðŸ’¾ Saving...
2025-11-23 14:12:26,253 [INFO] ðŸ’¾ Saved: omega_signals.json
2025-11-23 14:12:27,680 [INFO] ðŸ’¾ Saved: experience_replay.json.gz
2025-11-23 14:12:27,800 [INFO] ðŸ’¾ Saved: network_weights.json
2025-11-23 14:12:27,822 [INFO] ðŸ’¾ Saved: learning_stats.json
2025-11-23 14:12:27,822 [INFO] ðŸ’¾ RL state saved: 6420 experiences, 3529 trades
2025-11-23 14:12:27,826 [INFO] 
======================================================================
2025-11-23 14:12:27,826 [INFO] ðŸ“Š RL AGENT DIAGNOSTICS
2025-11-23 14:12:27,826 [INFO] ======================================================================
2025-11-23 14:12:27,826 [INFO] 
ðŸŽ¯ Overall Performance:
2025-11-23 14:12:27,826 [INFO]   Total Trades: 3529
2025-11-23 14:12:27,826 [INFO]   Win Rate: 43.6%
2025-11-23 14:12:27,826 [INFO]   Total P&L: $41.29
2025-11-23 14:12:27,826 [INFO]   Avg Reward: 54.56
2025-11-23 14:12:27,826 [INFO]   Profitable Trades: 1537
2025-11-23 14:12:27,826 [INFO] 
ðŸ§  Learning Status:
2025-11-23 14:12:27,826 [INFO]   Current Epsilon: 0.1000
2025-11-23 14:12:27,826 [INFO]   Exploration Rate: 10.0%
2025-11-23 14:12:27,826 [INFO]   Total Updates: 3529
2025-11-23 14:12:27,826 [INFO]   Memory: 6420/15000 (42.8%)
2025-11-23 14:12:27,827 [INFO]   Q-Values: Î¼=11.6656, Ïƒ=1.2231
2025-11-23 14:12:27,827 [INFO] 
ðŸ’¡ Health Check:
2025-11-23 14:12:27,827 [INFO]   âœ… Win rate > 35% - Ready for live
2025-11-23 14:12:27,827 [INFO]   âœ… Positive P&L - Strategy profitable
2025-11-23 14:12:27,827 [INFO]   âœ… > 1000 trades - Good experience
2025-11-23 14:12:27,827 [INFO] ======================================================================
2025-11-23 14:12:27,827 [INFO] ðŸ“§ Email skipped (weekend mode)
2025-11-23 14:12:27,827 [INFO] 
======================================================================
2025-11-23 14:12:27,827 [INFO] âœ… CYCLE COMPLETE
2025-11-23 14:12:27,827 [INFO] ======================================================================
2025-11-23 14:12:27,827 [INFO] Iteration: #11 (GitHub Actions)
2025-11-23 14:12:27,827 [INFO] Mode: WEEKEND_LEARNING
2025-11-23 14:12:27,827 [INFO] RL Trades: 3529
2025-11-23 14:12:27,827 [INFO] Pipeline Trades: 0
2025-11-23 14:12:27,827 [INFO] Win Rate: 43.6%
2025-11-23 14:12:27,827 [INFO] Total P&L: $41.29
2025-11-23 14:12:27,827 [INFO] Active Trades: 0
2025-11-23 14:12:27,827 [INFO] Epsilon: 0.100
2025-11-23 14:12:27,827 [INFO] Memory: 6420 samples
2025-11-23 14:12:27,827 [INFO] 
âœ… Agent ready for cautious live trading
2025-11-23 14:12:27,827 [INFO] 
ðŸ§  Cycle complete (Iteration #11)
