2025-11-24 00:47:27,299 [INFO] ðŸ’° LIVE TRADING MODE ACTIVE
2025-11-24 00:47:27,310 [INFO] ======================================================================
2025-11-24 00:47:27,310 [INFO] ðŸ§  TRADE BEACON v18.1 - FIXED WEEKEND LEARNING
2025-11-24 00:47:27,310 [INFO] ======================================================================
2025-11-24 00:47:27,310 [INFO] ðŸ“… Mode: LIVE_TRADING
2025-11-24 00:47:27,310 [INFO] âœ… Loaded: omega_iteration.json
2025-11-24 00:47:27,311 [INFO] ðŸ’¾ Saved: omega_iteration.json
2025-11-24 00:47:27,722 [INFO] âœ… Loaded: experience_replay.json.gz
2025-11-24 00:47:27,739 [INFO] âœ… Loaded 14774 experiences
2025-11-24 00:47:27,752 [INFO] âœ… Loaded: network_weights.json
2025-11-24 00:47:27,753 [INFO] âœ… Loaded Q-networks
2025-11-24 00:47:27,758 [INFO] âœ… Loaded: learning_stats.json
2025-11-24 00:47:27,758 [INFO] âœ… Loaded stats: 11883 trades
2025-11-24 00:47:27,761 [INFO] ðŸ§  RL Agent initialized: 14774 experiences
2025-11-24 00:47:27,761 [INFO] âœ… Connected to pipeline database
2025-11-24 00:47:27,761 [INFO] 
ðŸ“Š Iteration #31 | GitHub Actions | LIVE_TRADING
2025-11-24 00:47:27,762 [INFO] ðŸ”„ Updating pickle data...
2025-11-24 00:47:39,516 [INFO] âœ… Updated 23 files
2025-11-24 00:47:39,516 [INFO] ðŸ“‚ Loading data from: /home/runner/work/forex-ai-models/forex-ai-models/data/processed
2025-11-24 00:47:39,532 [INFO] âœ… EUR/USD [1h]: 5000 rows
2025-11-24 00:47:39,539 [INFO] âœ… EUR/USD [1d]: 1303 rows
2025-11-24 00:47:39,553 [INFO] âœ… EUR/USD [1h]: 5000 rows
2025-11-24 00:47:39,568 [INFO] âœ… EUR/USD [1h]: 5000 rows
2025-11-24 00:47:39,582 [INFO] âœ… EUR/USD [1h]: 5000 rows
2025-11-24 00:47:39,598 [INFO] âœ… EUR/USD [1d]: 5000 rows
2025-11-24 00:47:39,614 [INFO] âœ… GBP/USD [1h]: 5000 rows
2025-11-24 00:47:39,631 [INFO] âœ… GBP/USD [1h]: 5000 rows
2025-11-24 00:47:39,646 [INFO] âœ… GBP/USD [1h]: 5000 rows
2025-11-24 00:47:39,661 [INFO] âœ… GBP/USD [1h]: 5000 rows
2025-11-24 00:47:39,677 [INFO] âœ… GBP/USD [1d]: 5000 rows
2025-11-24 00:47:39,684 [INFO] âœ… GBP/USD [1d]: 1303 rows
2025-11-24 00:47:39,700 [INFO] âœ… USD/JPY [1d]: 5000 rows
2025-11-24 00:47:39,706 [INFO] âœ… USD/JPY [1d]: 1303 rows
2025-11-24 00:47:39,723 [INFO] âœ… USD/JPY [1h]: 5000 rows
2025-11-24 00:47:39,739 [INFO] âœ… USD/JPY [1h]: 5000 rows
2025-11-24 00:47:39,764 [INFO] âœ… USD/JPY [1h]: 8434 rows
2025-11-24 00:47:39,779 [INFO] âœ… USD/JPY [1h]: 5000 rows
2025-11-24 00:47:39,792 [INFO] âœ… AUD/USD [1h]: 4241 rows
2025-11-24 00:47:39,808 [INFO] âœ… AUD/USD [1h]: 5000 rows
2025-11-24 00:47:39,906 [INFO] âœ… AUD/USD [1d]: 1303 rows
2025-11-24 00:47:39,921 [INFO] âœ… AUD/USD [1h]: 5000 rows
2025-11-24 00:47:39,938 [INFO] âœ… AUD/USD [1h]: 5000 rows
2025-11-24 00:47:39,954 [INFO] âœ… AUD/USD [1d]: 5000 rows
2025-11-24 00:47:39,955 [INFO] âœ… Loaded 4 pairs
2025-11-24 00:47:39,955 [WARNING] âš ï¸ Load failed: Not a gzipped file (b'{\n')
2025-11-24 00:47:39,955 [INFO] 
ðŸ’¾ Syncing with Pipeline Database...
2025-11-24 00:47:39,955 [INFO] â„¹ï¸ No new pipeline trades to learn from
2025-11-24 00:47:39,956 [INFO] 
ðŸ’¾ Pipeline Stats:
2025-11-24 00:47:39,956 [INFO]   Total Trades: 0
2025-11-24 00:47:39,956 [INFO]   Win Rate: 0.0%
2025-11-24 00:47:39,956 [INFO]   Total P&L: $0.00000
2025-11-24 00:47:39,956 [INFO]   Trades Learned by RL: 0
2025-11-24 00:47:39,956 [INFO] 
ðŸ’¹ Fetching prices...
2025-11-24 00:47:40,539 [INFO] 
ðŸ” Checking trades...
2025-11-24 00:47:40,539 [INFO] 
ðŸ§  Generating signals...
2025-11-24 00:47:40,545 [INFO]   EUR/USD: Q=-6.719, Conf=100.0%, Thresh=25.0%, HOLD
2025-11-24 00:47:40,550 [INFO]   GBP/USD: Q=2.080, Conf=100.0%, Thresh=25.0%, HOLD
2025-11-24 00:47:40,556 [INFO]   USD/JPY: Q=-1.901, Conf=82.7%, Thresh=25.0%, HOLD
2025-11-24 00:47:40,561 [INFO]   AUD/USD: Q=-8.006, Conf=100.0%, Thresh=25.0%, HOLD
2025-11-24 00:47:40,561 [INFO] 
ðŸ’¾ Saving...
2025-11-24 00:47:40,625 [INFO] ðŸ’¾ Saved: omega_signals.json
2025-11-24 00:47:43,923 [INFO] ðŸ’¾ Saved: experience_replay.json.gz
2025-11-24 00:47:44,042 [INFO] ðŸ’¾ Saved: network_weights.json
2025-11-24 00:47:44,106 [INFO] ðŸ’¾ Saved: learning_stats.json
2025-11-24 00:47:44,106 [INFO] ðŸ’¾ RL state saved: 14774 experiences, 11883 trades
2025-11-24 00:47:44,116 [INFO] 
======================================================================
2025-11-24 00:47:44,116 [INFO] ðŸ“Š RL AGENT DIAGNOSTICS
2025-11-24 00:47:44,116 [INFO] ======================================================================
2025-11-24 00:47:44,116 [INFO] 
ðŸŽ¯ Overall Performance:
2025-11-24 00:47:44,116 [INFO]   Total Trades: 11883
2025-11-24 00:47:44,116 [INFO]   Win Rate: 43.3%
2025-11-24 00:47:44,116 [INFO]   Total P&L: $195.44
2025-11-24 00:47:44,116 [INFO]   Avg Reward: 56.05
2025-11-24 00:47:44,116 [INFO]   Profitable Trades: 5141
2025-11-24 00:47:44,116 [INFO] 
ðŸ§  Learning Status:
2025-11-24 00:47:44,116 [INFO]   Current Epsilon: 0.1000
2025-11-24 00:47:44,116 [INFO]   Exploration Rate: 10.0%
2025-11-24 00:47:44,116 [INFO]   Total Updates: 11883
2025-11-24 00:47:44,116 [INFO]   Memory: 14774/15000 (98.5%)
2025-11-24 00:47:44,117 [INFO]   Q-Values: Î¼=34.4282, Ïƒ=10.2109
2025-11-24 00:47:44,117 [INFO] 
ðŸ’¡ Health Check:
2025-11-24 00:47:44,117 [INFO]   âœ… Win rate > 35% - Ready for live
2025-11-24 00:47:44,117 [INFO]   âœ… Positive P&L - Strategy profitable
2025-11-24 00:47:44,117 [INFO]   âœ… > 1000 trades - Good experience
2025-11-24 00:47:44,117 [INFO] ======================================================================
2025-11-24 00:47:45,126 [INFO] âœ… Email sent
2025-11-24 00:47:45,127 [INFO] 
======================================================================
2025-11-24 00:47:45,127 [INFO] âœ… CYCLE COMPLETE
2025-11-24 00:47:45,127 [INFO] ======================================================================
2025-11-24 00:47:45,127 [INFO] Iteration: #31 (GitHub Actions)
2025-11-24 00:47:45,127 [INFO] Mode: LIVE_TRADING
2025-11-24 00:47:45,127 [INFO] RL Trades: 11883
2025-11-24 00:47:45,127 [INFO] Pipeline Trades: 0
2025-11-24 00:47:45,127 [INFO] Win Rate: 43.3%
2025-11-24 00:47:45,127 [INFO] Total P&L: $195.44
2025-11-24 00:47:45,127 [INFO] Active Trades: 0
2025-11-24 00:47:45,127 [INFO] Epsilon: 0.100
2025-11-24 00:47:45,127 [INFO] Memory: 14774 samples
2025-11-24 00:47:45,127 [INFO] 
âœ… Agent ready for cautious live trading
2025-11-24 00:47:45,128 [INFO] 
ðŸ§  Cycle complete (Iteration #31)
