2025-11-23 13:22:30,902 [INFO] ðŸ’° LIVE TRADING MODE ACTIVE
2025-11-23 13:22:30,912 [INFO] ======================================================================
2025-11-23 13:22:30,912 [INFO] ðŸ§  TRADE BEACON v18.1 - FIXED WEEKEND LEARNING
2025-11-23 13:22:30,912 [INFO] ======================================================================
2025-11-23 13:22:30,912 [INFO] ðŸ“… Mode: WEEKEND_LEARNING
2025-11-23 13:22:30,912 [INFO] âœ… Loaded: omega_iteration.json
2025-11-23 13:22:30,913 [INFO] ðŸ’¾ Saved: omega_iteration.json
2025-11-23 13:22:31,091 [INFO] âœ… Loaded: experience_replay.json.gz
2025-11-23 13:22:31,097 [INFO] âœ… Loaded 5436 experiences
2025-11-23 13:22:31,110 [INFO] âœ… Loaded: network_weights.json
2025-11-23 13:22:31,111 [INFO] âœ… Loaded Q-networks
2025-11-23 13:22:31,113 [INFO] âœ… Loaded: learning_stats.json
2025-11-23 13:22:31,113 [INFO] âœ… Loaded stats: 2545 trades
2025-11-23 13:22:31,114 [INFO] ðŸ§  RL Agent initialized: 5436 experiences
2025-11-23 13:22:31,114 [INFO] âœ… Connected to pipeline database
2025-11-23 13:22:31,114 [INFO] 
ðŸ“Š Iteration #9 | GitHub Actions | WEEKEND_LEARNING
2025-11-23 13:22:31,114 [INFO] ðŸ“‚ Loading data from: /home/runner/work/forex-ai-models/forex-ai-models/data/processed
2025-11-23 13:22:31,133 [INFO] âœ… EUR/USD [1h]: 5571 rows
2025-11-23 13:22:31,140 [INFO] âœ… EUR/USD [1d]: 1302 rows
2025-11-23 13:22:31,165 [INFO] âœ… EUR/USD [1h]: 9880 rows
2025-11-23 13:22:31,196 [INFO] âœ… EUR/USD [1h]: 12379 rows
2025-11-23 13:22:31,213 [INFO] âœ… EUR/USD [1h]: 6510 rows
2025-11-23 13:22:31,229 [INFO] âœ… GBP/USD [1h]: 5566 rows
2025-11-23 13:22:31,259 [INFO] âœ… GBP/USD [1h]: 12380 rows
2025-11-23 13:22:31,277 [INFO] âœ… GBP/USD [1h]: 6510 rows
2025-11-23 13:22:31,302 [INFO] âœ… GBP/USD [1h]: 9882 rows
2025-11-23 13:22:31,309 [INFO] âœ… GBP/USD [1d]: 1303 rows
2025-11-23 13:22:31,316 [INFO] âœ… USD/JPY [1d]: 1302 rows
2025-11-23 13:22:31,422 [INFO] âœ… USD/JPY [1h]: 12307 rows
2025-11-23 13:22:31,440 [INFO] âœ… USD/JPY [1h]: 6493 rows
2025-11-23 13:22:31,466 [INFO] âœ… USD/JPY [1h]: 9833 rows
2025-11-23 13:22:31,482 [INFO] âœ… USD/JPY [1h]: 5544 rows
2025-11-23 13:22:31,496 [INFO] âœ… AUD/USD [1h]: 4943 rows
2025-11-23 13:22:31,512 [INFO] âœ… AUD/USD [1h]: 5583 rows
2025-11-23 13:22:31,519 [INFO] âœ… AUD/USD [1d]: 1303 rows
2025-11-23 13:22:31,537 [INFO] âœ… AUD/USD [1h]: 6521 rows
2025-11-23 13:22:31,567 [INFO] âœ… AUD/USD [1h]: 12446 rows
2025-11-23 13:22:31,567 [INFO] âœ… Loaded 4 pairs
2025-11-23 13:22:31,567 [WARNING] âš ï¸ Load failed: Not a gzipped file (b'{\n')
2025-11-23 13:22:31,567 [INFO] 
ðŸ’¾ Syncing with Pipeline Database...
2025-11-23 13:22:31,568 [INFO] â„¹ï¸ No new pipeline trades to learn from
2025-11-23 13:22:31,568 [INFO] 
ðŸ’¾ Pipeline Stats:
2025-11-23 13:22:31,568 [INFO]   Total Trades: 0
2025-11-23 13:22:31,568 [INFO]   Win Rate: 0.0%
2025-11-23 13:22:31,568 [INFO]   Total P&L: $0.00000
2025-11-23 13:22:31,568 [INFO]   Trades Learned by RL: 0
2025-11-23 13:22:31,568 [INFO] 
ðŸŽ“ WEEKEND LEARNING MODE: Running backtest (FIXED)...
2025-11-23 13:22:31,568 [INFO]   ðŸ“Š EUR/USD: Testing 499 sample points
2025-11-23 13:22:32,665 [INFO] ðŸŽ¯ Target network updated (#25)
2025-11-23 13:22:33,794 [INFO] ðŸŽ¯ Target network updated (#50)
2025-11-23 13:22:34,729 [INFO]   ðŸ“Š GBP/USD: Testing 499 sample points
2025-11-23 13:22:35,254 [INFO] ðŸŽ¯ Target network updated (#75)
2025-11-23 13:22:36,252 [INFO] ðŸŽ¯ Target network updated (#100)
2025-11-23 13:22:37,535 [INFO] ðŸŽ¯ Target network updated (#125)
2025-11-23 13:22:38,165 [INFO]   ðŸ“Š USD/JPY: Testing 499 sample points
2025-11-23 13:22:38,588 [INFO] ðŸŽ¯ Target network updated (#150)
2025-11-23 13:22:39,442 [INFO] ðŸŽ¯ Target network updated (#175)
2025-11-23 13:22:40,410 [INFO] ðŸŽ¯ Target network updated (#200)
2025-11-23 13:22:41,274 [INFO] ðŸŽ¯ Target network updated (#225)
2025-11-23 13:22:41,535 [INFO]   ðŸ“Š AUD/USD: Testing 499 sample points
2025-11-23 13:22:42,434 [INFO] ðŸŽ¯ Target network updated (#250)
2025-11-23 13:22:43,449 [INFO] ðŸŽ¯ Target network updated (#275)
2025-11-23 13:22:44,428 [INFO] ðŸŽ¯ Target network updated (#300)
2025-11-23 13:22:45,268 [INFO] 
ðŸ“Š Weekend Backtest Results by Pair:
2025-11-23 13:22:45,268 [INFO]   EUR/USD: 65 trades
2025-11-23 13:22:45,268 [INFO]   GBP/USD: 71 trades
2025-11-23 13:22:45,268 [INFO]   USD/JPY: 95 trades
2025-11-23 13:22:45,268 [INFO]   AUD/USD: 85 trades
2025-11-23 13:22:45,269 [INFO] âœ… Weekend backtest: 316 trades learned
2025-11-23 13:22:45,269 [INFO] ðŸ“Š Backtest Performance:
2025-11-23 13:22:45,269 [INFO]   Wins: 141/316 (44.6%)
2025-11-23 13:22:45,269 [INFO]   Avg Reward: 46.84
2025-11-23 13:22:45,269 [INFO]   Total P&L: $-0.18793
2025-11-23 13:22:45,269 [INFO] ðŸŽ“ Weekend: 316 backtest + 0 pipeline = 316 total
2025-11-23 13:22:45,269 [INFO] 
ðŸ’¹ Fetching prices...
2025-11-23 13:22:45,270 [INFO] 
ðŸ” Checking trades...
2025-11-23 13:22:45,270 [INFO] 
ðŸ§  Generating signals...
2025-11-23 13:22:45,275 [INFO]   EUR/USD: Q=8.391, Conf=100.0%, Thresh=25.0%, HOLD
2025-11-23 13:22:45,281 [INFO]   GBP/USD: Q=9.217, Conf=100.0%, Thresh=25.0%, HOLD
2025-11-23 13:22:45,288 [INFO]   USD/JPY: Q=22.442, Conf=100.0%, Thresh=25.0%, HOLD
2025-11-23 13:22:45,294 [INFO]   AUD/USD: Q=7.137, Conf=100.0%, Thresh=25.0%, HOLD
2025-11-23 13:22:45,294 [INFO] 
ðŸ’¾ Saving...
2025-11-23 13:22:45,312 [INFO] ðŸ’¾ Saved: omega_signals.json
2025-11-23 13:22:46,587 [INFO] ðŸ’¾ Saved: experience_replay.json.gz
2025-11-23 13:22:46,706 [INFO] ðŸ’¾ Saved: network_weights.json
2025-11-23 13:22:46,724 [INFO] ðŸ’¾ Saved: learning_stats.json
2025-11-23 13:22:46,724 [INFO] ðŸ’¾ RL state saved: 5752 experiences, 2861 trades
2025-11-23 13:22:46,727 [INFO] 
======================================================================
2025-11-23 13:22:46,728 [INFO] ðŸ“Š RL AGENT DIAGNOSTICS
2025-11-23 13:22:46,728 [INFO] ======================================================================
2025-11-23 13:22:46,728 [INFO] 
ðŸŽ¯ Overall Performance:
2025-11-23 13:22:46,728 [INFO]   Total Trades: 2861
2025-11-23 13:22:46,728 [INFO]   Win Rate: 43.9%
2025-11-23 13:22:46,728 [INFO]   Total P&L: $35.48
2025-11-23 13:22:46,728 [INFO]   Avg Reward: 57.10
2025-11-23 13:22:46,728 [INFO]   Profitable Trades: 1255
2025-11-23 13:22:46,728 [INFO] 
ðŸ§  Learning Status:
2025-11-23 13:22:46,728 [INFO]   Current Epsilon: 0.1000
2025-11-23 13:22:46,728 [INFO]   Exploration Rate: 10.0%
2025-11-23 13:22:46,728 [INFO]   Total Updates: 2861
2025-11-23 13:22:46,728 [INFO]   Memory: 5752/15000 (38.3%)
2025-11-23 13:22:46,728 [INFO]   Q-Values: Î¼=19.9717, Ïƒ=1.5503
2025-11-23 13:22:46,728 [INFO] 
ðŸ’¡ Health Check:
2025-11-23 13:22:46,728 [INFO]   âœ… Win rate > 35% - Ready for live
2025-11-23 13:22:46,728 [INFO]   âœ… Positive P&L - Strategy profitable
2025-11-23 13:22:46,728 [INFO]   âœ… > 1000 trades - Good experience
2025-11-23 13:22:46,728 [INFO] ======================================================================
2025-11-23 13:22:46,728 [INFO] ðŸ“§ Email skipped (weekend mode)
2025-11-23 13:22:46,728 [INFO] 
======================================================================
2025-11-23 13:22:46,728 [INFO] âœ… CYCLE COMPLETE
2025-11-23 13:22:46,729 [INFO] ======================================================================
2025-11-23 13:22:46,729 [INFO] Iteration: #9 (GitHub Actions)
2025-11-23 13:22:46,729 [INFO] Mode: WEEKEND_LEARNING
2025-11-23 13:22:46,729 [INFO] RL Trades: 2861
2025-11-23 13:22:46,729 [INFO] Pipeline Trades: 0
2025-11-23 13:22:46,729 [INFO] Win Rate: 43.9%
2025-11-23 13:22:46,729 [INFO] Total P&L: $35.48
2025-11-23 13:22:46,729 [INFO] Active Trades: 0
2025-11-23 13:22:46,729 [INFO] Epsilon: 0.100
2025-11-23 13:22:46,729 [INFO] Memory: 5752 samples
2025-11-23 13:22:46,729 [INFO] 
âœ… Agent ready for cautious live trading
2025-11-23 13:22:46,729 [INFO] 
ðŸ§  Cycle complete (Iteration #9)
