2025-11-23 22:12:58,841 [INFO] ðŸ’° LIVE TRADING MODE ACTIVE
2025-11-23 22:12:58,852 [INFO] ======================================================================
2025-11-23 22:12:58,852 [INFO] ðŸ§  TRADE BEACON v18.1 - FIXED WEEKEND LEARNING
2025-11-23 22:12:58,852 [INFO] ======================================================================
2025-11-23 22:12:58,852 [INFO] ðŸ“… Mode: WEEKEND_LEARNING
2025-11-23 22:12:58,852 [INFO] âœ… Loaded: omega_iteration.json
2025-11-23 22:12:58,853 [INFO] ðŸ’¾ Saved: omega_iteration.json
2025-11-23 22:12:59,206 [INFO] âœ… Loaded: experience_replay.json.gz
2025-11-23 22:12:59,220 [INFO] âœ… Loaded 12862 experiences
2025-11-23 22:12:59,233 [INFO] âœ… Loaded: network_weights.json
2025-11-23 22:12:59,234 [INFO] âœ… Loaded Q-networks
2025-11-23 22:12:59,239 [INFO] âœ… Loaded: learning_stats.json
2025-11-23 22:12:59,239 [INFO] âœ… Loaded stats: 9971 trades
2025-11-23 22:12:59,241 [INFO] ðŸ§  RL Agent initialized: 12862 experiences
2025-11-23 22:12:59,241 [INFO] âœ… Connected to pipeline database
2025-11-23 22:12:59,241 [INFO] 
ðŸ“Š Iteration #27 | GitHub Actions | WEEKEND_LEARNING
2025-11-23 22:12:59,241 [INFO] ðŸ“‚ Loading data from: /home/runner/work/forex-ai-models/forex-ai-models/data/processed
2025-11-23 22:12:59,259 [INFO] âœ… EUR/USD [1h]: 5571 rows
2025-11-23 22:12:59,266 [INFO] âœ… EUR/USD [1d]: 1303 rows
2025-11-23 22:12:59,293 [INFO] âœ… EUR/USD [1h]: 9880 rows
2025-11-23 22:12:59,325 [INFO] âœ… EUR/USD [1h]: 12379 rows
2025-11-23 22:12:59,342 [INFO] âœ… EUR/USD [1h]: 6510 rows
2025-11-23 22:12:59,359 [INFO] âœ… GBP/USD [1h]: 5566 rows
2025-11-23 22:12:59,389 [INFO] âœ… GBP/USD [1h]: 12380 rows
2025-11-23 22:12:59,499 [INFO] âœ… GBP/USD [1h]: 6510 rows
2025-11-23 22:12:59,525 [INFO] âœ… GBP/USD [1h]: 9882 rows
2025-11-23 22:12:59,532 [INFO] âœ… GBP/USD [1d]: 1303 rows
2025-11-23 22:12:59,539 [INFO] âœ… USD/JPY [1d]: 1303 rows
2025-11-23 22:12:59,570 [INFO] âœ… USD/JPY [1h]: 12307 rows
2025-11-23 22:12:59,588 [INFO] âœ… USD/JPY [1h]: 6493 rows
2025-11-23 22:12:59,613 [INFO] âœ… USD/JPY [1h]: 9833 rows
2025-11-23 22:12:59,630 [INFO] âœ… USD/JPY [1h]: 5544 rows
2025-11-23 22:12:59,643 [INFO] âœ… AUD/USD [1h]: 4943 rows
2025-11-23 22:12:59,659 [INFO] âœ… AUD/USD [1h]: 5583 rows
2025-11-23 22:12:59,665 [INFO] âœ… AUD/USD [1d]: 1303 rows
2025-11-23 22:12:59,683 [INFO] âœ… AUD/USD [1h]: 6521 rows
2025-11-23 22:12:59,715 [INFO] âœ… AUD/USD [1h]: 12446 rows
2025-11-23 22:12:59,715 [INFO] âœ… Loaded 4 pairs
2025-11-23 22:12:59,715 [WARNING] âš ï¸ Load failed: Not a gzipped file (b'{\n')
2025-11-23 22:12:59,715 [INFO] 
ðŸ’¾ Syncing with Pipeline Database...
2025-11-23 22:12:59,716 [INFO] â„¹ï¸ No new pipeline trades to learn from
2025-11-23 22:12:59,716 [INFO] 
ðŸ’¾ Pipeline Stats:
2025-11-23 22:12:59,716 [INFO]   Total Trades: 0
2025-11-23 22:12:59,716 [INFO]   Win Rate: 0.0%
2025-11-23 22:12:59,716 [INFO]   Total P&L: $0.00000
2025-11-23 22:12:59,716 [INFO]   Trades Learned by RL: 0
2025-11-23 22:12:59,716 [INFO] 
ðŸŽ“ WEEKEND LEARNING MODE: Running backtest (FIXED)...
2025-11-23 22:12:59,716 [INFO]   ðŸ“Š EUR/USD: Testing 499 sample points
2025-11-23 22:13:00,610 [INFO] ðŸŽ¯ Target network updated (#25)
2025-11-23 22:13:01,775 [INFO] ðŸŽ¯ Target network updated (#50)
2025-11-23 22:13:02,590 [INFO] ðŸŽ¯ Target network updated (#75)
2025-11-23 22:13:03,074 [INFO]   ðŸ“Š GBP/USD: Testing 499 sample points
2025-11-23 22:13:03,493 [INFO] ðŸŽ¯ Target network updated (#100)
2025-11-23 22:13:04,754 [INFO] ðŸŽ¯ Target network updated (#125)
2025-11-23 22:13:06,205 [INFO] ðŸŽ¯ Target network updated (#150)
2025-11-23 22:13:06,518 [INFO]   ðŸ“Š USD/JPY: Testing 499 sample points
2025-11-23 22:13:06,836 [INFO] ðŸŽ¯ Target network updated (#175)
2025-11-23 22:13:07,370 [INFO] ðŸŽ¯ Target network updated (#200)
2025-11-23 22:13:07,910 [INFO] ðŸŽ¯ Target network updated (#225)
2025-11-23 22:13:08,530 [INFO] ðŸŽ¯ Target network updated (#250)
2025-11-23 22:13:09,085 [INFO] ðŸŽ¯ Target network updated (#275)
2025-11-23 22:13:09,565 [INFO] ðŸŽ¯ Target network updated (#300)
2025-11-23 22:13:10,106 [INFO] ðŸŽ¯ Target network updated (#325)
2025-11-23 22:13:10,705 [INFO]   ðŸ“Š AUD/USD: Testing 499 sample points
2025-11-23 22:13:10,781 [INFO] ðŸŽ¯ Target network updated (#350)
2025-11-23 22:13:11,715 [INFO] ðŸŽ¯ Target network updated (#375)
2025-11-23 22:13:12,828 [INFO] ðŸŽ¯ Target network updated (#400)
2025-11-23 22:13:13,872 [INFO] ðŸŽ¯ Target network updated (#425)
2025-11-23 22:13:14,524 [INFO] 
ðŸ“Š Weekend Backtest Results by Pair:
2025-11-23 22:13:14,524 [INFO]   EUR/USD: 87 trades
2025-11-23 22:13:14,525 [INFO]   GBP/USD: 70 trades
2025-11-23 22:13:14,525 [INFO]   USD/JPY: 189 trades
2025-11-23 22:13:14,525 [INFO]   AUD/USD: 97 trades
2025-11-23 22:13:14,525 [INFO] âœ… Weekend backtest: 443 trades learned
2025-11-23 22:13:14,525 [INFO] ðŸ“Š Backtest Performance:
2025-11-23 22:13:14,525 [INFO]   Wins: 207/443 (46.7%)
2025-11-23 22:13:14,525 [INFO]   Avg Reward: 66.02
2025-11-23 22:13:14,525 [INFO]   Total P&L: $11.78943
2025-11-23 22:13:14,526 [INFO] ðŸŽ“ Weekend: 443 backtest + 0 pipeline = 443 total
2025-11-23 22:13:14,526 [INFO] 
ðŸ’¹ Fetching prices...
2025-11-23 22:13:14,526 [INFO] 
ðŸ” Checking trades...
2025-11-23 22:13:14,526 [INFO] 
ðŸ§  Generating signals...
2025-11-23 22:13:14,532 [INFO]   EUR/USD: Q=4.009, Conf=100.0%, Thresh=25.0%, HOLD
2025-11-23 22:13:14,537 [INFO]   GBP/USD: Q=3.169, Conf=100.0%, Thresh=25.0%, HOLD
2025-11-23 22:13:14,543 [INFO]   USD/JPY: Q=24.546, Conf=100.0%, Thresh=25.0%, HOLD
2025-11-23 22:13:14,548 [INFO]   AUD/USD: Q=5.415, Conf=100.0%, Thresh=25.0%, HOLD
2025-11-23 22:13:14,549 [INFO] 
ðŸ’¾ Saving...
2025-11-23 22:13:14,603 [INFO] ðŸ’¾ Saved: omega_signals.json
2025-11-23 22:13:17,666 [INFO] ðŸ’¾ Saved: experience_replay.json.gz
2025-11-23 22:13:17,785 [INFO] ðŸ’¾ Saved: network_weights.json
2025-11-23 22:13:17,843 [INFO] ðŸ’¾ Saved: learning_stats.json
2025-11-23 22:13:17,843 [INFO] ðŸ’¾ RL state saved: 13305 experiences, 10414 trades
2025-11-23 22:13:17,851 [INFO] 
======================================================================
2025-11-23 22:13:17,851 [INFO] ðŸ“Š RL AGENT DIAGNOSTICS
2025-11-23 22:13:17,852 [INFO] ======================================================================
2025-11-23 22:13:17,852 [INFO] 
ðŸŽ¯ Overall Performance:
2025-11-23 22:13:17,852 [INFO]   Total Trades: 10414
2025-11-23 22:13:17,852 [INFO]   Win Rate: 43.3%
2025-11-23 22:13:17,852 [INFO]   Total P&L: $167.32
2025-11-23 22:13:17,852 [INFO]   Avg Reward: 55.71
2025-11-23 22:13:17,852 [INFO]   Profitable Trades: 4508
2025-11-23 22:13:17,852 [INFO] 
ðŸ§  Learning Status:
2025-11-23 22:13:17,852 [INFO]   Current Epsilon: 0.1000
2025-11-23 22:13:17,852 [INFO]   Exploration Rate: 10.0%
2025-11-23 22:13:17,852 [INFO]   Total Updates: 10414
2025-11-23 22:13:17,852 [INFO]   Memory: 13305/15000 (88.7%)
2025-11-23 22:13:17,852 [INFO]   Q-Values: Î¼=29.1268, Ïƒ=11.0118
2025-11-23 22:13:17,852 [INFO] 
ðŸ’¡ Health Check:
2025-11-23 22:13:17,852 [INFO]   âœ… Win rate > 35% - Ready for live
2025-11-23 22:13:17,852 [INFO]   âœ… Positive P&L - Strategy profitable
2025-11-23 22:13:17,852 [INFO]   âœ… > 1000 trades - Good experience
2025-11-23 22:13:17,852 [INFO] ======================================================================
2025-11-23 22:13:17,852 [INFO] ðŸ“§ Email skipped (weekend mode)
2025-11-23 22:13:17,852 [INFO] 
======================================================================
2025-11-23 22:13:17,852 [INFO] âœ… CYCLE COMPLETE
2025-11-23 22:13:17,852 [INFO] ======================================================================
2025-11-23 22:13:17,852 [INFO] Iteration: #27 (GitHub Actions)
2025-11-23 22:13:17,853 [INFO] Mode: WEEKEND_LEARNING
2025-11-23 22:13:17,853 [INFO] RL Trades: 10414
2025-11-23 22:13:17,853 [INFO] Pipeline Trades: 0
2025-11-23 22:13:17,853 [INFO] Win Rate: 43.3%
2025-11-23 22:13:17,853 [INFO] Total P&L: $167.32
2025-11-23 22:13:17,853 [INFO] Active Trades: 0
2025-11-23 22:13:17,853 [INFO] Epsilon: 0.100
2025-11-23 22:13:17,853 [INFO] Memory: 13305 samples
2025-11-23 22:13:17,853 [INFO] 
âœ… Agent ready for cautious live trading
2025-11-23 22:13:17,853 [INFO] 
ðŸ§  Cycle complete (Iteration #27)
