2025-11-23 20:15:04,119 [INFO] ðŸ’° LIVE TRADING MODE ACTIVE
2025-11-23 20:15:04,130 [INFO] ======================================================================
2025-11-23 20:15:04,130 [INFO] ðŸ§  TRADE BEACON v18.1 - FIXED WEEKEND LEARNING
2025-11-23 20:15:04,130 [INFO] ======================================================================
2025-11-23 20:15:04,130 [INFO] ðŸ“… Mode: WEEKEND_LEARNING
2025-11-23 20:15:04,130 [INFO] âœ… Loaded: omega_iteration.json
2025-11-23 20:15:04,131 [INFO] ðŸ’¾ Saved: omega_iteration.json
2025-11-23 20:15:04,436 [INFO] âœ… Loaded: experience_replay.json.gz
2025-11-23 20:15:04,448 [INFO] âœ… Loaded 10941 experiences
2025-11-23 20:15:04,460 [INFO] âœ… Loaded: network_weights.json
2025-11-23 20:15:04,461 [INFO] âœ… Loaded Q-networks
2025-11-23 20:15:04,465 [INFO] âœ… Loaded: learning_stats.json
2025-11-23 20:15:04,465 [INFO] âœ… Loaded stats: 8050 trades
2025-11-23 20:15:04,466 [INFO] ðŸ§  RL Agent initialized: 10941 experiences
2025-11-23 20:15:04,466 [INFO] âœ… Connected to pipeline database
2025-11-23 20:15:04,466 [INFO] 
ðŸ“Š Iteration #23 | GitHub Actions | WEEKEND_LEARNING
2025-11-23 20:15:04,466 [INFO] ðŸ“‚ Loading data from: /home/runner/work/forex-ai-models/forex-ai-models/data/processed
2025-11-23 20:15:04,490 [INFO] âœ… EUR/USD [1h]: 5571 rows
2025-11-23 20:15:04,497 [INFO] âœ… EUR/USD [1d]: 1303 rows
2025-11-23 20:15:04,522 [INFO] âœ… EUR/USD [1h]: 9880 rows
2025-11-23 20:15:04,562 [INFO] âœ… EUR/USD [1h]: 12381 rows
2025-11-23 20:15:04,579 [INFO] âœ… EUR/USD [1h]: 6510 rows
2025-11-23 20:15:04,595 [INFO] âœ… GBP/USD [1h]: 5566 rows
2025-11-23 20:15:04,715 [INFO] âœ… GBP/USD [1h]: 12380 rows
2025-11-23 20:15:04,734 [INFO] âœ… GBP/USD [1h]: 6510 rows
2025-11-23 20:15:04,758 [INFO] âœ… GBP/USD [1h]: 9882 rows
2025-11-23 20:15:04,765 [INFO] âœ… GBP/USD [1d]: 1303 rows
2025-11-23 20:15:04,772 [INFO] âœ… USD/JPY [1d]: 1303 rows
2025-11-23 20:15:04,801 [INFO] âœ… USD/JPY [1h]: 12307 rows
2025-11-23 20:15:04,819 [INFO] âœ… USD/JPY [1h]: 6493 rows
2025-11-23 20:15:04,844 [INFO] âœ… USD/JPY [1h]: 9833 rows
2025-11-23 20:15:04,859 [INFO] âœ… USD/JPY [1h]: 5544 rows
2025-11-23 20:15:04,873 [INFO] âœ… AUD/USD [1h]: 4943 rows
2025-11-23 20:15:04,889 [INFO] âœ… AUD/USD [1h]: 5583 rows
2025-11-23 20:15:04,895 [INFO] âœ… AUD/USD [1d]: 1303 rows
2025-11-23 20:15:04,913 [INFO] âœ… AUD/USD [1h]: 6521 rows
2025-11-23 20:15:04,944 [INFO] âœ… AUD/USD [1h]: 12446 rows
2025-11-23 20:15:04,944 [INFO] âœ… Loaded 4 pairs
2025-11-23 20:15:04,944 [WARNING] âš ï¸ Load failed: Not a gzipped file (b'{\n')
2025-11-23 20:15:04,944 [INFO] 
ðŸ’¾ Syncing with Pipeline Database...
2025-11-23 20:15:04,945 [INFO] â„¹ï¸ No new pipeline trades to learn from
2025-11-23 20:15:04,945 [INFO] 
ðŸ’¾ Pipeline Stats:
2025-11-23 20:15:04,945 [INFO]   Total Trades: 0
2025-11-23 20:15:04,945 [INFO]   Win Rate: 0.0%
2025-11-23 20:15:04,945 [INFO]   Total P&L: $0.00000
2025-11-23 20:15:04,945 [INFO]   Trades Learned by RL: 0
2025-11-23 20:15:04,945 [INFO] 
ðŸŽ“ WEEKEND LEARNING MODE: Running backtest (FIXED)...
2025-11-23 20:15:04,945 [INFO]   ðŸ“Š EUR/USD: Testing 499 sample points
2025-11-23 20:15:05,787 [INFO] ðŸŽ¯ Target network updated (#25)
2025-11-23 20:15:07,017 [INFO] ðŸŽ¯ Target network updated (#50)
2025-11-23 20:15:08,020 [INFO] ðŸŽ¯ Target network updated (#75)
2025-11-23 20:15:08,270 [INFO]   ðŸ“Š GBP/USD: Testing 499 sample points
2025-11-23 20:15:08,763 [INFO] ðŸŽ¯ Target network updated (#100)
2025-11-23 20:15:09,723 [INFO] ðŸŽ¯ Target network updated (#125)
2025-11-23 20:15:10,750 [INFO] ðŸŽ¯ Target network updated (#150)
2025-11-23 20:15:11,841 [INFO]   ðŸ“Š USD/JPY: Testing 499 sample points
2025-11-23 20:15:11,926 [INFO] ðŸŽ¯ Target network updated (#175)
2025-11-23 20:15:12,395 [INFO] ðŸŽ¯ Target network updated (#200)
2025-11-23 20:15:12,833 [INFO] ðŸŽ¯ Target network updated (#225)
2025-11-23 20:15:13,302 [INFO] ðŸŽ¯ Target network updated (#250)
2025-11-23 20:15:13,774 [INFO] ðŸŽ¯ Target network updated (#275)
2025-11-23 20:15:14,305 [INFO] ðŸŽ¯ Target network updated (#300)
2025-11-23 20:15:14,877 [INFO] ðŸŽ¯ Target network updated (#325)
2025-11-23 20:15:15,514 [INFO] ðŸŽ¯ Target network updated (#350)
2025-11-23 20:15:16,053 [INFO] ðŸŽ¯ Target network updated (#375)
2025-11-23 20:15:16,368 [INFO]   ðŸ“Š AUD/USD: Testing 499 sample points
2025-11-23 20:15:16,497 [INFO] ðŸŽ¯ Target network updated (#400)
2025-11-23 20:15:17,391 [INFO] ðŸŽ¯ Target network updated (#425)
2025-11-23 20:15:18,316 [INFO] ðŸŽ¯ Target network updated (#450)
2025-11-23 20:15:19,493 [INFO] ðŸŽ¯ Target network updated (#475)
2025-11-23 20:15:20,138 [INFO] 
ðŸ“Š Weekend Backtest Results by Pair:
2025-11-23 20:15:20,138 [INFO]   EUR/USD: 83 trades
2025-11-23 20:15:20,138 [INFO]   GBP/USD: 86 trades
2025-11-23 20:15:20,138 [INFO]   USD/JPY: 227 trades
2025-11-23 20:15:20,138 [INFO]   AUD/USD: 94 trades
2025-11-23 20:15:20,138 [INFO] âœ… Weekend backtest: 490 trades learned
2025-11-23 20:15:20,139 [INFO] ðŸ“Š Backtest Performance:
2025-11-23 20:15:20,139 [INFO]   Wins: 222/490 (45.3%)
2025-11-23 20:15:20,139 [INFO]   Avg Reward: 65.87
2025-11-23 20:15:20,139 [INFO]   Total P&L: $12.80311
2025-11-23 20:15:20,139 [INFO] ðŸŽ“ Weekend: 490 backtest + 0 pipeline = 490 total
2025-11-23 20:15:20,139 [INFO] 
ðŸ’¹ Fetching prices...
2025-11-23 20:15:20,140 [INFO] 
ðŸ” Checking trades...
2025-11-23 20:15:20,140 [INFO] 
ðŸ§  Generating signals...
2025-11-23 20:15:20,145 [INFO]   EUR/USD: Q=2.505, Conf=100.0%, Thresh=25.0%, HOLD
2025-11-23 20:15:20,151 [INFO]   GBP/USD: Q=2.368, Conf=100.0%, Thresh=25.0%, HOLD
2025-11-23 20:15:20,156 [INFO]   USD/JPY: Q=14.465, Conf=100.0%, Thresh=25.0%, HOLD
2025-11-23 20:15:20,162 [INFO]   AUD/USD: Q=4.455, Conf=100.0%, Thresh=25.0%, HOLD
2025-11-23 20:15:20,162 [INFO] 
ðŸ’¾ Saving...
2025-11-23 20:15:20,208 [INFO] ðŸ’¾ Saved: omega_signals.json
2025-11-23 20:15:22,833 [INFO] ðŸ’¾ Saved: experience_replay.json.gz
2025-11-23 20:15:22,953 [INFO] ðŸ’¾ Saved: network_weights.json
2025-11-23 20:15:23,002 [INFO] ðŸ’¾ Saved: learning_stats.json
2025-11-23 20:15:23,002 [INFO] ðŸ’¾ RL state saved: 11431 experiences, 8540 trades
2025-11-23 20:15:23,009 [INFO] 
======================================================================
2025-11-23 20:15:23,009 [INFO] ðŸ“Š RL AGENT DIAGNOSTICS
2025-11-23 20:15:23,009 [INFO] ======================================================================
2025-11-23 20:15:23,010 [INFO] 
ðŸŽ¯ Overall Performance:
2025-11-23 20:15:23,010 [INFO]   Total Trades: 8540
2025-11-23 20:15:23,010 [INFO]   Win Rate: 42.9%
2025-11-23 20:15:23,010 [INFO]   Total P&L: $123.08
2025-11-23 20:15:23,010 [INFO]   Avg Reward: 54.13
2025-11-23 20:15:23,010 [INFO]   Profitable Trades: 3664
2025-11-23 20:15:23,010 [INFO] 
ðŸ§  Learning Status:
2025-11-23 20:15:23,010 [INFO]   Current Epsilon: 0.1000
2025-11-23 20:15:23,010 [INFO]   Exploration Rate: 10.0%
2025-11-23 20:15:23,010 [INFO]   Total Updates: 8540
2025-11-23 20:15:23,010 [INFO]   Memory: 11431/15000 (76.2%)
2025-11-23 20:15:23,010 [INFO]   Q-Values: Î¼=22.7029, Ïƒ=8.4926
2025-11-23 20:15:23,010 [INFO] 
ðŸ’¡ Health Check:
2025-11-23 20:15:23,010 [INFO]   âœ… Win rate > 35% - Ready for live
2025-11-23 20:15:23,010 [INFO]   âœ… Positive P&L - Strategy profitable
2025-11-23 20:15:23,010 [INFO]   âœ… > 1000 trades - Good experience
2025-11-23 20:15:23,010 [INFO] ======================================================================
2025-11-23 20:15:23,010 [INFO] ðŸ“§ Email skipped (weekend mode)
2025-11-23 20:15:23,010 [INFO] 
======================================================================
2025-11-23 20:15:23,010 [INFO] âœ… CYCLE COMPLETE
2025-11-23 20:15:23,010 [INFO] ======================================================================
2025-11-23 20:15:23,010 [INFO] Iteration: #23 (GitHub Actions)
2025-11-23 20:15:23,010 [INFO] Mode: WEEKEND_LEARNING
2025-11-23 20:15:23,010 [INFO] RL Trades: 8540
2025-11-23 20:15:23,010 [INFO] Pipeline Trades: 0
2025-11-23 20:15:23,011 [INFO] Win Rate: 42.9%
2025-11-23 20:15:23,011 [INFO] Total P&L: $123.08
2025-11-23 20:15:23,011 [INFO] Active Trades: 0
2025-11-23 20:15:23,011 [INFO] Epsilon: 0.100
2025-11-23 20:15:23,011 [INFO] Memory: 11431 samples
2025-11-23 20:15:23,011 [INFO] 
âœ… Agent ready for cautious live trading
2025-11-23 20:15:23,011 [INFO] 
ðŸ§  Cycle complete (Iteration #23)
