2025-11-23 15:12:29,066 [INFO] ðŸ’° LIVE TRADING MODE ACTIVE
2025-11-23 15:12:29,078 [INFO] ======================================================================
2025-11-23 15:12:29,078 [INFO] ðŸ§  TRADE BEACON v18.1 - FIXED WEEKEND LEARNING
2025-11-23 15:12:29,078 [INFO] ======================================================================
2025-11-23 15:12:29,078 [INFO] ðŸ“… Mode: WEEKEND_LEARNING
2025-11-23 15:12:29,078 [INFO] âœ… Loaded: omega_iteration.json
2025-11-23 15:12:29,079 [INFO] ðŸ’¾ Saved: omega_iteration.json
2025-11-23 15:12:29,315 [INFO] âœ… Loaded: experience_replay.json.gz
2025-11-23 15:12:29,322 [INFO] âœ… Loaded 6741 experiences
2025-11-23 15:12:29,335 [INFO] âœ… Loaded: network_weights.json
2025-11-23 15:12:29,336 [INFO] âœ… Loaded Q-networks
2025-11-23 15:12:29,338 [INFO] âœ… Loaded: learning_stats.json
2025-11-23 15:12:29,338 [INFO] âœ… Loaded stats: 3850 trades
2025-11-23 15:12:29,340 [INFO] ðŸ§  RL Agent initialized: 6741 experiences
2025-11-23 15:12:29,340 [INFO] âœ… Connected to pipeline database
2025-11-23 15:12:29,340 [INFO] 
ðŸ“Š Iteration #13 | GitHub Actions | WEEKEND_LEARNING
2025-11-23 15:12:29,340 [INFO] ðŸ“‚ Loading data from: /home/runner/work/forex-ai-models/forex-ai-models/data/processed
2025-11-23 15:12:29,361 [INFO] âœ… EUR/USD [1h]: 5571 rows
2025-11-23 15:12:29,368 [INFO] âœ… EUR/USD [1d]: 1302 rows
2025-11-23 15:12:29,396 [INFO] âœ… EUR/USD [1h]: 9880 rows
2025-11-23 15:12:29,428 [INFO] âœ… EUR/USD [1h]: 12379 rows
2025-11-23 15:12:29,446 [INFO] âœ… EUR/USD [1h]: 6510 rows
2025-11-23 15:12:29,464 [INFO] âœ… GBP/USD [1h]: 5566 rows
2025-11-23 15:12:29,497 [INFO] âœ… GBP/USD [1h]: 12380 rows
2025-11-23 15:12:29,516 [INFO] âœ… GBP/USD [1h]: 6510 rows
2025-11-23 15:12:29,543 [INFO] âœ… GBP/USD [1h]: 9882 rows
2025-11-23 15:12:29,551 [INFO] âœ… GBP/USD [1d]: 1303 rows
2025-11-23 15:12:29,559 [INFO] âœ… USD/JPY [1d]: 1302 rows
2025-11-23 15:12:29,591 [INFO] âœ… USD/JPY [1h]: 12307 rows
2025-11-23 15:12:29,610 [INFO] âœ… USD/JPY [1h]: 6493 rows
2025-11-23 15:12:29,636 [INFO] âœ… USD/JPY [1h]: 9833 rows
2025-11-23 15:12:29,654 [INFO] âœ… USD/JPY [1h]: 5544 rows
2025-11-23 15:12:29,669 [INFO] âœ… AUD/USD [1h]: 4943 rows
2025-11-23 15:12:29,686 [INFO] âœ… AUD/USD [1h]: 5583 rows
2025-11-23 15:12:29,694 [INFO] âœ… AUD/USD [1d]: 1303 rows
2025-11-23 15:12:29,713 [INFO] âœ… AUD/USD [1h]: 6521 rows
2025-11-23 15:12:29,840 [INFO] âœ… AUD/USD [1h]: 12446 rows
2025-11-23 15:12:29,841 [INFO] âœ… Loaded 4 pairs
2025-11-23 15:12:29,841 [WARNING] âš ï¸ Load failed: Not a gzipped file (b'{\n')
2025-11-23 15:12:29,841 [INFO] 
ðŸ’¾ Syncing with Pipeline Database...
2025-11-23 15:12:29,841 [INFO] â„¹ï¸ No new pipeline trades to learn from
2025-11-23 15:12:29,841 [INFO] 
ðŸ’¾ Pipeline Stats:
2025-11-23 15:12:29,841 [INFO]   Total Trades: 0
2025-11-23 15:12:29,842 [INFO]   Win Rate: 0.0%
2025-11-23 15:12:29,842 [INFO]   Total P&L: $0.00000
2025-11-23 15:12:29,842 [INFO]   Trades Learned by RL: 0
2025-11-23 15:12:29,842 [INFO] 
ðŸŽ“ WEEKEND LEARNING MODE: Running backtest (FIXED)...
2025-11-23 15:12:29,842 [INFO]   ðŸ“Š EUR/USD: Testing 499 sample points
2025-11-23 15:12:31,165 [INFO] ðŸŽ¯ Target network updated (#25)
2025-11-23 15:12:32,538 [INFO] ðŸŽ¯ Target network updated (#50)
2025-11-23 15:12:33,068 [INFO]   ðŸ“Š GBP/USD: Testing 499 sample points
2025-11-23 15:12:33,717 [INFO] ðŸŽ¯ Target network updated (#75)
2025-11-23 15:12:35,080 [INFO] ðŸŽ¯ Target network updated (#100)
2025-11-23 15:12:36,036 [INFO] ðŸŽ¯ Target network updated (#125)
2025-11-23 15:12:36,611 [INFO]   ðŸ“Š USD/JPY: Testing 499 sample points
2025-11-23 15:12:37,062 [INFO] ðŸŽ¯ Target network updated (#150)
2025-11-23 15:12:37,848 [INFO] ðŸŽ¯ Target network updated (#175)
2025-11-23 15:12:38,750 [INFO] ðŸŽ¯ Target network updated (#200)
2025-11-23 15:12:39,912 [INFO] ðŸŽ¯ Target network updated (#225)
2025-11-23 15:12:40,019 [INFO]   ðŸ“Š AUD/USD: Testing 499 sample points
2025-11-23 15:12:41,001 [INFO] ðŸŽ¯ Target network updated (#250)
2025-11-23 15:12:42,139 [INFO] ðŸŽ¯ Target network updated (#275)
2025-11-23 15:12:43,351 [INFO] ðŸŽ¯ Target network updated (#300)
2025-11-23 15:12:43,822 [INFO] 
ðŸ“Š Weekend Backtest Results by Pair:
2025-11-23 15:12:43,822 [INFO]   EUR/USD: 61 trades
2025-11-23 15:12:43,822 [INFO]   GBP/USD: 77 trades
2025-11-23 15:12:43,822 [INFO]   USD/JPY: 90 trades
2025-11-23 15:12:43,822 [INFO]   AUD/USD: 82 trades
2025-11-23 15:12:43,822 [INFO] âœ… Weekend backtest: 310 trades learned
2025-11-23 15:12:43,823 [INFO] ðŸ“Š Backtest Performance:
2025-11-23 15:12:43,823 [INFO]   Wins: 126/310 (40.6%)
2025-11-23 15:12:43,823 [INFO]   Avg Reward: 42.31
2025-11-23 15:12:43,823 [INFO]   Total P&L: $2.08705
2025-11-23 15:12:43,823 [INFO] ðŸŽ“ Weekend: 310 backtest + 0 pipeline = 310 total
2025-11-23 15:12:43,823 [INFO] 
ðŸ’¹ Fetching prices...
2025-11-23 15:12:43,823 [INFO] 
ðŸ” Checking trades...
2025-11-23 15:12:43,823 [INFO] 
ðŸ§  Generating signals...
2025-11-23 15:12:43,829 [INFO]   EUR/USD: Q=7.041, Conf=100.0%, Thresh=25.0%, HOLD
2025-11-23 15:12:43,835 [INFO]   GBP/USD: Q=5.942, Conf=100.0%, Thresh=25.0%, HOLD
2025-11-23 15:12:43,840 [INFO]   USD/JPY: Q=20.525, Conf=100.0%, Thresh=25.0%, HOLD
2025-11-23 15:12:43,846 [INFO]   AUD/USD: Q=7.245, Conf=100.0%, Thresh=25.0%, HOLD
2025-11-23 15:12:43,846 [INFO] 
ðŸ’¾ Saving...
2025-11-23 15:12:43,871 [INFO] ðŸ’¾ Saved: omega_signals.json
2025-11-23 15:12:45,448 [INFO] ðŸ’¾ Saved: experience_replay.json.gz
2025-11-23 15:12:45,569 [INFO] ðŸ’¾ Saved: network_weights.json
2025-11-23 15:12:45,595 [INFO] ðŸ’¾ Saved: learning_stats.json
2025-11-23 15:12:45,595 [INFO] ðŸ’¾ RL state saved: 7051 experiences, 4160 trades
2025-11-23 15:12:45,599 [INFO] 
======================================================================
2025-11-23 15:12:45,599 [INFO] ðŸ“Š RL AGENT DIAGNOSTICS
2025-11-23 15:12:45,599 [INFO] ======================================================================
2025-11-23 15:12:45,599 [INFO] 
ðŸŽ¯ Overall Performance:
2025-11-23 15:12:45,600 [INFO]   Total Trades: 4160
2025-11-23 15:12:45,600 [INFO]   Win Rate: 43.1%
2025-11-23 15:12:45,600 [INFO]   Total P&L: $41.66
2025-11-23 15:12:45,600 [INFO]   Avg Reward: 52.14
2025-11-23 15:12:45,600 [INFO]   Profitable Trades: 1792
2025-11-23 15:12:45,600 [INFO] 
ðŸ§  Learning Status:
2025-11-23 15:12:45,600 [INFO]   Current Epsilon: 0.1000
2025-11-23 15:12:45,600 [INFO]   Exploration Rate: 10.0%
2025-11-23 15:12:45,600 [INFO]   Total Updates: 4160
2025-11-23 15:12:45,600 [INFO]   Memory: 7051/15000 (47.0%)
2025-11-23 15:12:45,600 [INFO]   Q-Values: Î¼=15.9021, Ïƒ=1.1087
2025-11-23 15:12:45,600 [INFO] 
ðŸ’¡ Health Check:
2025-11-23 15:12:45,600 [INFO]   âœ… Win rate > 35% - Ready for live
2025-11-23 15:12:45,600 [INFO]   âœ… Positive P&L - Strategy profitable
2025-11-23 15:12:45,600 [INFO]   âœ… > 1000 trades - Good experience
2025-11-23 15:12:45,600 [INFO] ======================================================================
2025-11-23 15:12:45,600 [INFO] ðŸ“§ Email skipped (weekend mode)
2025-11-23 15:12:45,600 [INFO] 
======================================================================
2025-11-23 15:12:45,600 [INFO] âœ… CYCLE COMPLETE
2025-11-23 15:12:45,600 [INFO] ======================================================================
2025-11-23 15:12:45,600 [INFO] Iteration: #13 (GitHub Actions)
2025-11-23 15:12:45,600 [INFO] Mode: WEEKEND_LEARNING
2025-11-23 15:12:45,600 [INFO] RL Trades: 4160
2025-11-23 15:12:45,600 [INFO] Pipeline Trades: 0
2025-11-23 15:12:45,601 [INFO] Win Rate: 43.1%
2025-11-23 15:12:45,601 [INFO] Total P&L: $41.66
2025-11-23 15:12:45,601 [INFO] Active Trades: 0
2025-11-23 15:12:45,601 [INFO] Epsilon: 0.100
2025-11-23 15:12:45,601 [INFO] Memory: 7051 samples
2025-11-23 15:12:45,601 [INFO] 
âœ… Agent ready for cautious live trading
2025-11-23 15:12:45,601 [INFO] 
ðŸ§  Cycle complete (Iteration #13)
