2025-11-23 15:36:53,966 [INFO] ðŸ’° LIVE TRADING MODE ACTIVE
2025-11-23 15:36:53,977 [INFO] ======================================================================
2025-11-23 15:36:53,977 [INFO] ðŸ§  TRADE BEACON v18.1 - FIXED WEEKEND LEARNING
2025-11-23 15:36:53,978 [INFO] ======================================================================
2025-11-23 15:36:53,978 [INFO] ðŸ“… Mode: WEEKEND_LEARNING
2025-11-23 15:36:53,978 [INFO] âœ… Loaded: omega_iteration.json
2025-11-23 15:36:53,979 [INFO] ðŸ’¾ Saved: omega_iteration.json
2025-11-23 15:36:54,203 [INFO] âœ… Loaded: experience_replay.json.gz
2025-11-23 15:36:54,211 [INFO] âœ… Loaded 7051 experiences
2025-11-23 15:36:54,223 [INFO] âœ… Loaded: network_weights.json
2025-11-23 15:36:54,224 [INFO] âœ… Loaded Q-networks
2025-11-23 15:36:54,226 [INFO] âœ… Loaded: learning_stats.json
2025-11-23 15:36:54,226 [INFO] âœ… Loaded stats: 4160 trades
2025-11-23 15:36:54,227 [INFO] ðŸ§  RL Agent initialized: 7051 experiences
2025-11-23 15:36:54,227 [INFO] âœ… Connected to pipeline database
2025-11-23 15:36:54,227 [INFO] 
ðŸ“Š Iteration #14 | GitHub Actions | WEEKEND_LEARNING
2025-11-23 15:36:54,227 [INFO] ðŸ“‚ Loading data from: /home/runner/work/forex-ai-models/forex-ai-models/data/processed
2025-11-23 15:36:54,245 [INFO] âœ… EUR/USD [1h]: 5571 rows
2025-11-23 15:36:54,252 [INFO] âœ… EUR/USD [1d]: 1302 rows
2025-11-23 15:36:54,277 [INFO] âœ… EUR/USD [1h]: 9880 rows
2025-11-23 15:36:54,309 [INFO] âœ… EUR/USD [1h]: 12379 rows
2025-11-23 15:36:54,326 [INFO] âœ… EUR/USD [1h]: 6510 rows
2025-11-23 15:36:54,342 [INFO] âœ… GBP/USD [1h]: 5566 rows
2025-11-23 15:36:54,373 [INFO] âœ… GBP/USD [1h]: 12380 rows
2025-11-23 15:36:54,391 [INFO] âœ… GBP/USD [1h]: 6510 rows
2025-11-23 15:36:54,495 [INFO] âœ… GBP/USD [1h]: 9882 rows
2025-11-23 15:36:54,503 [INFO] âœ… GBP/USD [1d]: 1303 rows
2025-11-23 15:36:54,510 [INFO] âœ… USD/JPY [1d]: 1302 rows
2025-11-23 15:36:54,540 [INFO] âœ… USD/JPY [1h]: 12307 rows
2025-11-23 15:36:54,558 [INFO] âœ… USD/JPY [1h]: 6493 rows
2025-11-23 15:36:54,583 [INFO] âœ… USD/JPY [1h]: 9833 rows
2025-11-23 15:36:54,599 [INFO] âœ… USD/JPY [1h]: 5544 rows
2025-11-23 15:36:54,613 [INFO] âœ… AUD/USD [1h]: 4943 rows
2025-11-23 15:36:54,629 [INFO] âœ… AUD/USD [1h]: 5583 rows
2025-11-23 15:36:54,635 [INFO] âœ… AUD/USD [1d]: 1303 rows
2025-11-23 15:36:54,652 [INFO] âœ… AUD/USD [1h]: 6521 rows
2025-11-23 15:36:54,682 [INFO] âœ… AUD/USD [1h]: 12446 rows
2025-11-23 15:36:54,683 [INFO] âœ… Loaded 4 pairs
2025-11-23 15:36:54,683 [WARNING] âš ï¸ Load failed: Not a gzipped file (b'{\n')
2025-11-23 15:36:54,683 [INFO] 
ðŸ’¾ Syncing with Pipeline Database...
2025-11-23 15:36:54,683 [INFO] â„¹ï¸ No new pipeline trades to learn from
2025-11-23 15:36:54,683 [INFO] 
ðŸ’¾ Pipeline Stats:
2025-11-23 15:36:54,684 [INFO]   Total Trades: 0
2025-11-23 15:36:54,684 [INFO]   Win Rate: 0.0%
2025-11-23 15:36:54,684 [INFO]   Total P&L: $0.00000
2025-11-23 15:36:54,684 [INFO]   Trades Learned by RL: 0
2025-11-23 15:36:54,684 [INFO] 
ðŸŽ“ WEEKEND LEARNING MODE: Running backtest (FIXED)...
2025-11-23 15:36:54,684 [INFO]   ðŸ“Š EUR/USD: Testing 499 sample points
2025-11-23 15:36:55,783 [INFO] ðŸŽ¯ Target network updated (#25)
2025-11-23 15:36:57,129 [INFO] ðŸŽ¯ Target network updated (#50)
2025-11-23 15:36:57,922 [INFO]   ðŸ“Š GBP/USD: Testing 499 sample points
2025-11-23 15:36:58,125 [INFO] ðŸŽ¯ Target network updated (#75)
2025-11-23 15:36:58,986 [INFO] ðŸŽ¯ Target network updated (#100)
2025-11-23 15:36:59,993 [INFO] ðŸŽ¯ Target network updated (#125)
2025-11-23 15:37:00,907 [INFO] ðŸŽ¯ Target network updated (#150)
2025-11-23 15:37:01,550 [INFO]   ðŸ“Š USD/JPY: Testing 499 sample points
2025-11-23 15:37:02,044 [INFO] ðŸŽ¯ Target network updated (#175)
2025-11-23 15:37:03,090 [INFO] ðŸŽ¯ Target network updated (#200)
2025-11-23 15:37:03,973 [INFO] ðŸŽ¯ Target network updated (#225)
2025-11-23 15:37:04,695 [INFO] ðŸŽ¯ Target network updated (#250)
2025-11-23 15:37:04,911 [INFO]   ðŸ“Š AUD/USD: Testing 499 sample points
2025-11-23 15:37:05,650 [INFO] ðŸŽ¯ Target network updated (#275)
2025-11-23 15:37:06,819 [INFO] ðŸŽ¯ Target network updated (#300)
2025-11-23 15:37:07,667 [INFO] ðŸŽ¯ Target network updated (#325)
2025-11-23 15:37:08,623 [INFO] 
ðŸ“Š Weekend Backtest Results by Pair:
2025-11-23 15:37:08,623 [INFO]   EUR/USD: 72 trades
2025-11-23 15:37:08,623 [INFO]   GBP/USD: 91 trades
2025-11-23 15:37:08,623 [INFO]   USD/JPY: 95 trades
2025-11-23 15:37:08,623 [INFO]   AUD/USD: 85 trades
2025-11-23 15:37:08,623 [INFO] âœ… Weekend backtest: 343 trades learned
2025-11-23 15:37:08,624 [INFO] ðŸ“Š Backtest Performance:
2025-11-23 15:37:08,624 [INFO]   Wins: 122/343 (35.6%)
2025-11-23 15:37:08,624 [INFO]   Avg Reward: 29.62
2025-11-23 15:37:08,624 [INFO]   Total P&L: $-0.96395
2025-11-23 15:37:08,624 [INFO] ðŸŽ“ Weekend: 343 backtest + 0 pipeline = 343 total
2025-11-23 15:37:08,624 [INFO] 
ðŸ’¹ Fetching prices...
2025-11-23 15:37:08,624 [INFO] 
ðŸ” Checking trades...
2025-11-23 15:37:08,625 [INFO] 
ðŸ§  Generating signals...
2025-11-23 15:37:08,630 [INFO]   EUR/USD: Q=5.213, Conf=100.0%, Thresh=25.0%, HOLD
2025-11-23 15:37:08,636 [INFO]   GBP/USD: Q=4.236, Conf=100.0%, Thresh=25.0%, HOLD
2025-11-23 15:37:08,641 [INFO]   USD/JPY: Q=19.816, Conf=100.0%, Thresh=25.0%, HOLD
2025-11-23 15:37:08,647 [INFO]   AUD/USD: Q=5.484, Conf=100.0%, Thresh=25.0%, HOLD
2025-11-23 15:37:08,647 [INFO] 
ðŸ’¾ Saving...
2025-11-23 15:37:08,673 [INFO] ðŸ’¾ Saved: omega_signals.json
2025-11-23 15:37:10,332 [INFO] ðŸ’¾ Saved: experience_replay.json.gz
2025-11-23 15:37:10,452 [INFO] ðŸ’¾ Saved: network_weights.json
2025-11-23 15:37:10,479 [INFO] ðŸ’¾ Saved: learning_stats.json
2025-11-23 15:37:10,479 [INFO] ðŸ’¾ RL state saved: 7394 experiences, 4503 trades
2025-11-23 15:37:10,484 [INFO] 
======================================================================
2025-11-23 15:37:10,484 [INFO] ðŸ“Š RL AGENT DIAGNOSTICS
2025-11-23 15:37:10,484 [INFO] ======================================================================
2025-11-23 15:37:10,484 [INFO] 
ðŸŽ¯ Overall Performance:
2025-11-23 15:37:10,484 [INFO]   Total Trades: 4503
2025-11-23 15:37:10,484 [INFO]   Win Rate: 42.5%
2025-11-23 15:37:10,484 [INFO]   Total P&L: $40.69
2025-11-23 15:37:10,484 [INFO]   Avg Reward: 50.43
2025-11-23 15:37:10,484 [INFO]   Profitable Trades: 1914
2025-11-23 15:37:10,484 [INFO] 
ðŸ§  Learning Status:
2025-11-23 15:37:10,484 [INFO]   Current Epsilon: 0.1000
2025-11-23 15:37:10,485 [INFO]   Exploration Rate: 10.0%
2025-11-23 15:37:10,485 [INFO]   Total Updates: 4503
2025-11-23 15:37:10,485 [INFO]   Memory: 7394/15000 (49.3%)
2025-11-23 15:37:10,485 [INFO]   Q-Values: Î¼=12.4046, Ïƒ=1.1551
2025-11-23 15:37:10,485 [INFO] 
ðŸ’¡ Health Check:
2025-11-23 15:37:10,485 [INFO]   âœ… Win rate > 35% - Ready for live
2025-11-23 15:37:10,485 [INFO]   âœ… Positive P&L - Strategy profitable
2025-11-23 15:37:10,485 [INFO]   âœ… > 1000 trades - Good experience
2025-11-23 15:37:10,485 [INFO] ======================================================================
2025-11-23 15:37:10,485 [INFO] ðŸ“§ Email skipped (weekend mode)
2025-11-23 15:37:10,485 [INFO] 
======================================================================
2025-11-23 15:37:10,485 [INFO] âœ… CYCLE COMPLETE
2025-11-23 15:37:10,485 [INFO] ======================================================================
2025-11-23 15:37:10,485 [INFO] Iteration: #14 (GitHub Actions)
2025-11-23 15:37:10,485 [INFO] Mode: WEEKEND_LEARNING
2025-11-23 15:37:10,485 [INFO] RL Trades: 4503
2025-11-23 15:37:10,485 [INFO] Pipeline Trades: 0
2025-11-23 15:37:10,485 [INFO] Win Rate: 42.5%
2025-11-23 15:37:10,485 [INFO] Total P&L: $40.69
2025-11-23 15:37:10,485 [INFO] Active Trades: 0
2025-11-23 15:37:10,485 [INFO] Epsilon: 0.100
2025-11-23 15:37:10,485 [INFO] Memory: 7394 samples
2025-11-23 15:37:10,485 [INFO] 
âœ… Agent ready for cautious live trading
2025-11-23 15:37:10,486 [INFO] 
ðŸ§  Cycle complete (Iteration #14)
