2025-11-23 16:14:51,155 [INFO] ðŸ’° LIVE TRADING MODE ACTIVE
2025-11-23 16:14:51,165 [INFO] ======================================================================
2025-11-23 16:14:51,166 [INFO] ðŸ§  TRADE BEACON v18.1 - FIXED WEEKEND LEARNING
2025-11-23 16:14:51,166 [INFO] ======================================================================
2025-11-23 16:14:51,166 [INFO] ðŸ“… Mode: WEEKEND_LEARNING
2025-11-23 16:14:51,166 [INFO] âœ… Loaded: omega_iteration.json
2025-11-23 16:14:51,167 [INFO] ðŸ’¾ Saved: omega_iteration.json
2025-11-23 16:14:51,397 [INFO] âœ… Loaded: experience_replay.json.gz
2025-11-23 16:14:51,406 [INFO] âœ… Loaded 7394 experiences
2025-11-23 16:14:51,418 [INFO] âœ… Loaded: network_weights.json
2025-11-23 16:14:51,419 [INFO] âœ… Loaded Q-networks
2025-11-23 16:14:51,422 [INFO] âœ… Loaded: learning_stats.json
2025-11-23 16:14:51,422 [INFO] âœ… Loaded stats: 4503 trades
2025-11-23 16:14:51,422 [INFO] ðŸ§  RL Agent initialized: 7394 experiences
2025-11-23 16:14:51,423 [INFO] âœ… Connected to pipeline database
2025-11-23 16:14:51,423 [INFO] 
ðŸ“Š Iteration #15 | GitHub Actions | WEEKEND_LEARNING
2025-11-23 16:14:51,423 [INFO] ðŸ“‚ Loading data from: /home/runner/work/forex-ai-models/forex-ai-models/data/processed
2025-11-23 16:14:51,442 [INFO] âœ… EUR/USD [1h]: 5571 rows
2025-11-23 16:14:51,448 [INFO] âœ… EUR/USD [1d]: 1302 rows
2025-11-23 16:14:51,474 [INFO] âœ… EUR/USD [1h]: 9880 rows
2025-11-23 16:14:51,505 [INFO] âœ… EUR/USD [1h]: 12381 rows
2025-11-23 16:14:51,522 [INFO] âœ… EUR/USD [1h]: 6510 rows
2025-11-23 16:14:51,539 [INFO] âœ… GBP/USD [1h]: 5566 rows
2025-11-23 16:14:51,569 [INFO] âœ… GBP/USD [1h]: 12380 rows
2025-11-23 16:14:51,587 [INFO] âœ… GBP/USD [1h]: 6510 rows
2025-11-23 16:14:51,613 [INFO] âœ… GBP/USD [1h]: 9882 rows
2025-11-23 16:14:51,620 [INFO] âœ… GBP/USD [1d]: 1303 rows
2025-11-23 16:14:51,627 [INFO] âœ… USD/JPY [1d]: 1302 rows
2025-11-23 16:14:51,656 [INFO] âœ… USD/JPY [1h]: 12307 rows
2025-11-23 16:14:51,749 [INFO] âœ… USD/JPY [1h]: 6493 rows
2025-11-23 16:14:51,775 [INFO] âœ… USD/JPY [1h]: 9833 rows
2025-11-23 16:14:51,791 [INFO] âœ… USD/JPY [1h]: 5544 rows
2025-11-23 16:14:51,806 [INFO] âœ… AUD/USD [1h]: 4943 rows
2025-11-23 16:14:51,825 [INFO] âœ… AUD/USD [1h]: 5589 rows
2025-11-23 16:14:51,832 [INFO] âœ… AUD/USD [1d]: 1303 rows
2025-11-23 16:14:51,850 [INFO] âœ… AUD/USD [1h]: 6521 rows
2025-11-23 16:14:51,882 [INFO] âœ… AUD/USD [1h]: 12446 rows
2025-11-23 16:14:51,882 [INFO] âœ… Loaded 4 pairs
2025-11-23 16:14:51,882 [WARNING] âš ï¸ Load failed: Not a gzipped file (b'{\n')
2025-11-23 16:14:51,882 [INFO] 
ðŸ’¾ Syncing with Pipeline Database...
2025-11-23 16:14:51,882 [INFO] â„¹ï¸ No new pipeline trades to learn from
2025-11-23 16:14:51,883 [INFO] 
ðŸ’¾ Pipeline Stats:
2025-11-23 16:14:51,883 [INFO]   Total Trades: 0
2025-11-23 16:14:51,883 [INFO]   Win Rate: 0.0%
2025-11-23 16:14:51,883 [INFO]   Total P&L: $0.00000
2025-11-23 16:14:51,883 [INFO]   Trades Learned by RL: 0
2025-11-23 16:14:51,883 [INFO] 
ðŸŽ“ WEEKEND LEARNING MODE: Running backtest (FIXED)...
2025-11-23 16:14:51,883 [INFO]   ðŸ“Š EUR/USD: Testing 499 sample points
2025-11-23 16:14:53,088 [INFO] ðŸŽ¯ Target network updated (#25)
2025-11-23 16:14:54,239 [INFO] ðŸŽ¯ Target network updated (#50)
2025-11-23 16:14:55,011 [INFO] ðŸŽ¯ Target network updated (#75)
2025-11-23 16:14:55,121 [INFO]   ðŸ“Š GBP/USD: Testing 499 sample points
2025-11-23 16:14:56,194 [INFO] ðŸŽ¯ Target network updated (#100)
2025-11-23 16:14:57,226 [INFO] ðŸŽ¯ Target network updated (#125)
2025-11-23 16:14:58,417 [INFO] ðŸŽ¯ Target network updated (#150)
2025-11-23 16:14:58,563 [INFO]   ðŸ“Š USD/JPY: Testing 499 sample points
2025-11-23 16:14:58,976 [INFO] ðŸŽ¯ Target network updated (#175)
2025-11-23 16:14:59,508 [INFO] ðŸŽ¯ Target network updated (#200)
2025-11-23 16:15:00,085 [INFO] ðŸŽ¯ Target network updated (#225)
2025-11-23 16:15:00,622 [INFO] ðŸŽ¯ Target network updated (#250)
2025-11-23 16:15:01,082 [INFO] ðŸŽ¯ Target network updated (#275)
2025-11-23 16:15:01,785 [INFO] ðŸŽ¯ Target network updated (#300)
2025-11-23 16:15:02,415 [INFO] ðŸŽ¯ Target network updated (#325)
2025-11-23 16:15:02,694 [INFO]   ðŸ“Š AUD/USD: Testing 499 sample points
2025-11-23 16:15:03,278 [INFO] ðŸŽ¯ Target network updated (#350)
2025-11-23 16:15:04,411 [INFO] ðŸŽ¯ Target network updated (#375)
2025-11-23 16:15:05,484 [INFO] ðŸŽ¯ Target network updated (#400)
2025-11-23 16:15:06,377 [INFO] 
ðŸ“Š Weekend Backtest Results by Pair:
2025-11-23 16:15:06,378 [INFO]   EUR/USD: 78 trades
2025-11-23 16:15:06,378 [INFO]   GBP/USD: 75 trades
2025-11-23 16:15:06,378 [INFO]   USD/JPY: 185 trades
2025-11-23 16:15:06,378 [INFO]   AUD/USD: 82 trades
2025-11-23 16:15:06,378 [INFO] âœ… Weekend backtest: 420 trades learned
2025-11-23 16:15:06,378 [INFO] ðŸ“Š Backtest Performance:
2025-11-23 16:15:06,378 [INFO]   Wins: 185/420 (44.0%)
2025-11-23 16:15:06,378 [INFO]   Avg Reward: 59.24
2025-11-23 16:15:06,378 [INFO]   Total P&L: $9.11913
2025-11-23 16:15:06,378 [INFO] ðŸŽ“ Weekend: 420 backtest + 0 pipeline = 420 total
2025-11-23 16:15:06,379 [INFO] 
ðŸ’¹ Fetching prices...
2025-11-23 16:15:06,379 [INFO] 
ðŸ” Checking trades...
2025-11-23 16:15:06,379 [INFO] 
ðŸ§  Generating signals...
2025-11-23 16:15:06,384 [INFO]   EUR/USD: Q=3.104, Conf=100.0%, Thresh=25.0%, HOLD
2025-11-23 16:15:06,390 [INFO]   GBP/USD: Q=3.281, Conf=100.0%, Thresh=25.0%, HOLD
2025-11-23 16:15:06,395 [INFO]   USD/JPY: Q=28.236, Conf=100.0%, Thresh=25.0%, HOLD
2025-11-23 16:15:06,401 [INFO]   AUD/USD: Q=3.658, Conf=100.0%, Thresh=25.0%, HOLD
2025-11-23 16:15:06,401 [INFO] 
ðŸ’¾ Saving...
2025-11-23 16:15:06,429 [INFO] ðŸ’¾ Saved: omega_signals.json
2025-11-23 16:15:08,250 [INFO] ðŸ’¾ Saved: experience_replay.json.gz
2025-11-23 16:15:08,370 [INFO] ðŸ’¾ Saved: network_weights.json
2025-11-23 16:15:08,399 [INFO] ðŸ’¾ Saved: learning_stats.json
2025-11-23 16:15:08,399 [INFO] ðŸ’¾ RL state saved: 7814 experiences, 4923 trades
2025-11-23 16:15:08,404 [INFO] 
======================================================================
2025-11-23 16:15:08,404 [INFO] ðŸ“Š RL AGENT DIAGNOSTICS
2025-11-23 16:15:08,404 [INFO] ======================================================================
2025-11-23 16:15:08,404 [INFO] 
ðŸŽ¯ Overall Performance:
2025-11-23 16:15:08,404 [INFO]   Total Trades: 4923
2025-11-23 16:15:08,404 [INFO]   Win Rate: 42.6%
2025-11-23 16:15:08,404 [INFO]   Total P&L: $49.81
2025-11-23 16:15:08,404 [INFO]   Avg Reward: 51.18
2025-11-23 16:15:08,404 [INFO]   Profitable Trades: 2099
2025-11-23 16:15:08,404 [INFO] 
ðŸ§  Learning Status:
2025-11-23 16:15:08,405 [INFO]   Current Epsilon: 0.1000
2025-11-23 16:15:08,405 [INFO]   Exploration Rate: 10.0%
2025-11-23 16:15:08,405 [INFO]   Total Updates: 4923
2025-11-23 16:15:08,405 [INFO]   Memory: 7814/15000 (52.1%)
2025-11-23 16:15:08,405 [INFO]   Q-Values: Î¼=11.6032, Ïƒ=1.5842
2025-11-23 16:15:08,405 [INFO] 
ðŸ’¡ Health Check:
2025-11-23 16:15:08,405 [INFO]   âœ… Win rate > 35% - Ready for live
2025-11-23 16:15:08,405 [INFO]   âœ… Positive P&L - Strategy profitable
2025-11-23 16:15:08,405 [INFO]   âœ… > 1000 trades - Good experience
2025-11-23 16:15:08,405 [INFO] ======================================================================
2025-11-23 16:15:08,405 [INFO] ðŸ“§ Email skipped (weekend mode)
2025-11-23 16:15:08,405 [INFO] 
======================================================================
2025-11-23 16:15:08,405 [INFO] âœ… CYCLE COMPLETE
2025-11-23 16:15:08,405 [INFO] ======================================================================
2025-11-23 16:15:08,405 [INFO] Iteration: #15 (GitHub Actions)
2025-11-23 16:15:08,405 [INFO] Mode: WEEKEND_LEARNING
2025-11-23 16:15:08,405 [INFO] RL Trades: 4923
2025-11-23 16:15:08,405 [INFO] Pipeline Trades: 0
2025-11-23 16:15:08,405 [INFO] Win Rate: 42.6%
2025-11-23 16:15:08,405 [INFO] Total P&L: $49.81
2025-11-23 16:15:08,405 [INFO] Active Trades: 0
2025-11-23 16:15:08,405 [INFO] Epsilon: 0.100
2025-11-23 16:15:08,405 [INFO] Memory: 7814 samples
2025-11-23 16:15:08,405 [INFO] 
âœ… Agent ready for cautious live trading
2025-11-23 16:15:08,406 [INFO] 
ðŸ§  Cycle complete (Iteration #15)
