2025-11-23 18:47:10,152 [INFO] ðŸ’° LIVE TRADING MODE ACTIVE
2025-11-23 18:47:10,162 [INFO] ======================================================================
2025-11-23 18:47:10,162 [INFO] ðŸ§  TRADE BEACON v18.1 - FIXED WEEKEND LEARNING
2025-11-23 18:47:10,162 [INFO] ======================================================================
2025-11-23 18:47:10,162 [INFO] ðŸ“… Mode: WEEKEND_LEARNING
2025-11-23 18:47:10,163 [INFO] âœ… Loaded: omega_iteration.json
2025-11-23 18:47:10,164 [INFO] ðŸ’¾ Saved: omega_iteration.json
2025-11-23 18:47:10,443 [INFO] âœ… Loaded: experience_replay.json.gz
2025-11-23 18:47:10,454 [INFO] âœ… Loaded 9415 experiences
2025-11-23 18:47:10,467 [INFO] âœ… Loaded: network_weights.json
2025-11-23 18:47:10,468 [INFO] âœ… Loaded Q-networks
2025-11-23 18:47:10,471 [INFO] âœ… Loaded: learning_stats.json
2025-11-23 18:47:10,471 [INFO] âœ… Loaded stats: 6524 trades
2025-11-23 18:47:10,472 [INFO] ðŸ§  RL Agent initialized: 9415 experiences
2025-11-23 18:47:10,472 [INFO] âœ… Connected to pipeline database
2025-11-23 18:47:10,472 [INFO] 
ðŸ“Š Iteration #20 | GitHub Actions | WEEKEND_LEARNING
2025-11-23 18:47:10,472 [INFO] ðŸ“‚ Loading data from: /home/runner/work/forex-ai-models/forex-ai-models/data/processed
2025-11-23 18:47:10,492 [INFO] âœ… EUR/USD [1h]: 5571 rows
2025-11-23 18:47:10,498 [INFO] âœ… EUR/USD [1d]: 1303 rows
2025-11-23 18:47:10,524 [INFO] âœ… EUR/USD [1h]: 9880 rows
2025-11-23 18:47:10,554 [INFO] âœ… EUR/USD [1h]: 12379 rows
2025-11-23 18:47:10,571 [INFO] âœ… EUR/USD [1h]: 6510 rows
2025-11-23 18:47:10,587 [INFO] âœ… GBP/USD [1h]: 5566 rows
2025-11-23 18:47:10,617 [INFO] âœ… GBP/USD [1h]: 12380 rows
2025-11-23 18:47:10,635 [INFO] âœ… GBP/USD [1h]: 6510 rows
2025-11-23 18:47:10,740 [INFO] âœ… GBP/USD [1h]: 9882 rows
2025-11-23 18:47:10,747 [INFO] âœ… GBP/USD [1d]: 1303 rows
2025-11-23 18:47:10,753 [INFO] âœ… USD/JPY [1d]: 1303 rows
2025-11-23 18:47:10,783 [INFO] âœ… USD/JPY [1h]: 12307 rows
2025-11-23 18:47:10,801 [INFO] âœ… USD/JPY [1h]: 6493 rows
2025-11-23 18:47:10,826 [INFO] âœ… USD/JPY [1h]: 9833 rows
2025-11-23 18:47:10,842 [INFO] âœ… USD/JPY [1h]: 5544 rows
2025-11-23 18:47:10,855 [INFO] âœ… AUD/USD [1h]: 4943 rows
2025-11-23 18:47:10,871 [INFO] âœ… AUD/USD [1h]: 5583 rows
2025-11-23 18:47:10,877 [INFO] âœ… AUD/USD [1d]: 1303 rows
2025-11-23 18:47:10,894 [INFO] âœ… AUD/USD [1h]: 6521 rows
2025-11-23 18:47:10,925 [INFO] âœ… AUD/USD [1h]: 12446 rows
2025-11-23 18:47:10,925 [INFO] âœ… Loaded 4 pairs
2025-11-23 18:47:10,925 [WARNING] âš ï¸ Load failed: Not a gzipped file (b'{\n')
2025-11-23 18:47:10,925 [INFO] 
ðŸ’¾ Syncing with Pipeline Database...
2025-11-23 18:47:10,926 [INFO] â„¹ï¸ No new pipeline trades to learn from
2025-11-23 18:47:10,926 [INFO] 
ðŸ’¾ Pipeline Stats:
2025-11-23 18:47:10,926 [INFO]   Total Trades: 0
2025-11-23 18:47:10,926 [INFO]   Win Rate: 0.0%
2025-11-23 18:47:10,926 [INFO]   Total P&L: $0.00000
2025-11-23 18:47:10,926 [INFO]   Trades Learned by RL: 0
2025-11-23 18:47:10,926 [INFO] 
ðŸŽ“ WEEKEND LEARNING MODE: Running backtest (FIXED)...
2025-11-23 18:47:10,926 [INFO]   ðŸ“Š EUR/USD: Testing 499 sample points
2025-11-23 18:47:12,257 [INFO] ðŸŽ¯ Target network updated (#25)
2025-11-23 18:47:13,170 [INFO] ðŸŽ¯ Target network updated (#50)
2025-11-23 18:47:14,050 [INFO]   ðŸ“Š GBP/USD: Testing 499 sample points
2025-11-23 18:47:14,370 [INFO] ðŸŽ¯ Target network updated (#75)
2025-11-23 18:47:15,261 [INFO] ðŸŽ¯ Target network updated (#100)
2025-11-23 18:47:15,981 [INFO] ðŸŽ¯ Target network updated (#125)
2025-11-23 18:47:17,026 [INFO] ðŸŽ¯ Target network updated (#150)
2025-11-23 18:47:17,601 [INFO]   ðŸ“Š USD/JPY: Testing 499 sample points
2025-11-23 18:47:17,824 [INFO] ðŸŽ¯ Target network updated (#175)
2025-11-23 18:47:18,207 [INFO] ðŸŽ¯ Target network updated (#200)
2025-11-23 18:47:18,616 [INFO] ðŸŽ¯ Target network updated (#225)
2025-11-23 18:47:19,103 [INFO] ðŸŽ¯ Target network updated (#250)
2025-11-23 18:47:19,526 [INFO] ðŸŽ¯ Target network updated (#275)
2025-11-23 18:47:20,234 [INFO] ðŸŽ¯ Target network updated (#300)
2025-11-23 18:47:20,811 [INFO] ðŸŽ¯ Target network updated (#325)
2025-11-23 18:47:21,383 [INFO] ðŸŽ¯ Target network updated (#350)
2025-11-23 18:47:21,941 [INFO] ðŸŽ¯ Target network updated (#375)
2025-11-23 18:47:21,956 [INFO]   ðŸ“Š AUD/USD: Testing 499 sample points
2025-11-23 18:47:22,911 [INFO] ðŸŽ¯ Target network updated (#400)
2025-11-23 18:47:24,041 [INFO] ðŸŽ¯ Target network updated (#425)
2025-11-23 18:47:25,031 [INFO] ðŸŽ¯ Target network updated (#450)
2025-11-23 18:47:25,604 [INFO] 
ðŸ“Š Weekend Backtest Results by Pair:
2025-11-23 18:47:25,604 [INFO]   EUR/USD: 69 trades
2025-11-23 18:47:25,604 [INFO]   GBP/USD: 94 trades
2025-11-23 18:47:25,604 [INFO]   USD/JPY: 212 trades
2025-11-23 18:47:25,604 [INFO]   AUD/USD: 85 trades
2025-11-23 18:47:25,604 [INFO] âœ… Weekend backtest: 460 trades learned
2025-11-23 18:47:25,605 [INFO] ðŸ“Š Backtest Performance:
2025-11-23 18:47:25,605 [INFO]   Wins: 199/460 (43.3%)
2025-11-23 18:47:25,605 [INFO]   Avg Reward: 59.68
2025-11-23 18:47:25,605 [INFO]   Total P&L: $8.81375
2025-11-23 18:47:25,605 [INFO] ðŸŽ“ Weekend: 460 backtest + 0 pipeline = 460 total
2025-11-23 18:47:25,605 [INFO] 
ðŸ’¹ Fetching prices...
2025-11-23 18:47:25,605 [INFO] 
ðŸ” Checking trades...
2025-11-23 18:47:25,606 [INFO] 
ðŸ§  Generating signals...
2025-11-23 18:47:25,611 [INFO]   EUR/USD: Q=-0.426, Conf=100.0%, Thresh=25.0%, HOLD
2025-11-23 18:47:25,617 [INFO]   GBP/USD: Q=-2.105, Conf=100.0%, Thresh=25.0%, HOLD
2025-11-23 18:47:25,622 [INFO]   USD/JPY: Q=25.942, Conf=100.0%, Thresh=25.0%, HOLD
2025-11-23 18:47:25,627 [INFO]   AUD/USD: Q=1.498, Conf=100.0%, Thresh=25.0%, HOLD
2025-11-23 18:47:25,628 [INFO] 
ðŸ’¾ Saving...
2025-11-23 18:47:25,666 [INFO] ðŸ’¾ Saved: omega_signals.json
2025-11-23 18:47:27,944 [INFO] ðŸ’¾ Saved: experience_replay.json.gz
2025-11-23 18:47:28,063 [INFO] ðŸ’¾ Saved: network_weights.json
2025-11-23 18:47:28,103 [INFO] ðŸ’¾ Saved: learning_stats.json
2025-11-23 18:47:28,103 [INFO] ðŸ’¾ RL state saved: 9875 experiences, 6984 trades
2025-11-23 18:47:28,109 [INFO] 
======================================================================
2025-11-23 18:47:28,109 [INFO] ðŸ“Š RL AGENT DIAGNOSTICS
2025-11-23 18:47:28,109 [INFO] ======================================================================
2025-11-23 18:47:28,109 [INFO] 
ðŸŽ¯ Overall Performance:
2025-11-23 18:47:28,109 [INFO]   Total Trades: 6984
2025-11-23 18:47:28,109 [INFO]   Win Rate: 42.5%
2025-11-23 18:47:28,109 [INFO]   Total P&L: $87.82
2025-11-23 18:47:28,109 [INFO]   Avg Reward: 51.98
2025-11-23 18:47:28,109 [INFO]   Profitable Trades: 2969
2025-11-23 18:47:28,109 [INFO] 
ðŸ§  Learning Status:
2025-11-23 18:47:28,109 [INFO]   Current Epsilon: 0.1000
2025-11-23 18:47:28,109 [INFO]   Exploration Rate: 10.0%
2025-11-23 18:47:28,109 [INFO]   Total Updates: 6984
2025-11-23 18:47:28,109 [INFO]   Memory: 9875/15000 (65.8%)
2025-11-23 18:47:28,109 [INFO]   Q-Values: Î¼=12.3530, Ïƒ=3.5220
2025-11-23 18:47:28,109 [INFO] 
ðŸ’¡ Health Check:
2025-11-23 18:47:28,109 [INFO]   âœ… Win rate > 35% - Ready for live
2025-11-23 18:47:28,110 [INFO]   âœ… Positive P&L - Strategy profitable
2025-11-23 18:47:28,110 [INFO]   âœ… > 1000 trades - Good experience
2025-11-23 18:47:28,110 [INFO] ======================================================================
2025-11-23 18:47:28,110 [INFO] ðŸ“§ Email skipped (weekend mode)
2025-11-23 18:47:28,110 [INFO] 
======================================================================
2025-11-23 18:47:28,110 [INFO] âœ… CYCLE COMPLETE
2025-11-23 18:47:28,110 [INFO] ======================================================================
2025-11-23 18:47:28,110 [INFO] Iteration: #20 (GitHub Actions)
2025-11-23 18:47:28,110 [INFO] Mode: WEEKEND_LEARNING
2025-11-23 18:47:28,110 [INFO] RL Trades: 6984
2025-11-23 18:47:28,110 [INFO] Pipeline Trades: 0
2025-11-23 18:47:28,110 [INFO] Win Rate: 42.5%
2025-11-23 18:47:28,110 [INFO] Total P&L: $87.82
2025-11-23 18:47:28,110 [INFO] Active Trades: 0
2025-11-23 18:47:28,110 [INFO] Epsilon: 0.100
2025-11-23 18:47:28,110 [INFO] Memory: 9875 samples
2025-11-23 18:47:28,110 [INFO] 
âœ… Agent ready for cautious live trading
2025-11-23 18:47:28,110 [INFO] 
ðŸ§  Cycle complete (Iteration #20)
