2025-11-23 12:59:31,295 [INFO] ðŸ’° LIVE TRADING MODE ACTIVE
2025-11-23 12:59:31,306 [INFO] ======================================================================
2025-11-23 12:59:31,306 [INFO] ðŸ§  TRADE BEACON v18.1 - FIXED WEEKEND LEARNING
2025-11-23 12:59:31,306 [INFO] ======================================================================
2025-11-23 12:59:31,306 [INFO] ðŸ“… Mode: WEEKEND_LEARNING
2025-11-23 12:59:31,306 [INFO] âœ… Loaded: omega_iteration.json
2025-11-23 12:59:31,307 [INFO] ðŸ’¾ Saved: omega_iteration.json
2025-11-23 12:59:31,496 [INFO] âœ… Loaded: experience_replay.json.gz
2025-11-23 12:59:31,502 [INFO] âœ… Loaded 5057 experiences
2025-11-23 12:59:31,515 [INFO] âœ… Loaded: network_weights.json
2025-11-23 12:59:31,516 [INFO] âœ… Loaded Q-networks
2025-11-23 12:59:31,517 [INFO] âœ… Loaded: learning_stats.json
2025-11-23 12:59:31,517 [INFO] âœ… Loaded stats: 2166 trades
2025-11-23 12:59:31,518 [INFO] ðŸ§  RL Agent initialized: 5057 experiences
2025-11-23 12:59:31,518 [INFO] âœ… Connected to pipeline database
2025-11-23 12:59:31,518 [INFO] 
ðŸ“Š Iteration #8 | GitHub Actions | WEEKEND_LEARNING
2025-11-23 12:59:31,518 [INFO] ðŸ“‚ Loading data from: /home/runner/work/forex-ai-models/forex-ai-models/data/processed
2025-11-23 12:59:31,536 [INFO] âœ… EUR/USD [1h]: 5571 rows
2025-11-23 12:59:31,543 [INFO] âœ… EUR/USD [1d]: 1302 rows
2025-11-23 12:59:31,570 [INFO] âœ… EUR/USD [1h]: 9880 rows
2025-11-23 12:59:31,602 [INFO] âœ… EUR/USD [1h]: 12379 rows
2025-11-23 12:59:31,620 [INFO] âœ… EUR/USD [1h]: 6511 rows
2025-11-23 12:59:31,637 [INFO] âœ… GBP/USD [1h]: 5566 rows
2025-11-23 12:59:31,669 [INFO] âœ… GBP/USD [1h]: 12380 rows
2025-11-23 12:59:31,688 [INFO] âœ… GBP/USD [1h]: 6510 rows
2025-11-23 12:59:31,715 [INFO] âœ… GBP/USD [1h]: 9882 rows
2025-11-23 12:59:31,723 [INFO] âœ… GBP/USD [1d]: 1303 rows
2025-11-23 12:59:31,730 [INFO] âœ… USD/JPY [1d]: 1302 rows
2025-11-23 12:59:31,761 [INFO] âœ… USD/JPY [1h]: 12307 rows
2025-11-23 12:59:31,781 [INFO] âœ… USD/JPY [1h]: 6493 rows
2025-11-23 12:59:31,807 [INFO] âœ… USD/JPY [1h]: 9825 rows
2025-11-23 12:59:31,824 [INFO] âœ… USD/JPY [1h]: 5544 rows
2025-11-23 12:59:31,925 [INFO] âœ… AUD/USD [1h]: 4943 rows
2025-11-23 12:59:31,942 [INFO] âœ… AUD/USD [1h]: 5583 rows
2025-11-23 12:59:31,949 [INFO] âœ… AUD/USD [1d]: 1303 rows
2025-11-23 12:59:31,967 [INFO] âœ… AUD/USD [1h]: 6521 rows
2025-11-23 12:59:31,999 [INFO] âœ… AUD/USD [1h]: 12447 rows
2025-11-23 12:59:32,000 [INFO] âœ… Loaded 4 pairs
2025-11-23 12:59:32,000 [WARNING] âš ï¸ Load failed: Not a gzipped file (b'{\n')
2025-11-23 12:59:32,000 [INFO] 
ðŸ’¾ Syncing with Pipeline Database...
2025-11-23 12:59:32,000 [INFO] â„¹ï¸ No new pipeline trades to learn from
2025-11-23 12:59:32,000 [INFO] 
ðŸ’¾ Pipeline Stats:
2025-11-23 12:59:32,000 [INFO]   Total Trades: 0
2025-11-23 12:59:32,001 [INFO]   Win Rate: 0.0%
2025-11-23 12:59:32,001 [INFO]   Total P&L: $0.00000
2025-11-23 12:59:32,001 [INFO]   Trades Learned by RL: 0
2025-11-23 12:59:32,001 [INFO] 
ðŸŽ“ WEEKEND LEARNING MODE: Running backtest (FIXED)...
2025-11-23 12:59:32,001 [INFO]   ðŸ“Š EUR/USD: Testing 499 sample points
2025-11-23 12:59:33,070 [INFO] ðŸŽ¯ Target network updated (#25)
2025-11-23 12:59:33,825 [INFO] ðŸŽ¯ Target network updated (#50)
2025-11-23 12:59:34,666 [INFO] ðŸŽ¯ Target network updated (#75)
2025-11-23 12:59:35,499 [INFO]   ðŸ“Š GBP/USD: Testing 499 sample points
2025-11-23 12:59:35,597 [INFO] ðŸŽ¯ Target network updated (#100)
2025-11-23 12:59:36,924 [INFO] ðŸŽ¯ Target network updated (#125)
2025-11-23 12:59:37,989 [INFO] ðŸŽ¯ Target network updated (#150)
2025-11-23 12:59:39,006 [INFO]   ðŸ“Š USD/JPY: Testing 499 sample points
2025-11-23 12:59:39,073 [INFO] ðŸŽ¯ Target network updated (#175)
2025-11-23 12:59:39,809 [INFO] ðŸŽ¯ Target network updated (#200)
2025-11-23 12:59:40,684 [INFO] ðŸŽ¯ Target network updated (#225)
2025-11-23 12:59:41,342 [INFO] ðŸŽ¯ Target network updated (#250)
2025-11-23 12:59:42,200 [INFO] ðŸŽ¯ Target network updated (#275)
2025-11-23 12:59:42,532 [INFO]   ðŸ“Š AUD/USD: Testing 499 sample points
2025-11-23 12:59:43,303 [INFO] ðŸŽ¯ Target network updated (#300)
2025-11-23 12:59:44,527 [INFO] ðŸŽ¯ Target network updated (#325)
2025-11-23 12:59:45,355 [INFO] ðŸŽ¯ Target network updated (#350)
2025-11-23 12:59:46,325 [INFO] ðŸŽ¯ Target network updated (#375)
2025-11-23 12:59:46,435 [INFO] 
ðŸ“Š Weekend Backtest Results by Pair:
2025-11-23 12:59:46,435 [INFO]   EUR/USD: 96 trades
2025-11-23 12:59:46,435 [INFO]   GBP/USD: 75 trades
2025-11-23 12:59:46,435 [INFO]   USD/JPY: 110 trades
2025-11-23 12:59:46,436 [INFO]   AUD/USD: 98 trades
2025-11-23 12:59:46,436 [INFO] âœ… Weekend backtest: 379 trades learned
2025-11-23 12:59:46,436 [INFO] ðŸ“Š Backtest Performance:
2025-11-23 12:59:46,436 [INFO]   Wins: 158/379 (41.7%)
2025-11-23 12:59:46,436 [INFO]   Avg Reward: 42.15
2025-11-23 12:59:46,436 [INFO]   Total P&L: $0.26835
2025-11-23 12:59:46,436 [INFO] ðŸŽ“ Weekend: 379 backtest + 0 pipeline = 379 total
2025-11-23 12:59:46,436 [INFO] 
ðŸ’¹ Fetching prices...
2025-11-23 12:59:46,437 [INFO] 
ðŸ” Checking trades...
2025-11-23 12:59:46,437 [INFO] 
ðŸ§  Generating signals...
2025-11-23 12:59:46,442 [INFO]   EUR/USD: Q=6.792, Conf=100.0%, Thresh=25.0%, HOLD
2025-11-23 12:59:46,448 [INFO]   GBP/USD: Q=7.251, Conf=100.0%, Thresh=25.0%, HOLD
2025-11-23 12:59:46,453 [INFO]   USD/JPY: Q=15.429, Conf=100.0%, Thresh=25.0%, HOLD
2025-11-23 12:59:46,459 [INFO]   AUD/USD: Q=5.493, Conf=100.0%, Thresh=25.0%, HOLD
2025-11-23 12:59:46,459 [INFO] 
ðŸ’¾ Saving...
2025-11-23 12:59:46,475 [INFO] ðŸ’¾ Saved: omega_signals.json
2025-11-23 12:59:47,682 [INFO] ðŸ’¾ Saved: experience_replay.json.gz
2025-11-23 12:59:47,801 [INFO] ðŸ’¾ Saved: network_weights.json
2025-11-23 12:59:47,817 [INFO] ðŸ’¾ Saved: learning_stats.json
2025-11-23 12:59:47,817 [INFO] ðŸ’¾ RL state saved: 5436 experiences, 2545 trades
2025-11-23 12:59:47,821 [INFO] 
======================================================================
2025-11-23 12:59:47,821 [INFO] ðŸ“Š RL AGENT DIAGNOSTICS
2025-11-23 12:59:47,821 [INFO] ======================================================================
2025-11-23 12:59:47,821 [INFO] 
ðŸŽ¯ Overall Performance:
2025-11-23 12:59:47,821 [INFO]   Total Trades: 2545
2025-11-23 12:59:47,821 [INFO]   Win Rate: 43.8%
2025-11-23 12:59:47,821 [INFO]   Total P&L: $35.67
2025-11-23 12:59:47,821 [INFO]   Avg Reward: 58.37
2025-11-23 12:59:47,821 [INFO]   Profitable Trades: 1114
2025-11-23 12:59:47,821 [INFO] 
ðŸ§  Learning Status:
2025-11-23 12:59:47,821 [INFO]   Current Epsilon: 0.1000
2025-11-23 12:59:47,821 [INFO]   Exploration Rate: 10.0%
2025-11-23 12:59:47,821 [INFO]   Total Updates: 2545
2025-11-23 12:59:47,821 [INFO]   Memory: 5436/15000 (36.2%)
2025-11-23 12:59:47,821 [INFO]   Q-Values: Î¼=18.8138, Ïƒ=1.4932
2025-11-23 12:59:47,822 [INFO] 
ðŸ’¡ Health Check:
2025-11-23 12:59:47,822 [INFO]   âœ… Win rate > 35% - Ready for live
2025-11-23 12:59:47,822 [INFO]   âœ… Positive P&L - Strategy profitable
2025-11-23 12:59:47,822 [INFO]   âœ… > 1000 trades - Good experience
2025-11-23 12:59:47,822 [INFO] ======================================================================
2025-11-23 12:59:47,822 [INFO] ðŸ“§ Email skipped (weekend mode)
2025-11-23 12:59:47,822 [INFO] 
======================================================================
2025-11-23 12:59:47,822 [INFO] âœ… CYCLE COMPLETE
2025-11-23 12:59:47,822 [INFO] ======================================================================
2025-11-23 12:59:47,822 [INFO] Iteration: #8 (GitHub Actions)
2025-11-23 12:59:47,822 [INFO] Mode: WEEKEND_LEARNING
2025-11-23 12:59:47,822 [INFO] RL Trades: 2545
2025-11-23 12:59:47,822 [INFO] Pipeline Trades: 0
2025-11-23 12:59:47,822 [INFO] Win Rate: 43.8%
2025-11-23 12:59:47,822 [INFO] Total P&L: $35.67
2025-11-23 12:59:47,822 [INFO] Active Trades: 0
2025-11-23 12:59:47,822 [INFO] Epsilon: 0.100
2025-11-23 12:59:47,822 [INFO] Memory: 5436 samples
2025-11-23 12:59:47,822 [INFO] 
âœ… Agent ready for cautious live trading
2025-11-23 12:59:47,822 [INFO] 
ðŸ§  Cycle complete (Iteration #8)
