2025-11-23 23:37:15,057 [INFO] ðŸ’° LIVE TRADING MODE ACTIVE
2025-11-23 23:37:15,067 [INFO] ======================================================================
2025-11-23 23:37:15,067 [INFO] ðŸ§  TRADE BEACON v18.1 - FIXED WEEKEND LEARNING
2025-11-23 23:37:15,067 [INFO] ======================================================================
2025-11-23 23:37:15,067 [INFO] ðŸ“… Mode: WEEKEND_LEARNING
2025-11-23 23:37:15,068 [INFO] âœ… Loaded: omega_iteration.json
2025-11-23 23:37:15,068 [INFO] ðŸ’¾ Saved: omega_iteration.json
2025-11-23 23:37:15,449 [INFO] âœ… Loaded: experience_replay.json.gz
2025-11-23 23:37:15,465 [INFO] âœ… Loaded 14275 experiences
2025-11-23 23:37:15,477 [INFO] âœ… Loaded: network_weights.json
2025-11-23 23:37:15,478 [INFO] âœ… Loaded Q-networks
2025-11-23 23:37:15,483 [INFO] âœ… Loaded: learning_stats.json
2025-11-23 23:37:15,483 [INFO] âœ… Loaded stats: 11384 trades
2025-11-23 23:37:15,484 [INFO] ðŸ§  RL Agent initialized: 14275 experiences
2025-11-23 23:37:15,484 [INFO] âœ… Connected to pipeline database
2025-11-23 23:37:15,485 [INFO] 
ðŸ“Š Iteration #30 | GitHub Actions | WEEKEND_LEARNING
2025-11-23 23:37:15,485 [INFO] ðŸ“‚ Loading data from: /home/runner/work/forex-ai-models/forex-ai-models/data/processed
2025-11-23 23:37:15,504 [INFO] âœ… EUR/USD [1h]: 5571 rows
2025-11-23 23:37:15,511 [INFO] âœ… EUR/USD [1d]: 1303 rows
2025-11-23 23:37:15,536 [INFO] âœ… EUR/USD [1h]: 9880 rows
2025-11-23 23:37:15,567 [INFO] âœ… EUR/USD [1h]: 12379 rows
2025-11-23 23:37:15,669 [INFO] âœ… EUR/USD [1h]: 6510 rows
2025-11-23 23:37:15,686 [INFO] âœ… GBP/USD [1h]: 5585 rows
2025-11-23 23:37:15,716 [INFO] âœ… GBP/USD [1h]: 12380 rows
2025-11-23 23:37:15,734 [INFO] âœ… GBP/USD [1h]: 6510 rows
2025-11-23 23:37:15,758 [INFO] âœ… GBP/USD [1h]: 9882 rows
2025-11-23 23:37:15,765 [INFO] âœ… GBP/USD [1d]: 1303 rows
2025-11-23 23:37:15,772 [INFO] âœ… USD/JPY [1d]: 1303 rows
2025-11-23 23:37:15,802 [INFO] âœ… USD/JPY [1h]: 12311 rows
2025-11-23 23:37:15,819 [INFO] âœ… USD/JPY [1h]: 6493 rows
2025-11-23 23:37:15,844 [INFO] âœ… USD/JPY [1h]: 9833 rows
2025-11-23 23:37:15,860 [INFO] âœ… USD/JPY [1h]: 5544 rows
2025-11-23 23:37:15,874 [INFO] âœ… AUD/USD [1h]: 4943 rows
2025-11-23 23:37:15,890 [INFO] âœ… AUD/USD [1h]: 5583 rows
2025-11-23 23:37:15,897 [INFO] âœ… AUD/USD [1d]: 1303 rows
2025-11-23 23:37:15,914 [INFO] âœ… AUD/USD [1h]: 6521 rows
2025-11-23 23:37:15,944 [INFO] âœ… AUD/USD [1h]: 12446 rows
2025-11-23 23:37:15,944 [INFO] âœ… Loaded 4 pairs
2025-11-23 23:37:15,945 [WARNING] âš ï¸ Load failed: Not a gzipped file (b'{\n')
2025-11-23 23:37:15,945 [INFO] 
ðŸ’¾ Syncing with Pipeline Database...
2025-11-23 23:37:15,945 [INFO] â„¹ï¸ No new pipeline trades to learn from
2025-11-23 23:37:15,945 [INFO] 
ðŸ’¾ Pipeline Stats:
2025-11-23 23:37:15,945 [INFO]   Total Trades: 0
2025-11-23 23:37:15,945 [INFO]   Win Rate: 0.0%
2025-11-23 23:37:15,945 [INFO]   Total P&L: $0.00000
2025-11-23 23:37:15,945 [INFO]   Trades Learned by RL: 0
2025-11-23 23:37:15,945 [INFO] 
ðŸŽ“ WEEKEND LEARNING MODE: Running backtest (FIXED)...
2025-11-23 23:37:15,945 [INFO]   ðŸ“Š EUR/USD: Testing 499 sample points
2025-11-23 23:37:16,673 [INFO] ðŸŽ¯ Target network updated (#25)
2025-11-23 23:37:17,524 [INFO] ðŸŽ¯ Target network updated (#50)
2025-11-23 23:37:18,546 [INFO] ðŸŽ¯ Target network updated (#75)
2025-11-23 23:37:19,295 [INFO]   ðŸ“Š GBP/USD: Testing 499 sample points
2025-11-23 23:37:19,557 [INFO] ðŸŽ¯ Target network updated (#100)
2025-11-23 23:37:20,522 [INFO] ðŸŽ¯ Target network updated (#125)
2025-11-23 23:37:21,411 [INFO] ðŸŽ¯ Target network updated (#150)
2025-11-23 23:37:22,538 [INFO] ðŸŽ¯ Target network updated (#175)
2025-11-23 23:37:22,806 [INFO]   ðŸ“Š USD/JPY: Testing 499 sample points
2025-11-23 23:37:23,139 [INFO] ðŸŽ¯ Target network updated (#200)
2025-11-23 23:37:23,595 [INFO] ðŸŽ¯ Target network updated (#225)
2025-11-23 23:37:24,066 [INFO] ðŸŽ¯ Target network updated (#250)
2025-11-23 23:37:24,451 [INFO] ðŸŽ¯ Target network updated (#275)
2025-11-23 23:37:25,015 [INFO] ðŸŽ¯ Target network updated (#300)
2025-11-23 23:37:25,483 [INFO] ðŸŽ¯ Target network updated (#325)
2025-11-23 23:37:25,972 [INFO] ðŸŽ¯ Target network updated (#350)
2025-11-23 23:37:26,478 [INFO] ðŸŽ¯ Target network updated (#375)
2025-11-23 23:37:27,047 [INFO] ðŸŽ¯ Target network updated (#400)
2025-11-23 23:37:27,451 [INFO]   ðŸ“Š AUD/USD: Testing 499 sample points
2025-11-23 23:37:27,558 [INFO] ðŸŽ¯ Target network updated (#425)
2025-11-23 23:37:28,577 [INFO] ðŸŽ¯ Target network updated (#450)
2025-11-23 23:37:29,841 [INFO] ðŸŽ¯ Target network updated (#475)
2025-11-23 23:37:31,119 [INFO] 
ðŸ“Š Weekend Backtest Results by Pair:
2025-11-23 23:37:31,119 [INFO]   EUR/USD: 93 trades
2025-11-23 23:37:31,119 [INFO]   GBP/USD: 87 trades
2025-11-23 23:37:31,119 [INFO]   USD/JPY: 244 trades
2025-11-23 23:37:31,119 [INFO]   AUD/USD: 75 trades
2025-11-23 23:37:31,119 [INFO] âœ… Weekend backtest: 499 trades learned
2025-11-23 23:37:31,120 [INFO] ðŸ“Š Backtest Performance:
2025-11-23 23:37:31,120 [INFO]   Wins: 201/499 (40.3%)
2025-11-23 23:37:31,120 [INFO]   Avg Reward: 54.89
2025-11-23 23:37:31,120 [INFO]   Total P&L: $8.65804
2025-11-23 23:37:31,120 [INFO] ðŸŽ“ Weekend: 499 backtest + 0 pipeline = 499 total
2025-11-23 23:37:31,120 [INFO] 
ðŸ’¹ Fetching prices...
2025-11-23 23:37:31,121 [INFO] 
ðŸ” Checking trades...
2025-11-23 23:37:31,121 [INFO] 
ðŸ§  Generating signals...
2025-11-23 23:37:31,126 [INFO]   EUR/USD: Q=3.464, Conf=100.0%, Thresh=25.0%, HOLD
2025-11-23 23:37:31,132 [INFO]   GBP/USD: Q=-0.703, Conf=100.0%, Thresh=25.0%, HOLD
2025-11-23 23:37:31,137 [INFO]   USD/JPY: Q=20.740, Conf=100.0%, Thresh=25.0%, HOLD
2025-11-23 23:37:31,143 [INFO]   AUD/USD: Q=5.105, Conf=100.0%, Thresh=25.0%, HOLD
2025-11-23 23:37:31,143 [INFO] 
ðŸ’¾ Saving...
2025-11-23 23:37:31,206 [INFO] ðŸ’¾ Saved: omega_signals.json
2025-11-23 23:37:34,492 [INFO] ðŸ’¾ Saved: experience_replay.json.gz
2025-11-23 23:37:34,611 [INFO] ðŸ’¾ Saved: network_weights.json
2025-11-23 23:37:34,676 [INFO] ðŸ’¾ Saved: learning_stats.json
2025-11-23 23:37:34,676 [INFO] ðŸ’¾ RL state saved: 14774 experiences, 11883 trades
2025-11-23 23:37:34,685 [INFO] 
======================================================================
2025-11-23 23:37:34,685 [INFO] ðŸ“Š RL AGENT DIAGNOSTICS
2025-11-23 23:37:34,686 [INFO] ======================================================================
2025-11-23 23:37:34,686 [INFO] 
ðŸŽ¯ Overall Performance:
2025-11-23 23:37:34,686 [INFO]   Total Trades: 11883
2025-11-23 23:37:34,686 [INFO]   Win Rate: 43.3%
2025-11-23 23:37:34,686 [INFO]   Total P&L: $195.44
2025-11-23 23:37:34,686 [INFO]   Avg Reward: 56.05
2025-11-23 23:37:34,686 [INFO]   Profitable Trades: 5141
2025-11-23 23:37:34,686 [INFO] 
ðŸ§  Learning Status:
2025-11-23 23:37:34,686 [INFO]   Current Epsilon: 0.1000
2025-11-23 23:37:34,686 [INFO]   Exploration Rate: 10.0%
2025-11-23 23:37:34,686 [INFO]   Total Updates: 11883
2025-11-23 23:37:34,686 [INFO]   Memory: 14774/15000 (98.5%)
2025-11-23 23:37:34,686 [INFO]   Q-Values: Î¼=34.4282, Ïƒ=10.2109
2025-11-23 23:37:34,686 [INFO] 
ðŸ’¡ Health Check:
2025-11-23 23:37:34,686 [INFO]   âœ… Win rate > 35% - Ready for live
2025-11-23 23:37:34,686 [INFO]   âœ… Positive P&L - Strategy profitable
2025-11-23 23:37:34,686 [INFO]   âœ… > 1000 trades - Good experience
2025-11-23 23:37:34,686 [INFO] ======================================================================
2025-11-23 23:37:34,686 [INFO] ðŸ“§ Email skipped (weekend mode)
2025-11-23 23:37:34,686 [INFO] 
======================================================================
2025-11-23 23:37:34,686 [INFO] âœ… CYCLE COMPLETE
2025-11-23 23:37:34,686 [INFO] ======================================================================
2025-11-23 23:37:34,686 [INFO] Iteration: #30 (GitHub Actions)
2025-11-23 23:37:34,686 [INFO] Mode: WEEKEND_LEARNING
2025-11-23 23:37:34,687 [INFO] RL Trades: 11883
2025-11-23 23:37:34,687 [INFO] Pipeline Trades: 0
2025-11-23 23:37:34,687 [INFO] Win Rate: 43.3%
2025-11-23 23:37:34,687 [INFO] Total P&L: $195.44
2025-11-23 23:37:34,687 [INFO] Active Trades: 0
2025-11-23 23:37:34,687 [INFO] Epsilon: 0.100
2025-11-23 23:37:34,687 [INFO] Memory: 14774 samples
2025-11-23 23:37:34,687 [INFO] 
âœ… Agent ready for cautious live trading
2025-11-23 23:37:34,687 [INFO] 
ðŸ§  Cycle complete (Iteration #30)
