2025-11-23 18:17:46,114 [INFO] ðŸ’° LIVE TRADING MODE ACTIVE
2025-11-23 18:17:46,125 [INFO] ======================================================================
2025-11-23 18:17:46,125 [INFO] ðŸ§  TRADE BEACON v18.1 - FIXED WEEKEND LEARNING
2025-11-23 18:17:46,125 [INFO] ======================================================================
2025-11-23 18:17:46,125 [INFO] ðŸ“… Mode: WEEKEND_LEARNING
2025-11-23 18:17:46,126 [INFO] âœ… Loaded: omega_iteration.json
2025-11-23 18:17:46,126 [INFO] ðŸ’¾ Saved: omega_iteration.json
2025-11-23 18:17:46,392 [INFO] âœ… Loaded: experience_replay.json.gz
2025-11-23 18:17:46,402 [INFO] âœ… Loaded 9016 experiences
2025-11-23 18:17:46,414 [INFO] âœ… Loaded: network_weights.json
2025-11-23 18:17:46,415 [INFO] âœ… Loaded Q-networks
2025-11-23 18:17:46,418 [INFO] âœ… Loaded: learning_stats.json
2025-11-23 18:17:46,418 [INFO] âœ… Loaded stats: 6125 trades
2025-11-23 18:17:46,419 [INFO] ðŸ§  RL Agent initialized: 9016 experiences
2025-11-23 18:17:46,419 [INFO] âœ… Connected to pipeline database
2025-11-23 18:17:46,419 [INFO] 
ðŸ“Š Iteration #19 | GitHub Actions | WEEKEND_LEARNING
2025-11-23 18:17:46,419 [INFO] ðŸ“‚ Loading data from: /home/runner/work/forex-ai-models/forex-ai-models/data/processed
2025-11-23 18:17:46,437 [INFO] âœ… EUR/USD [1h]: 5585 rows
2025-11-23 18:17:46,444 [INFO] âœ… EUR/USD [1d]: 1303 rows
2025-11-23 18:17:46,470 [INFO] âœ… EUR/USD [1h]: 9869 rows
2025-11-23 18:17:46,501 [INFO] âœ… EUR/USD [1h]: 12381 rows
2025-11-23 18:17:46,518 [INFO] âœ… EUR/USD [1h]: 6511 rows
2025-11-23 18:17:46,535 [INFO] âœ… GBP/USD [1h]: 5585 rows
2025-11-23 18:17:46,565 [INFO] âœ… GBP/USD [1h]: 12381 rows
2025-11-23 18:17:46,669 [INFO] âœ… GBP/USD [1h]: 6511 rows
2025-11-23 18:17:46,695 [INFO] âœ… GBP/USD [1h]: 9869 rows
2025-11-23 18:17:46,702 [INFO] âœ… GBP/USD [1d]: 1303 rows
2025-11-23 18:17:46,709 [INFO] âœ… USD/JPY [1d]: 1302 rows
2025-11-23 18:17:46,740 [INFO] âœ… USD/JPY [1h]: 12311 rows
2025-11-23 18:17:46,759 [INFO] âœ… USD/JPY [1h]: 6493 rows
2025-11-23 18:17:46,786 [INFO] âœ… USD/JPY [1h]: 9825 rows
2025-11-23 18:17:46,802 [INFO] âœ… USD/JPY [1h]: 5566 rows
2025-11-23 18:17:46,817 [INFO] âœ… AUD/USD [1h]: 4935 rows
2025-11-23 18:17:46,834 [INFO] âœ… AUD/USD [1h]: 5589 rows
2025-11-23 18:17:46,841 [INFO] âœ… AUD/USD [1d]: 1303 rows
2025-11-23 18:17:46,859 [INFO] âœ… AUD/USD [1h]: 6522 rows
2025-11-23 18:17:46,892 [INFO] âœ… AUD/USD [1h]: 12447 rows
2025-11-23 18:17:46,893 [INFO] âœ… Loaded 4 pairs
2025-11-23 18:17:46,893 [WARNING] âš ï¸ Load failed: Not a gzipped file (b'{\n')
2025-11-23 18:17:46,893 [INFO] 
ðŸ’¾ Syncing with Pipeline Database...
2025-11-23 18:17:46,893 [INFO] â„¹ï¸ No new pipeline trades to learn from
2025-11-23 18:17:46,894 [INFO] 
ðŸ’¾ Pipeline Stats:
2025-11-23 18:17:46,894 [INFO]   Total Trades: 0
2025-11-23 18:17:46,894 [INFO]   Win Rate: 0.0%
2025-11-23 18:17:46,894 [INFO]   Total P&L: $0.00000
2025-11-23 18:17:46,894 [INFO]   Trades Learned by RL: 0
2025-11-23 18:17:46,894 [INFO] 
ðŸŽ“ WEEKEND LEARNING MODE: Running backtest (FIXED)...
2025-11-23 18:17:46,894 [INFO]   ðŸ“Š EUR/USD: Testing 499 sample points
2025-11-23 18:17:47,998 [INFO] ðŸŽ¯ Target network updated (#25)
2025-11-23 18:17:48,801 [INFO] ðŸŽ¯ Target network updated (#50)
2025-11-23 18:17:49,784 [INFO] ðŸŽ¯ Target network updated (#75)
2025-11-23 18:17:50,240 [INFO]   ðŸ“Š GBP/USD: Testing 499 sample points
2025-11-23 18:17:50,922 [INFO] ðŸŽ¯ Target network updated (#100)
2025-11-23 18:17:51,947 [INFO] ðŸŽ¯ Target network updated (#125)
2025-11-23 18:17:53,094 [INFO] ðŸŽ¯ Target network updated (#150)
2025-11-23 18:17:53,713 [INFO]   ðŸ“Š USD/JPY: Testing 499 sample points
2025-11-23 18:17:53,974 [INFO] ðŸŽ¯ Target network updated (#175)
2025-11-23 18:17:54,519 [INFO] ðŸŽ¯ Target network updated (#200)
2025-11-23 18:17:55,064 [INFO] ðŸŽ¯ Target network updated (#225)
2025-11-23 18:17:55,951 [INFO] ðŸŽ¯ Target network updated (#250)
2025-11-23 18:17:56,467 [INFO] ðŸŽ¯ Target network updated (#275)
2025-11-23 18:17:57,263 [INFO] ðŸŽ¯ Target network updated (#300)
2025-11-23 18:17:57,469 [INFO]   ðŸ“Š AUD/USD: Testing 499 sample points
2025-11-23 18:17:58,159 [INFO] ðŸŽ¯ Target network updated (#325)
2025-11-23 18:17:59,191 [INFO] ðŸŽ¯ Target network updated (#350)
2025-11-23 18:18:00,106 [INFO] ðŸŽ¯ Target network updated (#375)
2025-11-23 18:18:01,254 [INFO] 
ðŸ“Š Weekend Backtest Results by Pair:
2025-11-23 18:18:01,254 [INFO]   EUR/USD: 85 trades
2025-11-23 18:18:01,254 [INFO]   GBP/USD: 78 trades
2025-11-23 18:18:01,254 [INFO]   USD/JPY: 142 trades
2025-11-23 18:18:01,254 [INFO]   AUD/USD: 94 trades
2025-11-23 18:18:01,254 [INFO] âœ… Weekend backtest: 399 trades learned
2025-11-23 18:18:01,255 [INFO] ðŸ“Š Backtest Performance:
2025-11-23 18:18:01,255 [INFO]   Wins: 174/399 (43.6%)
2025-11-23 18:18:01,255 [INFO]   Avg Reward: 56.84
2025-11-23 18:18:01,255 [INFO]   Total P&L: $9.56417
2025-11-23 18:18:01,255 [INFO] ðŸŽ“ Weekend: 399 backtest + 0 pipeline = 399 total
2025-11-23 18:18:01,255 [INFO] 
ðŸ’¹ Fetching prices...
2025-11-23 18:18:01,256 [INFO] 
ðŸ” Checking trades...
2025-11-23 18:18:01,256 [INFO] 
ðŸ§  Generating signals...
2025-11-23 18:18:01,261 [INFO]   EUR/USD: Q=0.224, Conf=100.0%, Thresh=25.0%, HOLD
2025-11-23 18:18:01,267 [INFO]   GBP/USD: Q=-0.501, Conf=100.0%, Thresh=25.0%, HOLD
2025-11-23 18:18:01,272 [INFO]   USD/JPY: Q=25.593, Conf=100.0%, Thresh=25.0%, HOLD
2025-11-23 18:18:01,278 [INFO]   AUD/USD: Q=1.463, Conf=100.0%, Thresh=25.0%, HOLD
2025-11-23 18:18:01,278 [INFO] 
ðŸ’¾ Saving...
2025-11-23 18:18:01,315 [INFO] ðŸ’¾ Saved: omega_signals.json
2025-11-23 18:18:03,512 [INFO] ðŸ’¾ Saved: experience_replay.json.gz
2025-11-23 18:18:03,631 [INFO] ðŸ’¾ Saved: network_weights.json
2025-11-23 18:18:03,670 [INFO] ðŸ’¾ Saved: learning_stats.json
2025-11-23 18:18:03,670 [INFO] ðŸ’¾ RL state saved: 9415 experiences, 6524 trades
2025-11-23 18:18:03,675 [INFO] 
======================================================================
2025-11-23 18:18:03,675 [INFO] ðŸ“Š RL AGENT DIAGNOSTICS
2025-11-23 18:18:03,675 [INFO] ======================================================================
2025-11-23 18:18:03,676 [INFO] 
ðŸŽ¯ Overall Performance:
2025-11-23 18:18:03,676 [INFO]   Total Trades: 6524
2025-11-23 18:18:03,676 [INFO]   Win Rate: 42.5%
2025-11-23 18:18:03,676 [INFO]   Total P&L: $79.01
2025-11-23 18:18:03,676 [INFO]   Avg Reward: 51.44
2025-11-23 18:18:03,676 [INFO]   Profitable Trades: 2770
2025-11-23 18:18:03,676 [INFO] 
ðŸ§  Learning Status:
2025-11-23 18:18:03,676 [INFO]   Current Epsilon: 0.1000
2025-11-23 18:18:03,676 [INFO]   Exploration Rate: 10.0%
2025-11-23 18:18:03,676 [INFO]   Total Updates: 6524
2025-11-23 18:18:03,676 [INFO]   Memory: 9415/15000 (62.8%)
2025-11-23 18:18:03,676 [INFO]   Q-Values: Î¼=11.1593, Ïƒ=2.0942
2025-11-23 18:18:03,676 [INFO] 
ðŸ’¡ Health Check:
2025-11-23 18:18:03,676 [INFO]   âœ… Win rate > 35% - Ready for live
2025-11-23 18:18:03,676 [INFO]   âœ… Positive P&L - Strategy profitable
2025-11-23 18:18:03,676 [INFO]   âœ… > 1000 trades - Good experience
2025-11-23 18:18:03,676 [INFO] ======================================================================
2025-11-23 18:18:03,676 [INFO] ðŸ“§ Email skipped (weekend mode)
2025-11-23 18:18:03,676 [INFO] 
======================================================================
2025-11-23 18:18:03,676 [INFO] âœ… CYCLE COMPLETE
2025-11-23 18:18:03,676 [INFO] ======================================================================
2025-11-23 18:18:03,676 [INFO] Iteration: #19 (GitHub Actions)
2025-11-23 18:18:03,676 [INFO] Mode: WEEKEND_LEARNING
2025-11-23 18:18:03,676 [INFO] RL Trades: 6524
2025-11-23 18:18:03,677 [INFO] Pipeline Trades: 0
2025-11-23 18:18:03,677 [INFO] Win Rate: 42.5%
2025-11-23 18:18:03,677 [INFO] Total P&L: $79.01
2025-11-23 18:18:03,677 [INFO] Active Trades: 0
2025-11-23 18:18:03,677 [INFO] Epsilon: 0.100
2025-11-23 18:18:03,677 [INFO] Memory: 9415 samples
2025-11-23 18:18:03,677 [INFO] 
âœ… Agent ready for cautious live trading
2025-11-23 18:18:03,677 [INFO] 
ðŸ§  Cycle complete (Iteration #19)
