2025-11-23 19:35:35,407 [INFO] ðŸ’° LIVE TRADING MODE ACTIVE
2025-11-23 19:35:35,419 [INFO] ======================================================================
2025-11-23 19:35:35,419 [INFO] ðŸ§  TRADE BEACON v18.1 - FIXED WEEKEND LEARNING
2025-11-23 19:35:35,419 [INFO] ======================================================================
2025-11-23 19:35:35,419 [INFO] ðŸ“… Mode: WEEKEND_LEARNING
2025-11-23 19:35:35,419 [INFO] âœ… Loaded: omega_iteration.json
2025-11-23 19:35:35,420 [INFO] ðŸ’¾ Saved: omega_iteration.json
2025-11-23 19:35:35,738 [INFO] âœ… Loaded: experience_replay.json.gz
2025-11-23 19:35:35,752 [INFO] âœ… Loaded 10454 experiences
2025-11-23 19:35:35,765 [INFO] âœ… Loaded: network_weights.json
2025-11-23 19:35:35,766 [INFO] âœ… Loaded Q-networks
2025-11-23 19:35:35,769 [INFO] âœ… Loaded: learning_stats.json
2025-11-23 19:35:35,770 [INFO] âœ… Loaded stats: 7563 trades
2025-11-23 19:35:35,771 [INFO] ðŸ§  RL Agent initialized: 10454 experiences
2025-11-23 19:35:35,771 [INFO] âœ… Connected to pipeline database
2025-11-23 19:35:35,771 [INFO] 
ðŸ“Š Iteration #22 | GitHub Actions | WEEKEND_LEARNING
2025-11-23 19:35:35,771 [INFO] ðŸ“‚ Loading data from: /home/runner/work/forex-ai-models/forex-ai-models/data/processed
2025-11-23 19:35:35,791 [INFO] âœ… EUR/USD [1h]: 5585 rows
2025-11-23 19:35:35,798 [INFO] âœ… EUR/USD [1d]: 1303 rows
2025-11-23 19:35:35,825 [INFO] âœ… EUR/USD [1h]: 9869 rows
2025-11-23 19:35:35,858 [INFO] âœ… EUR/USD [1h]: 12381 rows
2025-11-23 19:35:35,876 [INFO] âœ… EUR/USD [1h]: 6511 rows
2025-11-23 19:35:35,893 [INFO] âœ… GBP/USD [1h]: 5585 rows
2025-11-23 19:35:35,924 [INFO] âœ… GBP/USD [1h]: 12381 rows
2025-11-23 19:35:35,943 [INFO] âœ… GBP/USD [1h]: 6511 rows
2025-11-23 19:35:35,970 [INFO] âœ… GBP/USD [1h]: 9869 rows
2025-11-23 19:35:35,977 [INFO] âœ… GBP/USD [1d]: 1303 rows
2025-11-23 19:35:35,984 [INFO] âœ… USD/JPY [1d]: 1303 rows
2025-11-23 19:35:36,016 [INFO] âœ… USD/JPY [1h]: 12311 rows
2025-11-23 19:35:36,035 [INFO] âœ… USD/JPY [1h]: 6493 rows
2025-11-23 19:35:36,157 [INFO] âœ… USD/JPY [1h]: 9825 rows
2025-11-23 19:35:36,175 [INFO] âœ… USD/JPY [1h]: 5566 rows
2025-11-23 19:35:36,189 [INFO] âœ… AUD/USD [1h]: 4935 rows
2025-11-23 19:35:36,205 [INFO] âœ… AUD/USD [1h]: 5589 rows
2025-11-23 19:35:36,212 [INFO] âœ… AUD/USD [1d]: 1303 rows
2025-11-23 19:35:36,230 [INFO] âœ… AUD/USD [1h]: 6522 rows
2025-11-23 19:35:36,261 [INFO] âœ… AUD/USD [1h]: 12447 rows
2025-11-23 19:35:36,262 [INFO] âœ… Loaded 4 pairs
2025-11-23 19:35:36,262 [WARNING] âš ï¸ Load failed: Not a gzipped file (b'{\n')
2025-11-23 19:35:36,262 [INFO] 
ðŸ’¾ Syncing with Pipeline Database...
2025-11-23 19:35:36,262 [INFO] â„¹ï¸ No new pipeline trades to learn from
2025-11-23 19:35:36,263 [INFO] 
ðŸ’¾ Pipeline Stats:
2025-11-23 19:35:36,263 [INFO]   Total Trades: 0
2025-11-23 19:35:36,263 [INFO]   Win Rate: 0.0%
2025-11-23 19:35:36,263 [INFO]   Total P&L: $0.00000
2025-11-23 19:35:36,263 [INFO]   Trades Learned by RL: 0
2025-11-23 19:35:36,263 [INFO] 
ðŸŽ“ WEEKEND LEARNING MODE: Running backtest (FIXED)...
2025-11-23 19:35:36,263 [INFO]   ðŸ“Š EUR/USD: Testing 499 sample points
2025-11-23 19:35:37,343 [INFO] ðŸŽ¯ Target network updated (#25)
2025-11-23 19:35:38,245 [INFO] ðŸŽ¯ Target network updated (#50)
2025-11-23 19:35:39,195 [INFO] ðŸŽ¯ Target network updated (#75)
2025-11-23 19:35:39,529 [INFO]   ðŸ“Š GBP/USD: Testing 499 sample points
2025-11-23 19:35:40,413 [INFO] ðŸŽ¯ Target network updated (#100)
2025-11-23 19:35:41,264 [INFO] ðŸŽ¯ Target network updated (#125)
2025-11-23 19:35:42,431 [INFO] ðŸŽ¯ Target network updated (#150)
2025-11-23 19:35:42,993 [INFO]   ðŸ“Š USD/JPY: Testing 499 sample points
2025-11-23 19:35:43,219 [INFO] ðŸŽ¯ Target network updated (#175)
2025-11-23 19:35:43,766 [INFO] ðŸŽ¯ Target network updated (#200)
2025-11-23 19:35:44,216 [INFO] ðŸŽ¯ Target network updated (#225)
2025-11-23 19:35:44,575 [INFO] ðŸŽ¯ Target network updated (#250)
2025-11-23 19:35:45,157 [INFO] ðŸŽ¯ Target network updated (#275)
2025-11-23 19:35:45,675 [INFO] ðŸŽ¯ Target network updated (#300)
2025-11-23 19:35:46,204 [INFO] ðŸŽ¯ Target network updated (#325)
2025-11-23 19:35:46,728 [INFO] ðŸŽ¯ Target network updated (#350)
2025-11-23 19:35:47,281 [INFO] ðŸŽ¯ Target network updated (#375)
2025-11-23 19:35:47,463 [INFO]   ðŸ“Š AUD/USD: Testing 499 sample points
2025-11-23 19:35:47,842 [INFO] ðŸŽ¯ Target network updated (#400)
2025-11-23 19:35:48,832 [INFO] ðŸŽ¯ Target network updated (#425)
2025-11-23 19:35:49,672 [INFO] ðŸŽ¯ Target network updated (#450)
2025-11-23 19:35:50,653 [INFO] ðŸŽ¯ Target network updated (#475)
2025-11-23 19:35:51,262 [INFO] 
ðŸ“Š Weekend Backtest Results by Pair:
2025-11-23 19:35:51,262 [INFO]   EUR/USD: 83 trades
2025-11-23 19:35:51,262 [INFO]   GBP/USD: 79 trades
2025-11-23 19:35:51,262 [INFO]   USD/JPY: 225 trades
2025-11-23 19:35:51,263 [INFO]   AUD/USD: 100 trades
2025-11-23 19:35:51,263 [INFO] âœ… Weekend backtest: 487 trades learned
2025-11-23 19:35:51,263 [INFO] ðŸ“Š Backtest Performance:
2025-11-23 19:35:51,263 [INFO]   Wins: 230/487 (47.2%)
2025-11-23 19:35:51,263 [INFO]   Avg Reward: 67.93
2025-11-23 19:35:51,263 [INFO]   Total P&L: $12.03896
2025-11-23 19:35:51,263 [INFO] ðŸŽ“ Weekend: 487 backtest + 0 pipeline = 487 total
2025-11-23 19:35:51,263 [INFO] 
ðŸ’¹ Fetching prices...
2025-11-23 19:35:51,264 [INFO] 
ðŸ” Checking trades...
2025-11-23 19:35:51,264 [INFO] 
ðŸ§  Generating signals...
2025-11-23 19:35:51,269 [INFO]   EUR/USD: Q=3.291, Conf=100.0%, Thresh=25.0%, HOLD
2025-11-23 19:35:51,275 [INFO]   GBP/USD: Q=2.429, Conf=100.0%, Thresh=25.0%, HOLD
2025-11-23 19:35:51,280 [INFO]   USD/JPY: Q=38.716, Conf=100.0%, Thresh=25.0%, BUY
2025-11-23 19:35:51,285 [INFO]   AUD/USD: Q=5.154, Conf=100.0%, Thresh=25.0%, HOLD
2025-11-23 19:35:51,285 [INFO] 
ðŸ’¾ Saving...
2025-11-23 19:35:51,329 [INFO] ðŸ’¾ Saved: omega_signals.json
2025-11-23 19:35:53,847 [INFO] ðŸ’¾ Saved: experience_replay.json.gz
2025-11-23 19:35:53,967 [INFO] ðŸ’¾ Saved: network_weights.json
2025-11-23 19:35:54,012 [INFO] ðŸ’¾ Saved: learning_stats.json
2025-11-23 19:35:54,012 [INFO] ðŸ’¾ RL state saved: 10941 experiences, 8050 trades
2025-11-23 19:35:54,019 [INFO] 
======================================================================
2025-11-23 19:35:54,019 [INFO] ðŸ“Š RL AGENT DIAGNOSTICS
2025-11-23 19:35:54,019 [INFO] ======================================================================
2025-11-23 19:35:54,019 [INFO] 
ðŸŽ¯ Overall Performance:
2025-11-23 19:35:54,019 [INFO]   Total Trades: 8050
2025-11-23 19:35:54,019 [INFO]   Win Rate: 42.8%
2025-11-23 19:35:54,019 [INFO]   Total P&L: $110.28
2025-11-23 19:35:54,019 [INFO]   Avg Reward: 53.42
2025-11-23 19:35:54,019 [INFO]   Profitable Trades: 3442
2025-11-23 19:35:54,019 [INFO] 
ðŸ§  Learning Status:
2025-11-23 19:35:54,019 [INFO]   Current Epsilon: 0.1000
2025-11-23 19:35:54,019 [INFO]   Exploration Rate: 10.0%
2025-11-23 19:35:54,019 [INFO]   Total Updates: 8050
2025-11-23 19:35:54,019 [INFO]   Memory: 10941/15000 (72.9%)
2025-11-23 19:35:54,019 [INFO]   Q-Values: Î¼=28.6449, Ïƒ=7.6859
2025-11-23 19:35:54,019 [INFO] 
ðŸ’¡ Health Check:
2025-11-23 19:35:54,019 [INFO]   âœ… Win rate > 35% - Ready for live
2025-11-23 19:35:54,019 [INFO]   âœ… Positive P&L - Strategy profitable
2025-11-23 19:35:54,019 [INFO]   âœ… > 1000 trades - Good experience
2025-11-23 19:35:54,019 [INFO] ======================================================================
2025-11-23 19:35:54,019 [INFO] ðŸ“§ Email skipped (weekend mode)
2025-11-23 19:35:54,020 [INFO] 
======================================================================
2025-11-23 19:35:54,020 [INFO] âœ… CYCLE COMPLETE
2025-11-23 19:35:54,020 [INFO] ======================================================================
2025-11-23 19:35:54,020 [INFO] Iteration: #22 (GitHub Actions)
2025-11-23 19:35:54,020 [INFO] Mode: WEEKEND_LEARNING
2025-11-23 19:35:54,020 [INFO] RL Trades: 8050
2025-11-23 19:35:54,020 [INFO] Pipeline Trades: 0
2025-11-23 19:35:54,020 [INFO] Win Rate: 42.8%
2025-11-23 19:35:54,020 [INFO] Total P&L: $110.28
2025-11-23 19:35:54,020 [INFO] Active Trades: 0
2025-11-23 19:35:54,020 [INFO] Epsilon: 0.100
2025-11-23 19:35:54,020 [INFO] Memory: 10941 samples
2025-11-23 19:35:54,020 [INFO] 
âœ… Agent ready for cautious live trading
2025-11-23 19:35:54,020 [INFO] 
ðŸ§  Cycle complete (Iteration #22)
